2025-01-23 18:46:08,565 - DiningCrawler - INFO - 브라우저 시작 완료
2025-01-23 18:46:08,595 - DiningCrawler - INFO - 더 이상 '더보기' 버튼이 없습니다.
2025-01-23 18:46:08,596 - DiningCrawler - INFO - 더보기 확장 완료
2025-01-23 18:48:46,299 - DiningCrawler - INFO - 브라우저 시작 완료
2025-01-23 18:48:46,324 - DiningCrawler - INFO - 더 이상 '더보기' 버튼이 없습니다.
2025-01-23 18:48:46,325 - DiningCrawler - INFO - 더보기 확장 완료
2025-01-23 18:52:47,071 - DiningCrawler - INFO - 브라우저 시작 완료
2025-01-23 18:52:47,078 - DiningCrawler - INFO - 더 이상 '더보기' 버튼이 없습니다.
2025-01-23 18:52:47,081 - DiningCrawler - INFO - 더보기 확장 완료
2025-01-23 18:53:17,589 - DiningCrawler - INFO - 브라우저 시작 완료
2025-01-23 18:53:22,609 - DiningCrawler - INFO - 더 이상 '더보기' 버튼이 없습니다.
2025-01-23 18:53:22,609 - DiningCrawler - INFO - 더보기 확장 완료
2025-01-23 18:55:36,208 - DiningCrawler - INFO - 브라우저 시작 중...
2025-01-23 18:55:49,627 - DiningCrawler - INFO - 브라우저 시작 완료
2025-01-23 18:55:49,629 - DiningCrawler - INFO - 브라우저 시작 완료
2025-01-23 18:57:22,343 - DiningCrawler - WARNING - 더보기 버튼이 현재 상호작용할 수 없는 상태입니다.
2025-01-23 18:57:22,343 - DiningCrawler - INFO - 더보기 확장 완료
2025-01-23 18:57:22,934 - DiningCrawler - INFO - 리뷰 스크래핑 완료
2025-01-23 18:57:22,934 - DiningCrawler - INFO - 데이터 저장 시작
2025-01-23 18:57:22,981 - DiningCrawler - INFO - 데이터가 database/reviews_diningcode.csv에 저장되었습니다.
2025-01-23 19:43:42,812 - DiningCrawler - INFO - 브라우저 시작 중...
2025-01-23 20:01:00,270 - DiningCrawler - INFO - 브라우저 시작 중...
2025-01-23 20:01:10,448 - DiningCrawler - INFO - 브라우저 시작 완료
2025-01-23 20:01:10,450 - DiningCrawler - INFO - 브라우저 시작 완료
2025-01-23 20:01:15,646 - DiningCrawler - WARNING - 버튼 클릭이 방해받았습니다. 재시도 중...
2025-01-23 20:01:18,687 - DiningCrawler - WARNING - 버튼 클릭이 방해받았습니다. 재시도 중...
2025-01-23 20:01:21,728 - DiningCrawler - WARNING - 버튼 클릭이 방해받았습니다. 재시도 중...
2025-01-23 20:01:24,768 - DiningCrawler - WARNING - 버튼 클릭이 방해받았습니다. 재시도 중...
2025-01-23 20:01:27,845 - DiningCrawler - WARNING - 버튼 클릭이 방해받았습니다. 재시도 중...
2025-01-23 20:01:30,890 - DiningCrawler - WARNING - 버튼 클릭이 방해받았습니다. 재시도 중...
2025-01-23 20:01:33,933 - DiningCrawler - WARNING - 버튼 클릭이 방해받았습니다. 재시도 중...
2025-01-23 20:01:37,013 - DiningCrawler - WARNING - 버튼 클릭이 방해받았습니다. 재시도 중...
2025-01-23 20:01:40,080 - DiningCrawler - WARNING - 버튼 클릭이 방해받았습니다. 재시도 중...
2025-01-23 20:01:43,124 - DiningCrawler - WARNING - 버튼 클릭이 방해받았습니다. 재시도 중...
2025-01-23 20:01:46,205 - DiningCrawler - WARNING - 버튼 클릭이 방해받았습니다. 재시도 중...
2025-01-23 20:01:49,258 - DiningCrawler - WARNING - 버튼 클릭이 방해받았습니다. 재시도 중...
2025-01-23 20:11:50,364 - DiningCrawler - INFO - 브라우저 시작 중...
2025-01-23 20:12:00,176 - DiningCrawler - INFO - 브라우저 시작 완료
2025-01-23 20:12:00,179 - DiningCrawler - INFO - 브라우저 시작 완료
2025-01-23 20:12:44,255 - DiningCrawler - WARNING - 버튼 클릭이 방해받았습니다. 재시도 중...
2025-01-23 20:12:47,348 - DiningCrawler - WARNING - 버튼 클릭이 방해받았습니다. 재시도 중...
2025-01-23 20:12:50,441 - DiningCrawler - WARNING - 버튼 클릭이 방해받았습니다. 재시도 중...
2025-01-23 20:12:53,490 - DiningCrawler - WARNING - 버튼 클릭이 방해받았습니다. 재시도 중...
2025-01-23 20:12:56,557 - DiningCrawler - WARNING - 버튼 클릭이 방해받았습니다. 재시도 중...
2025-01-23 20:12:59,612 - DiningCrawler - WARNING - 버튼 클릭이 방해받았습니다. 재시도 중...
2025-01-23 20:13:02,659 - DiningCrawler - WARNING - 버튼 클릭이 방해받았습니다. 재시도 중...
2025-01-23 20:13:05,759 - DiningCrawler - WARNING - 버튼 클릭이 방해받았습니다. 재시도 중...
2025-01-23 20:13:08,785 - DiningCrawler - WARNING - 버튼 클릭이 방해받았습니다. 재시도 중...
2025-01-23 20:13:11,837 - DiningCrawler - WARNING - 버튼 클릭이 방해받았습니다. 재시도 중...
2025-01-23 20:13:14,904 - DiningCrawler - WARNING - 버튼 클릭이 방해받았습니다. 재시도 중...
2025-01-23 20:13:17,955 - DiningCrawler - WARNING - 버튼 클릭이 방해받았습니다. 재시도 중...
2025-01-23 20:13:21,054 - DiningCrawler - WARNING - 버튼 클릭이 방해받았습니다. 재시도 중...
2025-01-23 20:13:24,109 - DiningCrawler - WARNING - 버튼 클릭이 방해받았습니다. 재시도 중...
2025-01-23 20:13:27,170 - DiningCrawler - WARNING - 버튼 클릭이 방해받았습니다. 재시도 중...
2025-01-23 20:13:30,201 - DiningCrawler - WARNING - 버튼 클릭이 방해받았습니다. 재시도 중...
2025-01-23 20:13:33,257 - DiningCrawler - WARNING - 버튼 클릭이 방해받았습니다. 재시도 중...
2025-01-23 20:13:36,301 - DiningCrawler - WARNING - 버튼 클릭이 방해받았습니다. 재시도 중...
2025-01-23 20:13:39,345 - DiningCrawler - WARNING - 버튼 클릭이 방해받았습니다. 재시도 중...
2025-01-23 20:13:42,388 - DiningCrawler - WARNING - 버튼 클릭이 방해받았습니다. 재시도 중...
2025-01-23 20:13:45,430 - DiningCrawler - WARNING - 버튼 클릭이 방해받았습니다. 재시도 중...
2025-01-23 20:13:48,495 - DiningCrawler - WARNING - 버튼 클릭이 방해받았습니다. 재시도 중...
2025-01-23 20:13:51,600 - DiningCrawler - WARNING - 버튼 클릭이 방해받았습니다. 재시도 중...
2025-01-23 20:14:42,714 - DiningCrawler - WARNING - 더보기 버튼이 현재 상호작용할 수 없는 상태입니다.
2025-01-23 20:14:42,715 - DiningCrawler - INFO - 더보기 확장 완료
2025-01-23 20:14:43,277 - DiningCrawler - INFO - 리뷰 스크래핑 완료
2025-01-23 20:14:43,277 - DiningCrawler - INFO - 데이터 저장 시작
2025-01-23 20:14:43,279 - DiningCrawler - INFO - 데이터가 database/reviews_diningcode.csv에 저장되었습니다.
