2025-01-24 02:41:53,676 - GoogleMapsCrawler - INFO - 브라우저를 시작합니다.
2025-01-24 02:42:15,862 - GoogleMapsCrawler - INFO - 브라우저가 성공적으로 시작되었습니다.
2025-01-24 02:42:15,862 - GoogleMapsCrawler - INFO - 스크롤 영역을 탐색합니다.
2025-01-24 02:42:15,872 - GoogleMapsCrawler - INFO - 스크롤 1/100 진행 중...
2025-01-24 02:42:16,885 - GoogleMapsCrawler - INFO - 스크롤 2/100 진행 중...
2025-01-24 02:42:17,893 - GoogleMapsCrawler - INFO - 스크롤 3/100 진행 중...
2025-01-24 02:42:18,898 - GoogleMapsCrawler - INFO - 스크롤 4/100 진행 중...
2025-01-24 02:42:19,906 - GoogleMapsCrawler - INFO - 스크롤 5/100 진행 중...
2025-01-24 02:42:20,912 - GoogleMapsCrawler - INFO - 스크롤 6/100 진행 중...
2025-01-24 02:42:21,921 - GoogleMapsCrawler - INFO - 스크롤 7/100 진행 중...
2025-01-24 02:42:22,991 - GoogleMapsCrawler - INFO - 스크롤 8/100 진행 중...
2025-01-24 02:42:24,001 - GoogleMapsCrawler - INFO - 스크롤 9/100 진행 중...
2025-01-24 02:42:25,050 - GoogleMapsCrawler - INFO - 스크롤 10/100 진행 중...
2025-01-24 02:42:26,057 - GoogleMapsCrawler - INFO - 스크롤 11/100 진행 중...
2025-01-24 02:42:27,064 - GoogleMapsCrawler - INFO - 스크롤 12/100 진행 중...
2025-01-24 02:42:28,070 - GoogleMapsCrawler - INFO - 스크롤 13/100 진행 중...
2025-01-24 02:42:29,175 - GoogleMapsCrawler - INFO - 스크롤 14/100 진행 중...
2025-01-24 02:42:30,186 - GoogleMapsCrawler - INFO - 스크롤 15/100 진행 중...
2025-01-24 02:42:31,202 - GoogleMapsCrawler - INFO - 스크롤 16/100 진행 중...
2025-01-24 02:42:32,214 - GoogleMapsCrawler - INFO - 스크롤 17/100 진행 중...
2025-01-24 02:42:33,224 - GoogleMapsCrawler - INFO - 스크롤 18/100 진행 중...
2025-01-24 02:42:34,275 - GoogleMapsCrawler - INFO - 스크롤 19/100 진행 중...
2025-01-24 02:42:35,281 - GoogleMapsCrawler - INFO - 스크롤 20/100 진행 중...
2025-01-24 02:42:36,287 - GoogleMapsCrawler - INFO - 스크롤 21/100 진행 중...
2025-01-24 02:42:37,293 - GoogleMapsCrawler - INFO - 스크롤 22/100 진행 중...
2025-01-24 02:42:38,302 - GoogleMapsCrawler - INFO - 스크롤 23/100 진행 중...
2025-01-24 02:42:39,308 - GoogleMapsCrawler - INFO - 스크롤 24/100 진행 중...
2025-01-24 02:42:40,317 - GoogleMapsCrawler - INFO - 스크롤 25/100 진행 중...
2025-01-24 02:42:41,323 - GoogleMapsCrawler - INFO - 스크롤 26/100 진행 중...
2025-01-24 02:42:42,333 - GoogleMapsCrawler - INFO - 스크롤 27/100 진행 중...
2025-01-24 02:42:43,733 - GoogleMapsCrawler - INFO - 스크롤 28/100 진행 중...
2025-01-24 02:42:44,988 - GoogleMapsCrawler - INFO - 스크롤 29/100 진행 중...
2025-01-24 02:42:45,996 - GoogleMapsCrawler - INFO - 스크롤 30/100 진행 중...
2025-01-24 02:42:47,158 - GoogleMapsCrawler - INFO - 스크롤 31/100 진행 중...
2025-01-24 02:42:48,167 - GoogleMapsCrawler - INFO - 스크롤 32/100 진행 중...
2025-01-24 02:42:49,173 - GoogleMapsCrawler - INFO - 스크롤 33/100 진행 중...
2025-01-24 02:42:50,335 - GoogleMapsCrawler - INFO - 스크롤 34/100 진행 중...
2025-01-24 02:42:51,348 - GoogleMapsCrawler - INFO - 스크롤 35/100 진행 중...
2025-01-24 02:42:52,353 - GoogleMapsCrawler - INFO - 스크롤 36/100 진행 중...
2025-01-24 02:42:53,486 - GoogleMapsCrawler - INFO - 스크롤 37/100 진행 중...
2025-01-24 02:42:54,494 - GoogleMapsCrawler - INFO - 스크롤 38/100 진행 중...
2025-01-24 02:42:55,536 - GoogleMapsCrawler - INFO - 스크롤 39/100 진행 중...
2025-01-24 02:42:56,543 - GoogleMapsCrawler - INFO - 스크롤 40/100 진행 중...
2025-01-24 02:42:57,578 - GoogleMapsCrawler - INFO - 스크롤 41/100 진행 중...
2025-01-24 02:42:58,585 - GoogleMapsCrawler - INFO - 스크롤 42/100 진행 중...
2025-01-24 02:42:59,590 - GoogleMapsCrawler - INFO - 스크롤 43/100 진행 중...
2025-01-24 02:43:00,600 - GoogleMapsCrawler - INFO - 스크롤 44/100 진행 중...
2025-01-24 02:43:01,618 - GoogleMapsCrawler - INFO - 스크롤 45/100 진행 중...
2025-01-24 02:43:02,671 - GoogleMapsCrawler - INFO - 스크롤 46/100 진행 중...
2025-01-24 02:43:03,937 - GoogleMapsCrawler - INFO - 스크롤 47/100 진행 중...
2025-01-24 02:43:04,945 - GoogleMapsCrawler - INFO - 스크롤 48/100 진행 중...
2025-01-24 02:43:05,958 - GoogleMapsCrawler - INFO - 스크롤 49/100 진행 중...
2025-01-24 02:43:07,068 - GoogleMapsCrawler - INFO - 스크롤 50/100 진행 중...
2025-01-24 02:43:08,272 - GoogleMapsCrawler - INFO - 스크롤 51/100 진행 중...
2025-01-24 02:43:09,284 - GoogleMapsCrawler - INFO - 스크롤 52/100 진행 중...
2025-01-24 02:43:10,462 - GoogleMapsCrawler - INFO - 스크롤 53/100 진행 중...
2025-01-24 02:43:11,703 - GoogleMapsCrawler - INFO - 스크롤 54/100 진행 중...
2025-01-24 02:43:12,960 - GoogleMapsCrawler - INFO - 스크롤 55/100 진행 중...
2025-01-24 02:43:13,990 - GoogleMapsCrawler - INFO - 스크롤 56/100 진행 중...
2025-01-24 02:43:15,300 - GoogleMapsCrawler - INFO - 스크롤 57/100 진행 중...
2025-01-24 02:43:16,307 - GoogleMapsCrawler - INFO - 스크롤 58/100 진행 중...
2025-01-24 02:43:17,337 - GoogleMapsCrawler - INFO - 스크롤 59/100 진행 중...
2025-01-24 02:43:18,353 - GoogleMapsCrawler - INFO - 스크롤 60/100 진행 중...
2025-01-24 02:43:19,378 - GoogleMapsCrawler - INFO - 스크롤 61/100 진행 중...
2025-01-24 02:43:20,403 - GoogleMapsCrawler - INFO - 스크롤 62/100 진행 중...
2025-01-24 02:43:21,423 - GoogleMapsCrawler - INFO - 스크롤 63/100 진행 중...
2025-01-24 02:43:22,486 - GoogleMapsCrawler - INFO - 스크롤 64/100 진행 중...
2025-01-24 02:43:23,514 - GoogleMapsCrawler - INFO - 스크롤 65/100 진행 중...
2025-01-24 02:43:24,821 - GoogleMapsCrawler - INFO - 스크롤 66/100 진행 중...
2025-01-24 02:43:25,830 - GoogleMapsCrawler - INFO - 스크롤 67/100 진행 중...
2025-01-24 02:43:26,839 - GoogleMapsCrawler - INFO - 스크롤 68/100 진행 중...
2025-01-24 02:43:27,847 - GoogleMapsCrawler - INFO - 스크롤 69/100 진행 중...
2025-01-24 02:43:28,853 - GoogleMapsCrawler - INFO - 스크롤 70/100 진행 중...
2025-01-24 02:43:29,858 - GoogleMapsCrawler - INFO - 스크롤 71/100 진행 중...
2025-01-24 02:43:30,863 - GoogleMapsCrawler - INFO - 스크롤 72/100 진행 중...
2025-01-24 02:43:31,868 - GoogleMapsCrawler - INFO - 스크롤 73/100 진행 중...
2025-01-24 02:43:32,876 - GoogleMapsCrawler - INFO - 스크롤 74/100 진행 중...
2025-01-24 02:43:33,881 - GoogleMapsCrawler - INFO - 스크롤 75/100 진행 중...
2025-01-24 02:43:34,885 - GoogleMapsCrawler - INFO - 스크롤 76/100 진행 중...
2025-01-24 02:43:35,894 - GoogleMapsCrawler - INFO - 스크롤 77/100 진행 중...
2025-01-24 02:43:36,900 - GoogleMapsCrawler - INFO - 스크롤 78/100 진행 중...
2025-01-24 02:43:37,907 - GoogleMapsCrawler - INFO - 스크롤 79/100 진행 중...
2025-01-24 02:43:38,913 - GoogleMapsCrawler - INFO - 스크롤 80/100 진행 중...
2025-01-24 02:43:39,918 - GoogleMapsCrawler - INFO - 스크롤 81/100 진행 중...
2025-01-24 02:43:40,927 - GoogleMapsCrawler - INFO - 스크롤 82/100 진행 중...
2025-01-24 02:43:41,932 - GoogleMapsCrawler - INFO - 스크롤 83/100 진행 중...
2025-01-24 02:43:42,948 - GoogleMapsCrawler - INFO - 스크롤 84/100 진행 중...
2025-01-24 02:43:43,953 - GoogleMapsCrawler - INFO - 스크롤 85/100 진행 중...
2025-01-24 02:43:44,963 - GoogleMapsCrawler - INFO - 스크롤 86/100 진행 중...
2025-01-24 02:43:45,969 - GoogleMapsCrawler - INFO - 스크롤 87/100 진행 중...
2025-01-24 02:43:46,975 - GoogleMapsCrawler - INFO - 스크롤 88/100 진행 중...
2025-01-24 02:43:47,980 - GoogleMapsCrawler - INFO - 스크롤 89/100 진행 중...
2025-01-24 02:43:48,987 - GoogleMapsCrawler - INFO - 스크롤 90/100 진행 중...
2025-01-24 02:43:49,994 - GoogleMapsCrawler - INFO - 스크롤 91/100 진행 중...
2025-01-24 02:43:51,000 - GoogleMapsCrawler - INFO - 스크롤 92/100 진행 중...
2025-01-24 02:43:52,008 - GoogleMapsCrawler - INFO - 스크롤 93/100 진행 중...
2025-01-24 02:43:53,016 - GoogleMapsCrawler - INFO - 스크롤 94/100 진행 중...
2025-01-24 02:43:54,022 - GoogleMapsCrawler - INFO - 스크롤 95/100 진행 중...
2025-01-24 02:43:55,026 - GoogleMapsCrawler - INFO - 스크롤 96/100 진행 중...
2025-01-24 02:43:56,033 - GoogleMapsCrawler - INFO - 스크롤 97/100 진행 중...
2025-01-24 02:43:57,038 - GoogleMapsCrawler - INFO - 스크롤 98/100 진행 중...
2025-01-24 02:43:58,046 - GoogleMapsCrawler - INFO - 스크롤 99/100 진행 중...
2025-01-24 02:43:59,052 - GoogleMapsCrawler - INFO - 스크롤 100/100 진행 중...
2025-01-24 02:44:00,058 - GoogleMapsCrawler - INFO - 최상단으로 이동합니다.
2025-01-24 02:44:02,076 - GoogleMapsCrawler - INFO - '더보기' 버튼 클릭을 시작합니다.
2025-01-24 02:44:52,272 - GoogleMapsCrawler - WARNING - '더보기' 버튼 클릭 실패.
2025-01-24 02:44:52,273 - GoogleMapsCrawler - WARNING - '더보기' 버튼 클릭 실패.
2025-01-24 02:44:52,275 - GoogleMapsCrawler - WARNING - '더보기' 버튼 클릭 실패.
2025-01-24 02:44:52,276 - GoogleMapsCrawler - WARNING - '더보기' 버튼 클릭 실패.
2025-01-24 02:44:52,277 - GoogleMapsCrawler - WARNING - '더보기' 버튼 클릭 실패.
2025-01-24 02:44:52,278 - GoogleMapsCrawler - WARNING - '더보기' 버튼 클릭 실패.
2025-01-24 02:44:52,279 - GoogleMapsCrawler - WARNING - '더보기' 버튼 클릭 실패.
2025-01-24 02:44:52,281 - GoogleMapsCrawler - WARNING - '더보기' 버튼 클릭 실패.
2025-01-24 02:44:52,281 - GoogleMapsCrawler - WARNING - '더보기' 버튼 클릭 실패.
2025-01-24 02:44:52,282 - GoogleMapsCrawler - WARNING - '더보기' 버튼 클릭 실패.
2025-01-24 02:44:52,283 - GoogleMapsCrawler - WARNING - '더보기' 버튼 클릭 실패.
2025-01-24 02:44:52,284 - GoogleMapsCrawler - WARNING - '더보기' 버튼 클릭 실패.
2025-01-24 02:44:52,285 - GoogleMapsCrawler - WARNING - '더보기' 버튼 클릭 실패.
2025-01-24 02:44:52,286 - GoogleMapsCrawler - WARNING - '더보기' 버튼 클릭 실패.
2025-01-24 02:44:52,287 - GoogleMapsCrawler - WARNING - '더보기' 버튼 클릭 실패.
2025-01-24 02:44:52,288 - GoogleMapsCrawler - WARNING - '더보기' 버튼 클릭 실패.
2025-01-24 02:44:52,289 - GoogleMapsCrawler - WARNING - '더보기' 버튼 클릭 실패.
2025-01-24 02:44:52,292 - GoogleMapsCrawler - WARNING - '더보기' 버튼 클릭 실패.
2025-01-24 02:44:52,293 - GoogleMapsCrawler - WARNING - '더보기' 버튼 클릭 실패.
2025-01-24 02:44:52,293 - GoogleMapsCrawler - WARNING - '더보기' 버튼 클릭 실패.
2025-01-24 02:44:52,294 - GoogleMapsCrawler - WARNING - '더보기' 버튼 클릭 실패.
2025-01-24 02:44:52,295 - GoogleMapsCrawler - WARNING - '더보기' 버튼 클릭 실패.
2025-01-24 02:44:52,297 - GoogleMapsCrawler - WARNING - '더보기' 버튼 클릭 실패.
2025-01-24 02:44:52,298 - GoogleMapsCrawler - WARNING - '더보기' 버튼 클릭 실패.
2025-01-24 02:44:52,300 - GoogleMapsCrawler - WARNING - '더보기' 버튼 클릭 실패.
2025-01-24 02:44:52,301 - GoogleMapsCrawler - WARNING - '더보기' 버튼 클릭 실패.
2025-01-24 02:44:52,301 - GoogleMapsCrawler - WARNING - '더보기' 버튼 클릭 실패.
2025-01-24 02:44:52,302 - GoogleMapsCrawler - WARNING - '더보기' 버튼 클릭 실패.
2025-01-24 02:44:52,303 - GoogleMapsCrawler - WARNING - '더보기' 버튼 클릭 실패.
2025-01-24 02:44:52,304 - GoogleMapsCrawler - WARNING - '더보기' 버튼 클릭 실패.
2025-01-24 02:44:52,305 - GoogleMapsCrawler - WARNING - '더보기' 버튼 클릭 실패.
2025-01-24 02:44:52,306 - GoogleMapsCrawler - WARNING - '더보기' 버튼 클릭 실패.
2025-01-24 02:44:52,306 - GoogleMapsCrawler - WARNING - '더보기' 버튼 클릭 실패.
2025-01-24 02:44:52,307 - GoogleMapsCrawler - WARNING - '더보기' 버튼 클릭 실패.
2025-01-24 02:44:52,309 - GoogleMapsCrawler - WARNING - '더보기' 버튼 클릭 실패.
2025-01-24 02:44:52,310 - GoogleMapsCrawler - WARNING - '더보기' 버튼 클릭 실패.
2025-01-24 02:44:52,311 - GoogleMapsCrawler - WARNING - '더보기' 버튼 클릭 실패.
2025-01-24 02:44:52,312 - GoogleMapsCrawler - WARNING - '더보기' 버튼 클릭 실패.
2025-01-24 02:44:52,313 - GoogleMapsCrawler - WARNING - '더보기' 버튼 클릭 실패.
2025-01-24 02:44:52,314 - GoogleMapsCrawler - WARNING - '더보기' 버튼 클릭 실패.
2025-01-24 02:44:52,315 - GoogleMapsCrawler - WARNING - '더보기' 버튼 클릭 실패.
2025-01-24 02:44:52,317 - GoogleMapsCrawler - WARNING - '더보기' 버튼 클릭 실패.
2025-01-24 02:44:52,318 - GoogleMapsCrawler - WARNING - '더보기' 버튼 클릭 실패.
2025-01-24 02:44:52,318 - GoogleMapsCrawler - WARNING - '더보기' 버튼 클릭 실패.
2025-01-24 02:44:52,319 - GoogleMapsCrawler - WARNING - '더보기' 버튼 클릭 실패.
2025-01-24 02:44:52,321 - GoogleMapsCrawler - WARNING - '더보기' 버튼 클릭 실패.
2025-01-24 02:44:52,322 - GoogleMapsCrawler - WARNING - '더보기' 버튼 클릭 실패.
2025-01-24 02:44:52,323 - GoogleMapsCrawler - WARNING - '더보기' 버튼 클릭 실패.
2025-01-24 02:44:52,324 - GoogleMapsCrawler - WARNING - '더보기' 버튼 클릭 실패.
2025-01-24 02:44:52,325 - GoogleMapsCrawler - WARNING - '더보기' 버튼 클릭 실패.
2025-01-24 02:44:52,326 - GoogleMapsCrawler - WARNING - '더보기' 버튼 클릭 실패.
2025-01-24 02:44:52,328 - GoogleMapsCrawler - WARNING - '더보기' 버튼 클릭 실패.
2025-01-24 02:44:52,330 - GoogleMapsCrawler - WARNING - '더보기' 버튼 클릭 실패.
2025-01-24 02:44:52,330 - GoogleMapsCrawler - WARNING - '더보기' 버튼 클릭 실패.
2025-01-24 02:44:52,331 - GoogleMapsCrawler - WARNING - '더보기' 버튼 클릭 실패.
2025-01-24 02:44:52,333 - GoogleMapsCrawler - WARNING - '더보기' 버튼 클릭 실패.
2025-01-24 02:44:52,334 - GoogleMapsCrawler - WARNING - '더보기' 버튼 클릭 실패.
2025-01-24 02:44:52,335 - GoogleMapsCrawler - WARNING - '더보기' 버튼 클릭 실패.
2025-01-24 02:44:52,336 - GoogleMapsCrawler - WARNING - '더보기' 버튼 클릭 실패.
2025-01-24 02:44:52,337 - GoogleMapsCrawler - WARNING - '더보기' 버튼 클릭 실패.
2025-01-24 02:44:52,338 - GoogleMapsCrawler - WARNING - '더보기' 버튼 클릭 실패.
2025-01-24 02:44:52,339 - GoogleMapsCrawler - WARNING - '더보기' 버튼 클릭 실패.
2025-01-24 02:44:52,340 - GoogleMapsCrawler - WARNING - '더보기' 버튼 클릭 실패.
2025-01-24 02:44:52,342 - GoogleMapsCrawler - WARNING - '더보기' 버튼 클릭 실패.
2025-01-24 02:44:52,344 - GoogleMapsCrawler - WARNING - '더보기' 버튼 클릭 실패.
2025-01-24 02:44:52,345 - GoogleMapsCrawler - WARNING - '더보기' 버튼 클릭 실패.
2025-01-24 02:44:52,346 - GoogleMapsCrawler - WARNING - '더보기' 버튼 클릭 실패.
2025-01-24 02:44:52,347 - GoogleMapsCrawler - WARNING - '더보기' 버튼 클릭 실패.
2025-01-24 02:44:52,348 - GoogleMapsCrawler - WARNING - '더보기' 버튼 클릭 실패.
2025-01-24 02:44:52,349 - GoogleMapsCrawler - WARNING - '더보기' 버튼 클릭 실패.
2025-01-24 02:44:52,350 - GoogleMapsCrawler - WARNING - '더보기' 버튼 클릭 실패.
2025-01-24 02:44:52,351 - GoogleMapsCrawler - WARNING - '더보기' 버튼 클릭 실패.
2025-01-24 02:44:52,352 - GoogleMapsCrawler - WARNING - '더보기' 버튼 클릭 실패.
2025-01-24 02:44:52,353 - GoogleMapsCrawler - WARNING - '더보기' 버튼 클릭 실패.
2025-01-24 02:44:52,354 - GoogleMapsCrawler - WARNING - '더보기' 버튼 클릭 실패.
2025-01-24 02:44:52,355 - GoogleMapsCrawler - WARNING - '더보기' 버튼 클릭 실패.
2025-01-24 02:44:52,357 - GoogleMapsCrawler - WARNING - '더보기' 버튼 클릭 실패.
2025-01-24 02:44:52,358 - GoogleMapsCrawler - WARNING - '더보기' 버튼 클릭 실패.
2025-01-24 02:44:52,360 - GoogleMapsCrawler - WARNING - '더보기' 버튼 클릭 실패.
2025-01-24 02:44:52,361 - GoogleMapsCrawler - WARNING - '더보기' 버튼 클릭 실패.
2025-01-24 02:44:52,361 - GoogleMapsCrawler - WARNING - '더보기' 버튼 클릭 실패.
2025-01-24 02:44:52,363 - GoogleMapsCrawler - WARNING - '더보기' 버튼 클릭 실패.
2025-01-24 02:44:52,364 - GoogleMapsCrawler - WARNING - '더보기' 버튼 클릭 실패.
2025-01-24 02:44:52,365 - GoogleMapsCrawler - WARNING - '더보기' 버튼 클릭 실패.
2025-01-24 02:44:52,366 - GoogleMapsCrawler - WARNING - '더보기' 버튼 클릭 실패.
2025-01-24 02:44:52,367 - GoogleMapsCrawler - WARNING - '더보기' 버튼 클릭 실패.
2025-01-24 02:44:52,367 - GoogleMapsCrawler - WARNING - '더보기' 버튼 클릭 실패.
2025-01-24 02:44:52,368 - GoogleMapsCrawler - WARNING - '더보기' 버튼 클릭 실패.
2025-01-24 02:44:52,369 - GoogleMapsCrawler - WARNING - '더보기' 버튼 클릭 실패.
2025-01-24 02:44:52,371 - GoogleMapsCrawler - WARNING - '더보기' 버튼 클릭 실패.
2025-01-24 02:44:52,372 - GoogleMapsCrawler - WARNING - '더보기' 버튼 클릭 실패.
2025-01-24 02:44:52,374 - GoogleMapsCrawler - WARNING - '더보기' 버튼 클릭 실패.
2025-01-24 02:44:52,375 - GoogleMapsCrawler - WARNING - '더보기' 버튼 클릭 실패.
2025-01-24 02:44:52,376 - GoogleMapsCrawler - WARNING - '더보기' 버튼 클릭 실패.
2025-01-24 02:44:52,378 - GoogleMapsCrawler - WARNING - '더보기' 버튼 클릭 실패.
2025-01-24 02:44:52,379 - GoogleMapsCrawler - WARNING - '더보기' 버튼 클릭 실패.
2025-01-24 02:44:52,380 - GoogleMapsCrawler - WARNING - '더보기' 버튼 클릭 실패.
2025-01-24 02:44:52,381 - GoogleMapsCrawler - WARNING - '더보기' 버튼 클릭 실패.
2025-01-24 02:44:52,383 - GoogleMapsCrawler - WARNING - '더보기' 버튼 클릭 실패.
2025-01-24 02:44:52,384 - GoogleMapsCrawler - WARNING - '더보기' 버튼 클릭 실패.
2025-01-24 02:44:52,385 - GoogleMapsCrawler - WARNING - '더보기' 버튼 클릭 실패.
2025-01-24 02:44:52,386 - GoogleMapsCrawler - WARNING - '더보기' 버튼 클릭 실패.
2025-01-24 02:44:52,387 - GoogleMapsCrawler - WARNING - '더보기' 버튼 클릭 실패.
2025-01-24 02:44:52,388 - GoogleMapsCrawler - WARNING - '더보기' 버튼 클릭 실패.
2025-01-24 02:44:52,389 - GoogleMapsCrawler - WARNING - '더보기' 버튼 클릭 실패.
2025-01-24 02:44:52,390 - GoogleMapsCrawler - WARNING - '더보기' 버튼 클릭 실패.
2025-01-24 02:44:52,391 - GoogleMapsCrawler - WARNING - '더보기' 버튼 클릭 실패.
2025-01-24 02:44:52,392 - GoogleMapsCrawler - WARNING - '더보기' 버튼 클릭 실패.
2025-01-24 02:44:52,393 - GoogleMapsCrawler - WARNING - '더보기' 버튼 클릭 실패.
2025-01-24 02:44:52,395 - GoogleMapsCrawler - WARNING - '더보기' 버튼 클릭 실패.
2025-01-24 02:44:52,396 - GoogleMapsCrawler - WARNING - '더보기' 버튼 클릭 실패.
2025-01-24 02:44:52,398 - GoogleMapsCrawler - WARNING - '더보기' 버튼 클릭 실패.
2025-01-24 02:44:52,399 - GoogleMapsCrawler - WARNING - '더보기' 버튼 클릭 실패.
2025-01-24 02:44:52,399 - GoogleMapsCrawler - WARNING - '더보기' 버튼 클릭 실패.
2025-01-24 02:44:52,402 - GoogleMapsCrawler - WARNING - '더보기' 버튼 클릭 실패.
2025-01-24 02:44:52,403 - GoogleMapsCrawler - WARNING - '더보기' 버튼 클릭 실패.
2025-01-24 02:44:52,404 - GoogleMapsCrawler - WARNING - '더보기' 버튼 클릭 실패.
2025-01-24 02:44:52,405 - GoogleMapsCrawler - WARNING - '더보기' 버튼 클릭 실패.
2025-01-24 02:44:52,406 - GoogleMapsCrawler - WARNING - '더보기' 버튼 클릭 실패.
2025-01-24 02:44:52,408 - GoogleMapsCrawler - WARNING - '더보기' 버튼 클릭 실패.
2025-01-24 02:44:52,409 - GoogleMapsCrawler - WARNING - '더보기' 버튼 클릭 실패.
2025-01-24 02:44:52,410 - GoogleMapsCrawler - WARNING - '더보기' 버튼 클릭 실패.
2025-01-24 02:44:52,411 - GoogleMapsCrawler - WARNING - '더보기' 버튼 클릭 실패.
2025-01-24 02:44:52,413 - GoogleMapsCrawler - WARNING - '더보기' 버튼 클릭 실패.
2025-01-24 02:44:52,414 - GoogleMapsCrawler - WARNING - '더보기' 버튼 클릭 실패.
2025-01-24 02:44:52,416 - GoogleMapsCrawler - WARNING - '더보기' 버튼 클릭 실패.
2025-01-24 02:44:52,417 - GoogleMapsCrawler - WARNING - '더보기' 버튼 클릭 실패.
2025-01-24 02:44:52,419 - GoogleMapsCrawler - WARNING - '더보기' 버튼 클릭 실패.
2025-01-24 02:44:52,420 - GoogleMapsCrawler - WARNING - '더보기' 버튼 클릭 실패.
2025-01-24 02:44:52,421 - GoogleMapsCrawler - WARNING - '더보기' 버튼 클릭 실패.
2025-01-24 02:44:52,422 - GoogleMapsCrawler - WARNING - '더보기' 버튼 클릭 실패.
2025-01-24 02:44:52,423 - GoogleMapsCrawler - WARNING - '더보기' 버튼 클릭 실패.
2025-01-24 02:44:52,424 - GoogleMapsCrawler - WARNING - '더보기' 버튼 클릭 실패.
2025-01-24 02:44:52,425 - GoogleMapsCrawler - WARNING - '더보기' 버튼 클릭 실패.
2025-01-24 02:44:52,427 - GoogleMapsCrawler - WARNING - '더보기' 버튼 클릭 실패.
2025-01-24 02:44:52,428 - GoogleMapsCrawler - WARNING - '더보기' 버튼 클릭 실패.
2025-01-24 02:44:52,428 - GoogleMapsCrawler - WARNING - '더보기' 버튼 클릭 실패.
2025-01-24 02:44:52,429 - GoogleMapsCrawler - WARNING - '더보기' 버튼 클릭 실패.
2025-01-24 02:44:52,431 - GoogleMapsCrawler - WARNING - '더보기' 버튼 클릭 실패.
2025-01-24 02:44:52,432 - GoogleMapsCrawler - WARNING - '더보기' 버튼 클릭 실패.
2025-01-24 02:44:52,434 - GoogleMapsCrawler - WARNING - '더보기' 버튼 클릭 실패.
2025-01-24 02:44:52,434 - GoogleMapsCrawler - INFO - HTML 데이터를 파싱합니다.
2025-01-24 02:44:54,855 - GoogleMapsCrawler - INFO - 브라우저를 종료했습니다.
2025-01-24 02:45:10,778 - GoogleMapsCrawler - INFO - 브라우저를 시작합니다.
2025-01-24 02:45:22,115 - GoogleMapsCrawler - INFO - 브라우저가 성공적으로 시작되었습니다.
2025-01-24 02:45:22,115 - GoogleMapsCrawler - INFO - 스크롤 영역을 탐색합니다.
2025-01-24 02:45:22,135 - GoogleMapsCrawler - INFO - 스크롤 1/100 진행 중...
2025-01-24 02:45:24,148 - GoogleMapsCrawler - INFO - 스크롤 2/100 진행 중...
2025-01-24 02:45:26,156 - GoogleMapsCrawler - INFO - 스크롤 3/100 진행 중...
2025-01-24 02:45:28,165 - GoogleMapsCrawler - INFO - 스크롤 4/100 진행 중...
2025-01-24 02:45:30,179 - GoogleMapsCrawler - INFO - 스크롤 5/100 진행 중...
2025-01-24 02:45:32,190 - GoogleMapsCrawler - INFO - 스크롤 6/100 진행 중...
2025-01-24 02:45:34,201 - GoogleMapsCrawler - INFO - 스크롤 7/100 진행 중...
2025-01-24 02:45:36,205 - GoogleMapsCrawler - INFO - 스크롤 8/100 진행 중...
2025-01-24 02:45:38,210 - GoogleMapsCrawler - INFO - 스크롤 9/100 진행 중...
2025-01-24 02:45:40,275 - GoogleMapsCrawler - INFO - 스크롤 10/100 진행 중...
2025-01-24 02:45:42,284 - GoogleMapsCrawler - INFO - 스크롤 11/100 진행 중...
2025-01-24 02:45:44,294 - GoogleMapsCrawler - INFO - 스크롤 12/100 진행 중...
2025-01-24 02:45:46,321 - GoogleMapsCrawler - INFO - 스크롤 13/100 진행 중...
2025-01-24 02:45:48,354 - GoogleMapsCrawler - INFO - 스크롤 14/100 진행 중...
2025-01-24 02:45:50,482 - GoogleMapsCrawler - INFO - 스크롤 15/100 진행 중...
2025-01-24 02:45:52,492 - GoogleMapsCrawler - INFO - 스크롤 16/100 진행 중...
2025-01-24 02:45:54,506 - GoogleMapsCrawler - INFO - 스크롤 17/100 진행 중...
2025-01-24 02:45:56,519 - GoogleMapsCrawler - INFO - 스크롤 18/100 진행 중...
2025-01-24 02:45:58,533 - GoogleMapsCrawler - INFO - 스크롤 19/100 진행 중...
2025-01-24 02:46:00,546 - GoogleMapsCrawler - INFO - 스크롤 20/100 진행 중...
2025-01-24 02:46:02,565 - GoogleMapsCrawler - INFO - 스크롤 21/100 진행 중...
2025-01-24 02:46:04,576 - GoogleMapsCrawler - INFO - 스크롤 22/100 진행 중...
2025-01-24 02:46:06,594 - GoogleMapsCrawler - INFO - 스크롤 23/100 진행 중...
2025-01-24 02:46:08,608 - GoogleMapsCrawler - INFO - 스크롤 24/100 진행 중...
2025-01-24 02:46:10,630 - GoogleMapsCrawler - INFO - 스크롤 25/100 진행 중...
2025-01-24 02:46:12,648 - GoogleMapsCrawler - INFO - 스크롤 26/100 진행 중...
2025-01-24 02:46:14,663 - GoogleMapsCrawler - INFO - 스크롤 27/100 진행 중...
2025-01-24 02:46:16,679 - GoogleMapsCrawler - INFO - 스크롤 28/100 진행 중...
2025-01-24 02:46:18,692 - GoogleMapsCrawler - INFO - 스크롤 29/100 진행 중...
2025-01-24 02:46:20,708 - GoogleMapsCrawler - INFO - 스크롤 30/100 진행 중...
2025-01-24 02:46:22,721 - GoogleMapsCrawler - INFO - 스크롤 31/100 진행 중...
2025-01-24 02:46:24,752 - GoogleMapsCrawler - INFO - 스크롤 32/100 진행 중...
2025-01-24 02:46:26,833 - GoogleMapsCrawler - INFO - 스크롤 33/100 진행 중...
2025-01-24 02:46:29,480 - GoogleMapsCrawler - INFO - 스크롤 34/100 진행 중...
2025-01-24 02:46:31,501 - GoogleMapsCrawler - INFO - 스크롤 35/100 진행 중...
2025-01-24 02:46:33,522 - GoogleMapsCrawler - INFO - 스크롤 36/100 진행 중...
2025-01-24 02:46:35,538 - GoogleMapsCrawler - INFO - 스크롤 37/100 진행 중...
2025-01-24 02:46:37,782 - GoogleMapsCrawler - INFO - 스크롤 38/100 진행 중...
2025-01-24 02:46:39,789 - GoogleMapsCrawler - INFO - 스크롤 39/100 진행 중...
2025-01-24 02:46:41,796 - GoogleMapsCrawler - INFO - 스크롤 40/100 진행 중...
2025-01-24 02:46:43,803 - GoogleMapsCrawler - INFO - 스크롤 41/100 진행 중...
2025-01-24 02:46:45,823 - GoogleMapsCrawler - INFO - 스크롤 42/100 진행 중...
2025-01-24 02:46:47,830 - GoogleMapsCrawler - INFO - 스크롤 43/100 진행 중...
2025-01-24 02:46:49,838 - GoogleMapsCrawler - INFO - 스크롤 44/100 진행 중...
2025-01-24 02:46:51,845 - GoogleMapsCrawler - INFO - 스크롤 45/100 진행 중...
2025-01-24 02:46:53,852 - GoogleMapsCrawler - INFO - 스크롤 46/100 진행 중...
2025-01-24 02:46:55,859 - GoogleMapsCrawler - INFO - 스크롤 47/100 진행 중...
2025-01-24 02:46:57,866 - GoogleMapsCrawler - INFO - 스크롤 48/100 진행 중...
2025-01-24 02:46:59,875 - GoogleMapsCrawler - INFO - 스크롤 49/100 진행 중...
2025-01-24 02:47:01,881 - GoogleMapsCrawler - INFO - 스크롤 50/100 진행 중...
2025-01-24 02:47:03,889 - GoogleMapsCrawler - INFO - 스크롤 51/100 진행 중...
2025-01-24 02:47:05,896 - GoogleMapsCrawler - INFO - 스크롤 52/100 진행 중...
2025-01-24 02:47:07,903 - GoogleMapsCrawler - INFO - 스크롤 53/100 진행 중...
2025-01-24 02:47:09,909 - GoogleMapsCrawler - INFO - 스크롤 54/100 진행 중...
2025-01-24 02:47:11,917 - GoogleMapsCrawler - INFO - 스크롤 55/100 진행 중...
2025-01-24 02:47:13,924 - GoogleMapsCrawler - INFO - 스크롤 56/100 진행 중...
2025-01-24 02:47:15,932 - GoogleMapsCrawler - INFO - 스크롤 57/100 진행 중...
2025-01-24 02:47:17,941 - GoogleMapsCrawler - INFO - 스크롤 58/100 진행 중...
2025-01-24 02:47:19,949 - GoogleMapsCrawler - INFO - 스크롤 59/100 진행 중...
2025-01-24 02:47:21,955 - GoogleMapsCrawler - INFO - 스크롤 60/100 진행 중...
2025-01-24 02:47:23,962 - GoogleMapsCrawler - INFO - 스크롤 61/100 진행 중...
2025-01-24 02:47:25,971 - GoogleMapsCrawler - INFO - 스크롤 62/100 진행 중...
2025-01-24 02:47:27,983 - GoogleMapsCrawler - INFO - 스크롤 63/100 진행 중...
2025-01-24 02:47:29,989 - GoogleMapsCrawler - INFO - 스크롤 64/100 진행 중...
2025-01-24 02:47:31,995 - GoogleMapsCrawler - INFO - 스크롤 65/100 진행 중...
2025-01-24 02:47:34,002 - GoogleMapsCrawler - INFO - 스크롤 66/100 진행 중...
2025-01-24 02:47:36,009 - GoogleMapsCrawler - INFO - 스크롤 67/100 진행 중...
2025-01-24 02:47:38,016 - GoogleMapsCrawler - INFO - 스크롤 68/100 진행 중...
2025-01-24 02:47:40,021 - GoogleMapsCrawler - INFO - 스크롤 69/100 진행 중...
2025-01-24 02:47:42,028 - GoogleMapsCrawler - INFO - 스크롤 70/100 진행 중...
2025-01-24 02:47:44,035 - GoogleMapsCrawler - INFO - 스크롤 71/100 진행 중...
2025-01-24 02:47:46,043 - GoogleMapsCrawler - INFO - 스크롤 72/100 진행 중...
2025-01-24 02:47:48,049 - GoogleMapsCrawler - INFO - 스크롤 73/100 진행 중...
2025-01-24 02:47:50,055 - GoogleMapsCrawler - INFO - 스크롤 74/100 진행 중...
2025-01-24 02:47:52,061 - GoogleMapsCrawler - INFO - 스크롤 75/100 진행 중...
2025-01-24 02:47:54,071 - GoogleMapsCrawler - INFO - 스크롤 76/100 진행 중...
2025-01-24 02:47:56,081 - GoogleMapsCrawler - INFO - 스크롤 77/100 진행 중...
2025-01-24 02:47:58,087 - GoogleMapsCrawler - INFO - 스크롤 78/100 진행 중...
2025-01-24 02:48:00,094 - GoogleMapsCrawler - INFO - 스크롤 79/100 진행 중...
2025-01-24 02:48:02,102 - GoogleMapsCrawler - INFO - 스크롤 80/100 진행 중...
2025-01-24 02:48:04,110 - GoogleMapsCrawler - INFO - 스크롤 81/100 진행 중...
2025-01-24 02:48:06,116 - GoogleMapsCrawler - INFO - 스크롤 82/100 진행 중...
2025-01-24 02:48:08,123 - GoogleMapsCrawler - INFO - 스크롤 83/100 진행 중...
2025-01-24 02:48:10,130 - GoogleMapsCrawler - INFO - 스크롤 84/100 진행 중...
2025-01-24 02:48:12,138 - GoogleMapsCrawler - INFO - 스크롤 85/100 진행 중...
2025-01-24 02:48:14,144 - GoogleMapsCrawler - INFO - 스크롤 86/100 진행 중...
2025-01-24 02:48:16,151 - GoogleMapsCrawler - INFO - 스크롤 87/100 진행 중...
2025-01-24 02:48:18,158 - GoogleMapsCrawler - INFO - 스크롤 88/100 진행 중...
2025-01-24 02:48:20,166 - GoogleMapsCrawler - INFO - 스크롤 89/100 진행 중...
2025-01-24 02:48:22,174 - GoogleMapsCrawler - INFO - 스크롤 90/100 진행 중...
2025-01-24 02:48:24,181 - GoogleMapsCrawler - INFO - 스크롤 91/100 진행 중...
2025-01-24 02:48:26,188 - GoogleMapsCrawler - INFO - 스크롤 92/100 진행 중...
2025-01-24 02:48:28,194 - GoogleMapsCrawler - INFO - 스크롤 93/100 진행 중...
2025-01-24 02:48:30,201 - GoogleMapsCrawler - INFO - 스크롤 94/100 진행 중...
2025-01-24 02:48:32,209 - GoogleMapsCrawler - INFO - 스크롤 95/100 진행 중...
2025-01-24 02:48:34,216 - GoogleMapsCrawler - INFO - 스크롤 96/100 진행 중...
2025-01-24 02:48:36,222 - GoogleMapsCrawler - INFO - 스크롤 97/100 진행 중...
2025-01-24 02:48:38,227 - GoogleMapsCrawler - INFO - 스크롤 98/100 진행 중...
2025-01-24 02:48:40,234 - GoogleMapsCrawler - INFO - 스크롤 99/100 진행 중...
2025-01-24 02:48:42,241 - GoogleMapsCrawler - INFO - 스크롤 100/100 진행 중...
2025-01-24 02:48:44,248 - GoogleMapsCrawler - INFO - 최상단으로 이동합니다.
2025-01-24 02:48:46,279 - GoogleMapsCrawler - INFO - '더보기' 버튼 클릭을 시작합니다.
2025-01-24 02:50:11,258 - GoogleMapsCrawler - INFO - HTML 데이터를 파싱합니다.
2025-01-24 02:50:12,451 - GoogleMapsCrawler - INFO - 총 360개의 리뷰를 수집했습니다.
2025-01-24 02:50:16,058 - GoogleMapsCrawler - INFO - 브라우저를 종료했습니다.
2025-01-24 11:31:00,341 - GoogleMapsCrawler - INFO - 브라우저를 시작합니다.
2025-01-24 11:31:11,447 - GoogleMapsCrawler - INFO - 브라우저가 성공적으로 시작되었습니다.
2025-01-24 11:31:11,448 - GoogleMapsCrawler - INFO - 스크롤 영역을 탐색합니다.
2025-01-24 11:31:11,507 - GoogleMapsCrawler - INFO - 스크롤 1/100 진행 중...
2025-01-24 11:31:13,559 - GoogleMapsCrawler - INFO - 스크롤 2/100 진행 중...
2025-01-24 11:31:15,577 - GoogleMapsCrawler - INFO - 스크롤 3/100 진행 중...
2025-01-24 11:31:17,601 - GoogleMapsCrawler - INFO - 스크롤 4/100 진행 중...
2025-01-24 11:31:19,630 - GoogleMapsCrawler - INFO - 스크롤 5/100 진행 중...
2025-01-24 11:31:21,659 - GoogleMapsCrawler - INFO - 스크롤 6/100 진행 중...
2025-01-24 11:31:23,685 - GoogleMapsCrawler - INFO - 스크롤 7/100 진행 중...
2025-01-24 11:31:25,698 - GoogleMapsCrawler - INFO - 스크롤 8/100 진행 중...
2025-01-24 11:31:27,723 - GoogleMapsCrawler - INFO - 스크롤 9/100 진행 중...
2025-01-24 11:31:29,740 - GoogleMapsCrawler - INFO - 스크롤 10/100 진행 중...
2025-01-24 11:31:31,762 - GoogleMapsCrawler - INFO - 스크롤 11/100 진행 중...
2025-01-24 11:31:33,777 - GoogleMapsCrawler - INFO - 스크롤 12/100 진행 중...
2025-01-24 11:31:35,799 - GoogleMapsCrawler - INFO - 스크롤 13/100 진행 중...
2025-01-24 11:31:37,821 - GoogleMapsCrawler - INFO - 스크롤 14/100 진행 중...
2025-01-24 11:31:39,841 - GoogleMapsCrawler - INFO - 스크롤 15/100 진행 중...
2025-01-24 11:31:41,870 - GoogleMapsCrawler - INFO - 스크롤 16/100 진행 중...
2025-01-24 11:31:43,892 - GoogleMapsCrawler - INFO - 스크롤 17/100 진행 중...
2025-01-24 11:31:45,926 - GoogleMapsCrawler - INFO - 스크롤 18/100 진행 중...
2025-01-24 11:31:47,953 - GoogleMapsCrawler - INFO - 스크롤 19/100 진행 중...
2025-01-24 11:31:49,985 - GoogleMapsCrawler - INFO - 스크롤 20/100 진행 중...
2025-01-24 11:31:52,009 - GoogleMapsCrawler - INFO - 스크롤 21/100 진행 중...
2025-01-24 11:31:54,035 - GoogleMapsCrawler - INFO - 스크롤 22/100 진행 중...
2025-01-24 11:31:56,057 - GoogleMapsCrawler - INFO - 스크롤 23/100 진행 중...
2025-01-24 11:31:58,073 - GoogleMapsCrawler - INFO - 스크롤 24/100 진행 중...
2025-01-24 11:32:00,082 - GoogleMapsCrawler - INFO - 스크롤 25/100 진행 중...
2025-01-24 11:32:02,094 - GoogleMapsCrawler - INFO - 스크롤 26/100 진행 중...
2025-01-24 11:32:04,121 - GoogleMapsCrawler - INFO - 스크롤 27/100 진행 중...
2025-01-24 11:32:06,153 - GoogleMapsCrawler - INFO - 스크롤 28/100 진행 중...
2025-01-24 11:32:08,180 - GoogleMapsCrawler - INFO - 스크롤 29/100 진행 중...
2025-01-24 11:32:10,327 - GoogleMapsCrawler - INFO - 스크롤 30/100 진행 중...
2025-01-24 11:32:12,352 - GoogleMapsCrawler - INFO - 스크롤 31/100 진행 중...
2025-01-24 11:32:14,371 - GoogleMapsCrawler - INFO - 스크롤 32/100 진행 중...
2025-01-24 11:32:16,397 - GoogleMapsCrawler - INFO - 스크롤 33/100 진행 중...
2025-01-24 11:32:18,426 - GoogleMapsCrawler - INFO - 스크롤 34/100 진행 중...
2025-01-24 11:32:20,437 - GoogleMapsCrawler - INFO - 스크롤 35/100 진행 중...
2025-01-24 11:32:22,468 - GoogleMapsCrawler - INFO - 스크롤 36/100 진행 중...
2025-01-24 11:32:24,495 - GoogleMapsCrawler - INFO - 스크롤 37/100 진행 중...
2025-01-24 11:32:26,515 - GoogleMapsCrawler - INFO - 스크롤 38/100 진행 중...
2025-01-24 11:32:28,534 - GoogleMapsCrawler - INFO - 스크롤 39/100 진행 중...
2025-01-24 11:32:30,547 - GoogleMapsCrawler - INFO - 스크롤 40/100 진행 중...
2025-01-24 11:32:32,563 - GoogleMapsCrawler - INFO - 스크롤 41/100 진행 중...
2025-01-24 11:32:34,581 - GoogleMapsCrawler - INFO - 스크롤 42/100 진행 중...
2025-01-24 11:32:36,597 - GoogleMapsCrawler - INFO - 스크롤 43/100 진행 중...
2025-01-24 11:32:38,612 - GoogleMapsCrawler - INFO - 스크롤 44/100 진행 중...
2025-01-24 11:32:40,629 - GoogleMapsCrawler - INFO - 스크롤 45/100 진행 중...
2025-01-24 11:32:42,646 - GoogleMapsCrawler - INFO - 스크롤 46/100 진행 중...
2025-01-24 11:32:44,664 - GoogleMapsCrawler - INFO - 스크롤 47/100 진행 중...
2025-01-24 11:32:46,680 - GoogleMapsCrawler - INFO - 스크롤 48/100 진행 중...
2025-01-24 11:32:48,700 - GoogleMapsCrawler - INFO - 스크롤 49/100 진행 중...
2025-01-24 11:32:50,719 - GoogleMapsCrawler - INFO - 스크롤 50/100 진행 중...
2025-01-24 11:32:52,730 - GoogleMapsCrawler - INFO - 스크롤 51/100 진행 중...
2025-01-24 11:32:54,739 - GoogleMapsCrawler - INFO - 스크롤 52/100 진행 중...
2025-01-24 11:32:56,760 - GoogleMapsCrawler - INFO - 스크롤 53/100 진행 중...
2025-01-24 11:32:58,777 - GoogleMapsCrawler - INFO - 스크롤 54/100 진행 중...
2025-01-24 11:33:00,796 - GoogleMapsCrawler - INFO - 스크롤 55/100 진행 중...
2025-01-24 11:33:02,813 - GoogleMapsCrawler - INFO - 스크롤 56/100 진행 중...
2025-01-24 11:33:04,830 - GoogleMapsCrawler - INFO - 스크롤 57/100 진행 중...
2025-01-24 11:33:06,848 - GoogleMapsCrawler - INFO - 스크롤 58/100 진행 중...
2025-01-24 11:33:08,864 - GoogleMapsCrawler - INFO - 스크롤 59/100 진행 중...
2025-01-24 11:33:10,895 - GoogleMapsCrawler - INFO - 스크롤 60/100 진행 중...
2025-01-24 11:33:12,909 - GoogleMapsCrawler - INFO - 스크롤 61/100 진행 중...
2025-01-24 11:33:14,923 - GoogleMapsCrawler - INFO - 스크롤 62/100 진행 중...
2025-01-24 11:33:16,943 - GoogleMapsCrawler - INFO - 스크롤 63/100 진행 중...
2025-01-24 11:33:18,957 - GoogleMapsCrawler - INFO - 스크롤 64/100 진행 중...
2025-01-24 11:33:20,975 - GoogleMapsCrawler - INFO - 스크롤 65/100 진행 중...
2025-01-24 11:33:22,991 - GoogleMapsCrawler - INFO - 스크롤 66/100 진행 중...
2025-01-24 11:33:25,008 - GoogleMapsCrawler - INFO - 스크롤 67/100 진행 중...
2025-01-24 11:33:27,024 - GoogleMapsCrawler - INFO - 스크롤 68/100 진행 중...
2025-01-24 11:33:29,039 - GoogleMapsCrawler - INFO - 스크롤 69/100 진행 중...
2025-01-24 11:33:31,055 - GoogleMapsCrawler - INFO - 스크롤 70/100 진행 중...
2025-01-24 11:33:33,070 - GoogleMapsCrawler - INFO - 스크롤 71/100 진행 중...
2025-01-24 11:33:35,088 - GoogleMapsCrawler - INFO - 스크롤 72/100 진행 중...
2025-01-24 11:33:37,104 - GoogleMapsCrawler - INFO - 스크롤 73/100 진행 중...
2025-01-24 11:33:39,120 - GoogleMapsCrawler - INFO - 스크롤 74/100 진행 중...
2025-01-24 11:33:41,136 - GoogleMapsCrawler - INFO - 스크롤 75/100 진행 중...
2025-01-24 11:33:43,152 - GoogleMapsCrawler - INFO - 스크롤 76/100 진행 중...
2025-01-24 11:33:45,168 - GoogleMapsCrawler - INFO - 스크롤 77/100 진행 중...
2025-01-24 11:33:47,183 - GoogleMapsCrawler - INFO - 스크롤 78/100 진행 중...
2025-01-24 11:33:49,199 - GoogleMapsCrawler - INFO - 스크롤 79/100 진행 중...
2025-01-24 11:33:51,215 - GoogleMapsCrawler - INFO - 스크롤 80/100 진행 중...
2025-01-24 11:33:53,232 - GoogleMapsCrawler - INFO - 스크롤 81/100 진행 중...
2025-01-24 11:33:55,247 - GoogleMapsCrawler - INFO - 스크롤 82/100 진행 중...
2025-01-24 11:33:57,261 - GoogleMapsCrawler - INFO - 스크롤 83/100 진행 중...
2025-01-24 11:33:59,281 - GoogleMapsCrawler - INFO - 스크롤 84/100 진행 중...
2025-01-24 11:34:01,298 - GoogleMapsCrawler - INFO - 스크롤 85/100 진행 중...
2025-01-24 11:34:03,310 - GoogleMapsCrawler - INFO - 스크롤 86/100 진행 중...
2025-01-24 11:34:05,325 - GoogleMapsCrawler - INFO - 스크롤 87/100 진행 중...
2025-01-24 11:34:07,340 - GoogleMapsCrawler - INFO - 스크롤 88/100 진행 중...
2025-01-24 11:34:09,359 - GoogleMapsCrawler - INFO - 스크롤 89/100 진행 중...
2025-01-24 11:34:11,378 - GoogleMapsCrawler - INFO - 스크롤 90/100 진행 중...
2025-01-24 11:34:13,391 - GoogleMapsCrawler - INFO - 스크롤 91/100 진행 중...
2025-01-24 11:34:15,404 - GoogleMapsCrawler - INFO - 스크롤 92/100 진행 중...
2025-01-24 11:34:17,419 - GoogleMapsCrawler - INFO - 스크롤 93/100 진행 중...
2025-01-24 11:34:19,436 - GoogleMapsCrawler - INFO - 스크롤 94/100 진행 중...
2025-01-24 11:34:21,455 - GoogleMapsCrawler - INFO - 스크롤 95/100 진행 중...
2025-01-24 11:34:23,472 - GoogleMapsCrawler - INFO - 스크롤 96/100 진행 중...
2025-01-24 11:34:25,486 - GoogleMapsCrawler - INFO - 스크롤 97/100 진행 중...
2025-01-24 11:34:27,504 - GoogleMapsCrawler - INFO - 스크롤 98/100 진행 중...
2025-01-24 11:34:29,519 - GoogleMapsCrawler - INFO - 스크롤 99/100 진행 중...
2025-01-24 11:34:31,538 - GoogleMapsCrawler - INFO - 스크롤 100/100 진행 중...
2025-01-24 11:34:33,552 - GoogleMapsCrawler - INFO - 최상단으로 이동합니다.
2025-01-24 11:34:35,614 - GoogleMapsCrawler - INFO - '더보기' 버튼 클릭을 시작합니다.
2025-01-24 11:36:25,823 - GoogleMapsCrawler - INFO - HTML 데이터를 파싱합니다.
2025-01-24 11:36:27,437 - GoogleMapsCrawler - INFO - 총 360개의 리뷰를 수집했습니다.
2025-01-24 11:36:31,220 - GoogleMapsCrawler - INFO - 브라우저를 종료했습니다.
2025-01-24 11:54:45,084 - GoogleMapsCrawler - INFO - 스크롤 영역을 탐색합니다.
2025-01-24 11:54:47,350 - GoogleMapsCrawler - INFO - 브라우저를 종료했습니다.
2025-01-24 11:54:58,537 - GoogleMapsCrawler - INFO - 스크롤 영역을 탐색합니다.
2025-01-24 11:55:00,753 - GoogleMapsCrawler - INFO - 브라우저를 종료했습니다.
2025-01-24 11:55:55,095 - GoogleMapsCrawler - INFO - 브라우저를 시작합니다.
2025-01-24 11:56:04,873 - GoogleMapsCrawler - INFO - 브라우저가 성공적으로 시작되었습니다.
2025-01-24 11:56:04,874 - GoogleMapsCrawler - INFO - 스크롤 영역을 탐색합니다.
2025-01-24 11:56:04,899 - GoogleMapsCrawler - INFO - 스크롤 1/100 진행 중...
2025-01-24 11:56:06,926 - GoogleMapsCrawler - INFO - 스크롤 2/100 진행 중...
2025-01-24 11:56:08,944 - GoogleMapsCrawler - INFO - 스크롤 3/100 진행 중...
2025-01-24 11:56:10,961 - GoogleMapsCrawler - INFO - 스크롤 4/100 진행 중...
2025-01-24 11:56:12,972 - GoogleMapsCrawler - INFO - 스크롤 5/100 진행 중...
2025-01-24 11:56:14,988 - GoogleMapsCrawler - INFO - 스크롤 6/100 진행 중...
2025-01-24 11:56:17,015 - GoogleMapsCrawler - INFO - 스크롤 7/100 진행 중...
2025-01-24 11:56:19,036 - GoogleMapsCrawler - INFO - 스크롤 8/100 진행 중...
2025-01-24 11:56:21,055 - GoogleMapsCrawler - INFO - 스크롤 9/100 진행 중...
2025-01-24 11:56:23,278 - GoogleMapsCrawler - INFO - 브라우저를 종료했습니다.
2025-01-24 11:57:21,680 - GoogleMapsCrawler - INFO - 브라우저를 시작합니다.
2025-01-24 11:57:29,981 - GoogleMapsCrawler - INFO - 브라우저가 성공적으로 시작되었습니다.
2025-01-24 11:57:29,982 - GoogleMapsCrawler - INFO - 스크롤 영역을 탐색합니다.
2025-01-24 11:57:41,040 - GoogleMapsCrawler - INFO - 스크롤 1/100 진행 중...
2025-01-24 11:57:43,059 - GoogleMapsCrawler - INFO - 스크롤 2/100 진행 중...
2025-01-24 11:57:45,073 - GoogleMapsCrawler - INFO - 스크롤 3/100 진행 중...
2025-01-24 11:57:47,090 - GoogleMapsCrawler - INFO - 스크롤 4/100 진행 중...
2025-01-24 11:57:49,106 - GoogleMapsCrawler - INFO - 스크롤 5/100 진행 중...
2025-01-24 11:57:51,127 - GoogleMapsCrawler - INFO - 스크롤 6/100 진행 중...
2025-01-24 11:57:53,149 - GoogleMapsCrawler - INFO - 스크롤 7/100 진행 중...
2025-01-24 11:57:55,162 - GoogleMapsCrawler - INFO - 스크롤 8/100 진행 중...
2025-01-24 11:57:57,182 - GoogleMapsCrawler - INFO - 스크롤 9/100 진행 중...
2025-01-24 11:57:59,199 - GoogleMapsCrawler - INFO - 스크롤 10/100 진행 중...
2025-01-24 11:58:01,215 - GoogleMapsCrawler - INFO - 스크롤 11/100 진행 중...
2025-01-24 11:58:03,242 - GoogleMapsCrawler - INFO - 스크롤 12/100 진행 중...
2025-01-24 11:58:05,269 - GoogleMapsCrawler - INFO - 스크롤 13/100 진행 중...
2025-01-24 11:58:07,282 - GoogleMapsCrawler - INFO - 스크롤 14/100 진행 중...
2025-01-24 11:58:09,307 - GoogleMapsCrawler - INFO - 스크롤 15/100 진행 중...
2025-01-24 11:58:11,324 - GoogleMapsCrawler - INFO - 스크롤 16/100 진행 중...
2025-01-24 11:58:13,360 - GoogleMapsCrawler - INFO - 스크롤 17/100 진행 중...
2025-01-24 11:58:15,375 - GoogleMapsCrawler - INFO - 스크롤 18/100 진행 중...
2025-01-24 11:58:17,411 - GoogleMapsCrawler - INFO - 스크롤 19/100 진행 중...
2025-01-24 11:58:19,420 - GoogleMapsCrawler - INFO - 스크롤 20/100 진행 중...
2025-01-24 11:58:21,453 - GoogleMapsCrawler - INFO - 스크롤 21/100 진행 중...
2025-01-24 11:58:23,486 - GoogleMapsCrawler - INFO - 스크롤 22/100 진행 중...
2025-01-24 11:58:25,500 - GoogleMapsCrawler - INFO - 스크롤 23/100 진행 중...
2025-01-24 11:58:27,535 - GoogleMapsCrawler - INFO - 스크롤 24/100 진행 중...
2025-01-24 11:58:29,562 - GoogleMapsCrawler - INFO - 스크롤 25/100 진행 중...
2025-01-24 11:58:31,577 - GoogleMapsCrawler - INFO - 스크롤 26/100 진행 중...
2025-01-24 11:58:33,609 - GoogleMapsCrawler - INFO - 스크롤 27/100 진행 중...
2025-01-24 11:58:35,644 - GoogleMapsCrawler - INFO - 스크롤 28/100 진행 중...
2025-01-24 11:58:37,681 - GoogleMapsCrawler - INFO - 스크롤 29/100 진행 중...
2025-01-24 11:58:39,702 - GoogleMapsCrawler - INFO - 스크롤 30/100 진행 중...
2025-01-24 11:58:41,717 - GoogleMapsCrawler - INFO - 스크롤 31/100 진행 중...
2025-01-24 11:58:43,729 - GoogleMapsCrawler - INFO - 스크롤 32/100 진행 중...
2025-01-24 11:58:45,758 - GoogleMapsCrawler - INFO - 스크롤 33/100 진행 중...
2025-01-24 11:58:47,801 - GoogleMapsCrawler - INFO - 스크롤 34/100 진행 중...
2025-01-24 11:58:49,837 - GoogleMapsCrawler - INFO - 스크롤 35/100 진행 중...
2025-01-24 11:58:51,870 - GoogleMapsCrawler - INFO - 스크롤 36/100 진행 중...
2025-01-24 11:58:53,891 - GoogleMapsCrawler - INFO - 스크롤 37/100 진행 중...
2025-01-24 11:58:55,999 - GoogleMapsCrawler - INFO - 스크롤 38/100 진행 중...
2025-01-24 11:58:58,016 - GoogleMapsCrawler - INFO - 스크롤 39/100 진행 중...
2025-01-24 11:59:00,041 - GoogleMapsCrawler - INFO - 스크롤 40/100 진행 중...
2025-01-24 11:59:02,072 - GoogleMapsCrawler - INFO - 스크롤 41/100 진행 중...
2025-01-24 11:59:04,104 - GoogleMapsCrawler - INFO - 스크롤 42/100 진행 중...
2025-01-24 11:59:06,118 - GoogleMapsCrawler - INFO - 스크롤 43/100 진행 중...
2025-01-24 11:59:08,148 - GoogleMapsCrawler - INFO - 스크롤 44/100 진행 중...
2025-01-24 11:59:10,163 - GoogleMapsCrawler - INFO - 스크롤 45/100 진행 중...
2025-01-24 11:59:12,194 - GoogleMapsCrawler - INFO - 스크롤 46/100 진행 중...
2025-01-24 11:59:14,207 - GoogleMapsCrawler - INFO - 스크롤 47/100 진행 중...
2025-01-24 11:59:16,226 - GoogleMapsCrawler - INFO - 스크롤 48/100 진행 중...
2025-01-24 11:59:18,241 - GoogleMapsCrawler - INFO - 스크롤 49/100 진행 중...
2025-01-24 11:59:20,264 - GoogleMapsCrawler - INFO - 스크롤 50/100 진행 중...
2025-01-24 11:59:22,278 - GoogleMapsCrawler - INFO - 스크롤 51/100 진행 중...
2025-01-24 11:59:24,294 - GoogleMapsCrawler - INFO - 스크롤 52/100 진행 중...
2025-01-24 11:59:26,314 - GoogleMapsCrawler - INFO - 스크롤 53/100 진행 중...
2025-01-24 11:59:28,328 - GoogleMapsCrawler - INFO - 스크롤 54/100 진행 중...
2025-01-24 11:59:30,344 - GoogleMapsCrawler - INFO - 스크롤 55/100 진행 중...
2025-01-24 11:59:32,360 - GoogleMapsCrawler - INFO - 스크롤 56/100 진행 중...
2025-01-24 11:59:34,377 - GoogleMapsCrawler - INFO - 스크롤 57/100 진행 중...
2025-01-24 11:59:36,394 - GoogleMapsCrawler - INFO - 스크롤 58/100 진행 중...
2025-01-24 11:59:38,409 - GoogleMapsCrawler - INFO - 스크롤 59/100 진행 중...
2025-01-24 11:59:40,425 - GoogleMapsCrawler - INFO - 스크롤 60/100 진행 중...
2025-01-24 11:59:42,441 - GoogleMapsCrawler - INFO - 스크롤 61/100 진행 중...
2025-01-24 11:59:44,457 - GoogleMapsCrawler - INFO - 스크롤 62/100 진행 중...
2025-01-24 11:59:46,472 - GoogleMapsCrawler - INFO - 스크롤 63/100 진행 중...
2025-01-24 11:59:48,487 - GoogleMapsCrawler - INFO - 스크롤 64/100 진행 중...
2025-01-24 11:59:50,504 - GoogleMapsCrawler - INFO - 스크롤 65/100 진행 중...
2025-01-24 11:59:52,520 - GoogleMapsCrawler - INFO - 스크롤 66/100 진행 중...
2025-01-24 11:59:54,537 - GoogleMapsCrawler - INFO - 스크롤 67/100 진행 중...
2025-01-24 11:59:56,554 - GoogleMapsCrawler - INFO - 스크롤 68/100 진행 중...
2025-01-24 11:59:58,571 - GoogleMapsCrawler - INFO - 스크롤 69/100 진행 중...
2025-01-24 12:00:00,590 - GoogleMapsCrawler - INFO - 스크롤 70/100 진행 중...
2025-01-24 12:00:02,606 - GoogleMapsCrawler - INFO - 스크롤 71/100 진행 중...
2025-01-24 12:00:04,622 - GoogleMapsCrawler - INFO - 스크롤 72/100 진행 중...
2025-01-24 12:00:06,637 - GoogleMapsCrawler - INFO - 스크롤 73/100 진행 중...
2025-01-24 12:00:08,652 - GoogleMapsCrawler - INFO - 스크롤 74/100 진행 중...
2025-01-24 12:00:10,668 - GoogleMapsCrawler - INFO - 스크롤 75/100 진행 중...
2025-01-24 12:00:12,681 - GoogleMapsCrawler - INFO - 스크롤 76/100 진행 중...
2025-01-24 12:00:14,697 - GoogleMapsCrawler - INFO - 스크롤 77/100 진행 중...
2025-01-24 12:00:16,714 - GoogleMapsCrawler - INFO - 스크롤 78/100 진행 중...
2025-01-24 12:00:18,728 - GoogleMapsCrawler - INFO - 스크롤 79/100 진행 중...
2025-01-24 12:00:20,744 - GoogleMapsCrawler - INFO - 스크롤 80/100 진행 중...
2025-01-24 12:00:22,761 - GoogleMapsCrawler - INFO - 스크롤 81/100 진행 중...
2025-01-24 12:00:24,773 - GoogleMapsCrawler - INFO - 스크롤 82/100 진행 중...
2025-01-24 12:00:26,791 - GoogleMapsCrawler - INFO - 스크롤 83/100 진행 중...
2025-01-24 12:00:28,807 - GoogleMapsCrawler - INFO - 스크롤 84/100 진행 중...
2025-01-24 12:00:30,823 - GoogleMapsCrawler - INFO - 스크롤 85/100 진행 중...
2025-01-24 12:00:32,838 - GoogleMapsCrawler - INFO - 스크롤 86/100 진행 중...
2025-01-24 12:00:34,855 - GoogleMapsCrawler - INFO - 스크롤 87/100 진행 중...
2025-01-24 12:00:36,871 - GoogleMapsCrawler - INFO - 스크롤 88/100 진행 중...
2025-01-24 12:00:38,889 - GoogleMapsCrawler - INFO - 스크롤 89/100 진행 중...
2025-01-24 12:00:40,904 - GoogleMapsCrawler - INFO - 스크롤 90/100 진행 중...
2025-01-24 12:00:42,917 - GoogleMapsCrawler - INFO - 스크롤 91/100 진행 중...
2025-01-24 12:00:44,937 - GoogleMapsCrawler - INFO - 스크롤 92/100 진행 중...
2025-01-24 12:00:46,952 - GoogleMapsCrawler - INFO - 스크롤 93/100 진행 중...
2025-01-24 12:00:48,967 - GoogleMapsCrawler - INFO - 스크롤 94/100 진행 중...
2025-01-24 12:00:50,982 - GoogleMapsCrawler - INFO - 스크롤 95/100 진행 중...
2025-01-24 12:00:52,997 - GoogleMapsCrawler - INFO - 스크롤 96/100 진행 중...
2025-01-24 12:00:55,024 - GoogleMapsCrawler - INFO - 스크롤 97/100 진행 중...
2025-01-24 12:00:57,040 - GoogleMapsCrawler - INFO - 스크롤 98/100 진행 중...
2025-01-24 12:00:59,072 - GoogleMapsCrawler - INFO - 스크롤 99/100 진행 중...
2025-01-24 12:01:01,100 - GoogleMapsCrawler - INFO - 스크롤 100/100 진행 중...
2025-01-24 12:01:03,113 - GoogleMapsCrawler - INFO - 최상단으로 이동합니다.
2025-01-24 12:01:05,171 - GoogleMapsCrawler - INFO - '더보기' 버튼 클릭을 시작합니다.
2025-01-24 12:03:00,971 - GoogleMapsCrawler - INFO - HTML 데이터를 파싱합니다.
2025-01-24 12:03:01,883 - GoogleMapsCrawler - INFO - 총 360개의 리뷰를 수집했습니다.
2025-01-24 12:03:04,336 - GoogleMapsCrawler - INFO - 브라우저를 종료했습니다.
2025-01-24 12:03:04,339 - GoogleMapsCrawler - INFO - 브라우저를 시작합니다.
2025-01-24 12:03:26,136 - GoogleMapsCrawler - INFO - 브라우저가 성공적으로 시작되었습니다.
2025-01-24 12:03:26,137 - GoogleMapsCrawler - INFO - 스크롤 영역을 탐색합니다.
2025-01-24 12:03:26,158 - GoogleMapsCrawler - INFO - 스크롤 1/100 진행 중...
2025-01-24 12:03:28,191 - GoogleMapsCrawler - INFO - 스크롤 2/100 진행 중...
2025-01-24 12:03:30,210 - GoogleMapsCrawler - INFO - 스크롤 3/100 진행 중...
2025-01-24 12:03:32,226 - GoogleMapsCrawler - INFO - 스크롤 4/100 진행 중...
2025-01-24 12:03:34,244 - GoogleMapsCrawler - INFO - 스크롤 5/100 진행 중...
2025-01-24 12:03:36,256 - GoogleMapsCrawler - INFO - 스크롤 6/100 진행 중...
2025-01-24 12:03:38,265 - GoogleMapsCrawler - INFO - 스크롤 7/100 진행 중...
2025-01-24 12:03:40,282 - GoogleMapsCrawler - INFO - 스크롤 8/100 진행 중...
2025-01-24 12:03:42,299 - GoogleMapsCrawler - INFO - 스크롤 9/100 진행 중...
2025-01-24 12:03:44,314 - GoogleMapsCrawler - INFO - 스크롤 10/100 진행 중...
2025-01-24 12:03:46,342 - GoogleMapsCrawler - INFO - 스크롤 11/100 진행 중...
2025-01-24 12:03:48,358 - GoogleMapsCrawler - INFO - 스크롤 12/100 진행 중...
2025-01-24 12:03:50,378 - GoogleMapsCrawler - INFO - 스크롤 13/100 진행 중...
2025-01-24 12:03:52,394 - GoogleMapsCrawler - INFO - 스크롤 14/100 진행 중...
2025-01-24 12:03:54,411 - GoogleMapsCrawler - INFO - 스크롤 15/100 진행 중...
2025-01-24 12:03:56,871 - GoogleMapsCrawler - INFO - 스크롤 16/100 진행 중...
2025-01-24 12:03:58,889 - GoogleMapsCrawler - INFO - 스크롤 17/100 진행 중...
2025-01-24 12:04:00,922 - GoogleMapsCrawler - INFO - 스크롤 18/100 진행 중...
2025-01-24 12:04:02,934 - GoogleMapsCrawler - INFO - 스크롤 19/100 진행 중...
2025-01-24 12:04:05,300 - GoogleMapsCrawler - INFO - 스크롤 20/100 진행 중...
2025-01-24 12:04:08,113 - GoogleMapsCrawler - INFO - 스크롤 21/100 진행 중...
2025-01-24 12:04:10,140 - GoogleMapsCrawler - INFO - 스크롤 22/100 진행 중...
2025-01-24 12:04:12,165 - GoogleMapsCrawler - INFO - 스크롤 23/100 진행 중...
2025-01-24 12:04:14,176 - GoogleMapsCrawler - INFO - 스크롤 24/100 진행 중...
2025-01-24 12:04:16,188 - GoogleMapsCrawler - INFO - 스크롤 25/100 진행 중...
2025-01-24 12:04:18,207 - GoogleMapsCrawler - INFO - 스크롤 26/100 진행 중...
2025-01-24 12:04:20,224 - GoogleMapsCrawler - INFO - 스크롤 27/100 진행 중...
2025-01-24 12:04:22,240 - GoogleMapsCrawler - INFO - 스크롤 28/100 진행 중...
2025-01-24 12:04:24,431 - GoogleMapsCrawler - INFO - 스크롤 29/100 진행 중...
2025-01-24 12:04:26,465 - GoogleMapsCrawler - INFO - 스크롤 30/100 진행 중...
2025-01-24 12:04:28,556 - GoogleMapsCrawler - INFO - 스크롤 31/100 진행 중...
2025-01-24 12:04:30,587 - GoogleMapsCrawler - INFO - 스크롤 32/100 진행 중...
2025-01-24 12:04:32,614 - GoogleMapsCrawler - INFO - 스크롤 33/100 진행 중...
2025-01-24 12:04:34,684 - GoogleMapsCrawler - INFO - 스크롤 34/100 진행 중...
2025-01-24 12:04:36,776 - GoogleMapsCrawler - INFO - 스크롤 35/100 진행 중...
2025-01-24 12:04:39,042 - GoogleMapsCrawler - INFO - 스크롤 36/100 진행 중...
2025-01-24 12:04:41,070 - GoogleMapsCrawler - INFO - 스크롤 37/100 진행 중...
2025-01-24 12:04:43,095 - GoogleMapsCrawler - INFO - 스크롤 38/100 진행 중...
2025-01-24 12:04:45,117 - GoogleMapsCrawler - INFO - 스크롤 39/100 진행 중...
2025-01-24 12:04:47,132 - GoogleMapsCrawler - INFO - 스크롤 40/100 진행 중...
2025-01-24 12:04:49,155 - GoogleMapsCrawler - INFO - 스크롤 41/100 진행 중...
2025-01-24 12:04:51,183 - GoogleMapsCrawler - INFO - 스크롤 42/100 진행 중...
2025-01-24 12:04:53,198 - GoogleMapsCrawler - INFO - 스크롤 43/100 진행 중...
2025-01-24 12:04:55,212 - GoogleMapsCrawler - INFO - 스크롤 44/100 진행 중...
2025-01-24 12:04:57,230 - GoogleMapsCrawler - INFO - 스크롤 45/100 진행 중...
2025-01-24 12:04:59,248 - GoogleMapsCrawler - INFO - 스크롤 46/100 진행 중...
2025-01-24 12:05:01,263 - GoogleMapsCrawler - INFO - 스크롤 47/100 진행 중...
2025-01-24 12:05:03,274 - GoogleMapsCrawler - INFO - 스크롤 48/100 진행 중...
2025-01-24 12:05:05,289 - GoogleMapsCrawler - INFO - 스크롤 49/100 진행 중...
2025-01-24 12:05:07,302 - GoogleMapsCrawler - INFO - 스크롤 50/100 진행 중...
2025-01-24 12:05:09,318 - GoogleMapsCrawler - INFO - 스크롤 51/100 진행 중...
2025-01-24 12:05:11,338 - GoogleMapsCrawler - INFO - 스크롤 52/100 진행 중...
2025-01-24 12:05:13,352 - GoogleMapsCrawler - INFO - 스크롤 53/100 진행 중...
2025-01-24 12:05:15,370 - GoogleMapsCrawler - INFO - 스크롤 54/100 진행 중...
2025-01-24 12:05:17,384 - GoogleMapsCrawler - INFO - 스크롤 55/100 진행 중...
2025-01-24 12:05:19,402 - GoogleMapsCrawler - INFO - 스크롤 56/100 진행 중...
2025-01-24 12:05:21,419 - GoogleMapsCrawler - INFO - 스크롤 57/100 진행 중...
2025-01-24 12:05:23,437 - GoogleMapsCrawler - INFO - 스크롤 58/100 진행 중...
2025-01-24 12:05:25,452 - GoogleMapsCrawler - INFO - 스크롤 59/100 진행 중...
2025-01-24 12:05:27,468 - GoogleMapsCrawler - INFO - 스크롤 60/100 진행 중...
2025-01-24 12:05:29,484 - GoogleMapsCrawler - INFO - 스크롤 61/100 진행 중...
2025-01-24 12:05:31,499 - GoogleMapsCrawler - INFO - 스크롤 62/100 진행 중...
2025-01-24 12:05:33,513 - GoogleMapsCrawler - INFO - 스크롤 63/100 진행 중...
2025-01-24 12:05:35,530 - GoogleMapsCrawler - INFO - 스크롤 64/100 진행 중...
2025-01-24 12:05:37,546 - GoogleMapsCrawler - INFO - 스크롤 65/100 진행 중...
2025-01-24 12:05:39,561 - GoogleMapsCrawler - INFO - 스크롤 66/100 진행 중...
2025-01-24 12:05:41,579 - GoogleMapsCrawler - INFO - 스크롤 67/100 진행 중...
2025-01-24 12:05:43,596 - GoogleMapsCrawler - INFO - 스크롤 68/100 진행 중...
2025-01-24 12:05:45,610 - GoogleMapsCrawler - INFO - 스크롤 69/100 진행 중...
2025-01-24 12:05:47,627 - GoogleMapsCrawler - INFO - 스크롤 70/100 진행 중...
2025-01-24 12:05:49,642 - GoogleMapsCrawler - INFO - 스크롤 71/100 진행 중...
2025-01-24 12:05:51,659 - GoogleMapsCrawler - INFO - 스크롤 72/100 진행 중...
2025-01-24 12:05:53,676 - GoogleMapsCrawler - INFO - 스크롤 73/100 진행 중...
2025-01-24 12:05:55,693 - GoogleMapsCrawler - INFO - 스크롤 74/100 진행 중...
2025-01-24 12:05:57,707 - GoogleMapsCrawler - INFO - 스크롤 75/100 진행 중...
2025-01-24 12:05:59,722 - GoogleMapsCrawler - INFO - 스크롤 76/100 진행 중...
2025-01-24 12:06:01,745 - GoogleMapsCrawler - INFO - 스크롤 77/100 진행 중...
2025-01-24 12:06:03,761 - GoogleMapsCrawler - INFO - 스크롤 78/100 진행 중...
2025-01-24 12:06:05,774 - GoogleMapsCrawler - INFO - 스크롤 79/100 진행 중...
2025-01-24 12:06:07,789 - GoogleMapsCrawler - INFO - 스크롤 80/100 진행 중...
2025-01-24 12:06:09,804 - GoogleMapsCrawler - INFO - 스크롤 81/100 진행 중...
2025-01-24 12:06:11,834 - GoogleMapsCrawler - INFO - 스크롤 82/100 진행 중...
2025-01-24 12:06:13,850 - GoogleMapsCrawler - INFO - 스크롤 83/100 진행 중...
2025-01-24 12:06:15,869 - GoogleMapsCrawler - INFO - 스크롤 84/100 진행 중...
2025-01-24 12:06:17,883 - GoogleMapsCrawler - INFO - 스크롤 85/100 진행 중...
2025-01-24 12:06:19,902 - GoogleMapsCrawler - INFO - 스크롤 86/100 진행 중...
2025-01-24 12:06:21,918 - GoogleMapsCrawler - INFO - 스크롤 87/100 진행 중...
2025-01-24 12:06:23,937 - GoogleMapsCrawler - INFO - 스크롤 88/100 진행 중...
2025-01-24 12:06:25,952 - GoogleMapsCrawler - INFO - 스크롤 89/100 진행 중...
2025-01-24 12:06:27,967 - GoogleMapsCrawler - INFO - 스크롤 90/100 진행 중...
2025-01-24 12:06:29,985 - GoogleMapsCrawler - INFO - 스크롤 91/100 진행 중...
2025-01-24 12:06:32,000 - GoogleMapsCrawler - INFO - 스크롤 92/100 진행 중...
2025-01-24 12:06:34,017 - GoogleMapsCrawler - INFO - 스크롤 93/100 진행 중...
2025-01-24 12:06:36,034 - GoogleMapsCrawler - INFO - 스크롤 94/100 진행 중...
2025-01-24 12:06:38,048 - GoogleMapsCrawler - INFO - 스크롤 95/100 진행 중...
2025-01-24 12:06:40,061 - GoogleMapsCrawler - INFO - 스크롤 96/100 진행 중...
2025-01-24 12:06:42,077 - GoogleMapsCrawler - INFO - 스크롤 97/100 진행 중...
2025-01-24 12:06:44,093 - GoogleMapsCrawler - INFO - 스크롤 98/100 진행 중...
2025-01-24 12:06:46,111 - GoogleMapsCrawler - INFO - 스크롤 99/100 진행 중...
2025-01-24 12:06:48,143 - GoogleMapsCrawler - INFO - 스크롤 100/100 진행 중...
2025-01-24 12:06:50,158 - GoogleMapsCrawler - INFO - 최상단으로 이동합니다.
2025-01-24 12:06:52,205 - GoogleMapsCrawler - INFO - '더보기' 버튼 클릭을 시작합니다.
2025-01-24 12:08:56,674 - GoogleMapsCrawler - INFO - HTML 데이터를 파싱합니다.
2025-01-24 12:08:57,905 - GoogleMapsCrawler - INFO - 총 720개의 리뷰를 수집했습니다.
2025-01-24 12:09:00,625 - GoogleMapsCrawler - INFO - 브라우저를 종료했습니다.
2025-01-24 14:11:44,415 - GoogleMapsCrawler - INFO - 브라우저를 시작합니다.
2025-01-24 14:11:51,439 - GoogleMapsCrawler - INFO - 브라우저가 성공적으로 시작되었습니다.
2025-01-24 14:11:51,445 - GoogleMapsCrawler - INFO - 스크롤 영역을 탐색합니다.
2025-01-24 14:11:51,465 - GoogleMapsCrawler - INFO - 스크롤 1/100 진행 중...
2025-01-24 14:11:53,488 - GoogleMapsCrawler - INFO - 스크롤 2/100 진행 중...
2025-01-24 14:11:55,745 - GoogleMapsCrawler - INFO - 스크롤 3/100 진행 중...
2025-01-24 14:11:57,759 - GoogleMapsCrawler - INFO - 스크롤 4/100 진행 중...
2025-01-24 14:11:59,772 - GoogleMapsCrawler - INFO - 스크롤 5/100 진행 중...
2025-01-24 14:12:01,785 - GoogleMapsCrawler - INFO - 스크롤 6/100 진행 중...
2025-01-24 14:12:03,799 - GoogleMapsCrawler - INFO - 스크롤 7/100 진행 중...
2025-01-24 14:12:06,209 - GoogleMapsCrawler - INFO - 브라우저를 종료했습니다.
2025-01-24 14:12:24,884 - GoogleMapsCrawler - INFO - 브라우저를 시작합니다.
2025-01-24 14:12:35,260 - GoogleMapsCrawler - INFO - 브라우저가 성공적으로 시작되었습니다.
2025-01-24 14:12:35,261 - GoogleMapsCrawler - INFO - 스크롤 영역을 탐색합니다.
2025-01-24 14:12:35,298 - GoogleMapsCrawler - INFO - 스크롤 1/100 진행 중...
2025-01-24 14:12:36,330 - GoogleMapsCrawler - INFO - 스크롤 2/100 진행 중...
2025-01-24 14:12:37,350 - GoogleMapsCrawler - INFO - 스크롤 3/100 진행 중...
2025-01-24 14:12:38,365 - GoogleMapsCrawler - INFO - 스크롤 4/100 진행 중...
2025-01-24 14:12:39,433 - GoogleMapsCrawler - INFO - 스크롤 5/100 진행 중...
2025-01-24 14:12:40,498 - GoogleMapsCrawler - INFO - 스크롤 6/100 진행 중...
2025-01-24 14:12:41,558 - GoogleMapsCrawler - INFO - 스크롤 7/100 진행 중...
2025-01-24 14:12:42,614 - GoogleMapsCrawler - INFO - 스크롤 8/100 진행 중...
2025-01-24 14:12:43,648 - GoogleMapsCrawler - INFO - 스크롤 9/100 진행 중...
2025-01-24 14:12:44,663 - GoogleMapsCrawler - INFO - 스크롤 10/100 진행 중...
2025-01-24 14:12:45,677 - GoogleMapsCrawler - INFO - 스크롤 11/100 진행 중...
2025-01-24 14:12:46,700 - GoogleMapsCrawler - INFO - 스크롤 12/100 진행 중...
2025-01-24 14:12:47,717 - GoogleMapsCrawler - INFO - 스크롤 13/100 진행 중...
2025-01-24 14:12:48,738 - GoogleMapsCrawler - INFO - 스크롤 14/100 진행 중...
2025-01-24 14:12:49,762 - GoogleMapsCrawler - INFO - 스크롤 15/100 진행 중...
2025-01-24 14:12:50,780 - GoogleMapsCrawler - INFO - 스크롤 16/100 진행 중...
2025-01-24 14:12:51,793 - GoogleMapsCrawler - INFO - 스크롤 17/100 진행 중...
2025-01-24 14:12:52,815 - GoogleMapsCrawler - INFO - 스크롤 18/100 진행 중...
2025-01-24 14:12:53,846 - GoogleMapsCrawler - INFO - 스크롤 19/100 진행 중...
2025-01-24 14:12:54,861 - GoogleMapsCrawler - INFO - 스크롤 20/100 진행 중...
2025-01-24 14:12:55,875 - GoogleMapsCrawler - INFO - 스크롤 21/100 진행 중...
2025-01-24 14:12:56,888 - GoogleMapsCrawler - INFO - 스크롤 22/100 진행 중...
2025-01-24 14:12:57,925 - GoogleMapsCrawler - INFO - 스크롤 23/100 진행 중...
2025-01-24 14:12:58,947 - GoogleMapsCrawler - INFO - 스크롤 24/100 진행 중...
2025-01-24 14:12:59,965 - GoogleMapsCrawler - INFO - 스크롤 25/100 진행 중...
2025-01-24 14:13:01,396 - GoogleMapsCrawler - INFO - 스크롤 26/100 진행 중...
2025-01-24 14:13:02,427 - GoogleMapsCrawler - INFO - 스크롤 27/100 진행 중...
2025-01-24 14:13:03,739 - GoogleMapsCrawler - INFO - 스크롤 28/100 진행 중...
2025-01-24 14:13:04,848 - GoogleMapsCrawler - INFO - 스크롤 29/100 진행 중...
2025-01-24 14:13:05,929 - GoogleMapsCrawler - INFO - 스크롤 30/100 진행 중...
2025-01-24 14:13:07,036 - GoogleMapsCrawler - INFO - 스크롤 31/100 진행 중...
2025-01-24 14:13:08,264 - GoogleMapsCrawler - INFO - 스크롤 32/100 진행 중...
2025-01-24 14:13:09,477 - GoogleMapsCrawler - INFO - 스크롤 33/100 진행 중...
2025-01-24 14:13:10,581 - GoogleMapsCrawler - INFO - 스크롤 34/100 진행 중...
2025-01-24 14:13:11,721 - GoogleMapsCrawler - INFO - 스크롤 35/100 진행 중...
2025-01-24 14:13:13,256 - GoogleMapsCrawler - INFO - 스크롤 36/100 진행 중...
2025-01-24 14:13:14,424 - GoogleMapsCrawler - INFO - 스크롤 37/100 진행 중...
2025-01-24 14:13:15,462 - GoogleMapsCrawler - INFO - 스크롤 38/100 진행 중...
2025-01-24 14:13:16,717 - GoogleMapsCrawler - INFO - 스크롤 39/100 진행 중...
2025-01-24 14:13:17,967 - GoogleMapsCrawler - INFO - 스크롤 40/100 진행 중...
2025-01-24 14:13:18,978 - GoogleMapsCrawler - INFO - 스크롤 41/100 진행 중...
2025-01-24 14:13:19,996 - GoogleMapsCrawler - INFO - 스크롤 42/100 진행 중...
2025-01-24 14:13:21,012 - GoogleMapsCrawler - INFO - 스크롤 43/100 진행 중...
2025-01-24 14:13:22,029 - GoogleMapsCrawler - INFO - 스크롤 44/100 진행 중...
2025-01-24 14:13:23,046 - GoogleMapsCrawler - INFO - 스크롤 45/100 진행 중...
2025-01-24 14:13:24,059 - GoogleMapsCrawler - INFO - 스크롤 46/100 진행 중...
2025-01-24 14:13:25,072 - GoogleMapsCrawler - INFO - 스크롤 47/100 진행 중...
2025-01-24 14:13:26,085 - GoogleMapsCrawler - INFO - 스크롤 48/100 진행 중...
2025-01-24 14:13:27,100 - GoogleMapsCrawler - INFO - 스크롤 49/100 진행 중...
2025-01-24 14:13:28,115 - GoogleMapsCrawler - INFO - 스크롤 50/100 진행 중...
2025-01-24 14:13:29,133 - GoogleMapsCrawler - INFO - 스크롤 51/100 진행 중...
2025-01-24 14:13:30,150 - GoogleMapsCrawler - INFO - 스크롤 52/100 진행 중...
2025-01-24 14:13:31,166 - GoogleMapsCrawler - INFO - 스크롤 53/100 진행 중...
2025-01-24 14:13:32,181 - GoogleMapsCrawler - INFO - 스크롤 54/100 진행 중...
2025-01-24 14:13:33,197 - GoogleMapsCrawler - INFO - 스크롤 55/100 진행 중...
2025-01-24 14:13:34,214 - GoogleMapsCrawler - INFO - 스크롤 56/100 진행 중...
2025-01-24 14:13:35,231 - GoogleMapsCrawler - INFO - 스크롤 57/100 진행 중...
2025-01-24 14:13:36,286 - GoogleMapsCrawler - INFO - 스크롤 58/100 진행 중...
2025-01-24 14:13:37,304 - GoogleMapsCrawler - INFO - 스크롤 59/100 진행 중...
2025-01-24 14:13:38,324 - GoogleMapsCrawler - INFO - 스크롤 60/100 진행 중...
2025-01-24 14:13:39,337 - GoogleMapsCrawler - INFO - 스크롤 61/100 진행 중...
2025-01-24 14:13:40,357 - GoogleMapsCrawler - INFO - 스크롤 62/100 진행 중...
2025-01-24 14:13:41,374 - GoogleMapsCrawler - INFO - 스크롤 63/100 진행 중...
2025-01-24 14:13:42,390 - GoogleMapsCrawler - INFO - 스크롤 64/100 진행 중...
2025-01-24 14:13:43,407 - GoogleMapsCrawler - INFO - 스크롤 65/100 진행 중...
2025-01-24 14:13:44,421 - GoogleMapsCrawler - INFO - 스크롤 66/100 진행 중...
2025-01-24 14:13:45,435 - GoogleMapsCrawler - INFO - 스크롤 67/100 진행 중...
2025-01-24 14:13:46,452 - GoogleMapsCrawler - INFO - 스크롤 68/100 진행 중...
2025-01-24 14:13:47,472 - GoogleMapsCrawler - INFO - 스크롤 69/100 진행 중...
2025-01-24 14:13:48,488 - GoogleMapsCrawler - INFO - 스크롤 70/100 진행 중...
2025-01-24 14:13:49,501 - GoogleMapsCrawler - INFO - 스크롤 71/100 진행 중...
2025-01-24 14:13:50,521 - GoogleMapsCrawler - INFO - 스크롤 72/100 진행 중...
2025-01-24 14:13:51,537 - GoogleMapsCrawler - INFO - 스크롤 73/100 진행 중...
2025-01-24 14:13:52,560 - GoogleMapsCrawler - INFO - 스크롤 74/100 진행 중...
2025-01-24 14:13:53,576 - GoogleMapsCrawler - INFO - 스크롤 75/100 진행 중...
2025-01-24 14:13:54,592 - GoogleMapsCrawler - INFO - 스크롤 76/100 진행 중...
2025-01-24 14:13:55,611 - GoogleMapsCrawler - INFO - 스크롤 77/100 진행 중...
2025-01-24 14:13:56,630 - GoogleMapsCrawler - INFO - 스크롤 78/100 진행 중...
2025-01-24 14:13:57,649 - GoogleMapsCrawler - INFO - 스크롤 79/100 진행 중...
2025-01-24 14:13:58,667 - GoogleMapsCrawler - INFO - 스크롤 80/100 진행 중...
2025-01-24 14:13:59,685 - GoogleMapsCrawler - INFO - 스크롤 81/100 진행 중...
2025-01-24 14:14:00,703 - GoogleMapsCrawler - INFO - 스크롤 82/100 진행 중...
2025-01-24 14:14:01,720 - GoogleMapsCrawler - INFO - 스크롤 83/100 진행 중...
2025-01-24 14:14:02,737 - GoogleMapsCrawler - INFO - 스크롤 84/100 진행 중...
2025-01-24 14:14:03,754 - GoogleMapsCrawler - INFO - 스크롤 85/100 진행 중...
2025-01-24 14:14:04,770 - GoogleMapsCrawler - INFO - 스크롤 86/100 진행 중...
2025-01-24 14:14:05,792 - GoogleMapsCrawler - INFO - 스크롤 87/100 진행 중...
2025-01-24 14:14:06,808 - GoogleMapsCrawler - INFO - 스크롤 88/100 진행 중...
2025-01-24 14:14:07,822 - GoogleMapsCrawler - INFO - 스크롤 89/100 진행 중...
2025-01-24 14:14:08,837 - GoogleMapsCrawler - INFO - 스크롤 90/100 진행 중...
2025-01-24 14:14:09,855 - GoogleMapsCrawler - INFO - 스크롤 91/100 진행 중...
2025-01-24 14:14:10,874 - GoogleMapsCrawler - INFO - 스크롤 92/100 진행 중...
2025-01-24 14:14:11,890 - GoogleMapsCrawler - INFO - 스크롤 93/100 진행 중...
2025-01-24 14:14:12,908 - GoogleMapsCrawler - INFO - 스크롤 94/100 진행 중...
2025-01-24 14:14:13,926 - GoogleMapsCrawler - INFO - 스크롤 95/100 진행 중...
2025-01-24 14:14:14,945 - GoogleMapsCrawler - INFO - 스크롤 96/100 진행 중...
2025-01-24 14:14:15,963 - GoogleMapsCrawler - INFO - 스크롤 97/100 진행 중...
2025-01-24 14:14:16,978 - GoogleMapsCrawler - INFO - 스크롤 98/100 진행 중...
2025-01-24 14:14:17,990 - GoogleMapsCrawler - INFO - 스크롤 99/100 진행 중...
2025-01-24 14:14:19,005 - GoogleMapsCrawler - INFO - 스크롤 100/100 진행 중...
2025-01-24 14:14:20,036 - GoogleMapsCrawler - INFO - 최상단으로 이동합니다.
2025-01-24 14:14:21,096 - GoogleMapsCrawler - INFO - '더보기' 버튼 클릭을 시작합니다.
2025-01-24 14:15:47,276 - GoogleMapsCrawler - INFO - HTML 데이터를 파싱합니다.
2025-01-24 14:15:49,346 - GoogleMapsCrawler - INFO - 총 360개의 리뷰를 수집했습니다.
2025-01-24 14:15:52,227 - GoogleMapsCrawler - INFO - 브라우저를 종료했습니다.
2025-01-24 14:15:52,228 - GoogleMapsCrawler - INFO - 브라우저를 시작합니다.
2025-01-24 14:15:59,844 - GoogleMapsCrawler - INFO - 브라우저가 성공적으로 시작되었습니다.
2025-01-24 14:15:59,845 - GoogleMapsCrawler - INFO - 스크롤 영역을 탐색합니다.
2025-01-24 14:15:59,870 - GoogleMapsCrawler - INFO - 스크롤 1/100 진행 중...
2025-01-24 14:16:00,899 - GoogleMapsCrawler - INFO - 스크롤 2/100 진행 중...
2025-01-24 14:16:01,918 - GoogleMapsCrawler - INFO - 스크롤 3/100 진행 중...
2025-01-24 14:16:02,934 - GoogleMapsCrawler - INFO - 스크롤 4/100 진행 중...
2025-01-24 14:16:03,958 - GoogleMapsCrawler - INFO - 스크롤 5/100 진행 중...
2025-01-24 14:16:04,992 - GoogleMapsCrawler - INFO - 스크롤 6/100 진행 중...
2025-01-24 14:16:06,011 - GoogleMapsCrawler - INFO - 스크롤 7/100 진행 중...
2025-01-24 14:16:07,032 - GoogleMapsCrawler - INFO - 스크롤 8/100 진행 중...
2025-01-24 14:16:08,192 - GoogleMapsCrawler - INFO - 스크롤 9/100 진행 중...
2025-01-24 14:16:09,217 - GoogleMapsCrawler - INFO - 스크롤 10/100 진행 중...
2025-01-24 14:16:10,242 - GoogleMapsCrawler - INFO - 스크롤 11/100 진행 중...
2025-01-24 14:16:11,274 - GoogleMapsCrawler - INFO - 스크롤 12/100 진행 중...
2025-01-24 14:16:12,288 - GoogleMapsCrawler - INFO - 스크롤 13/100 진행 중...
2025-01-24 14:16:13,339 - GoogleMapsCrawler - INFO - 스크롤 14/100 진행 중...
2025-01-24 14:16:14,492 - GoogleMapsCrawler - INFO - 스크롤 15/100 진행 중...
2025-01-24 14:16:15,510 - GoogleMapsCrawler - INFO - 스크롤 16/100 진행 중...
2025-01-24 14:16:16,589 - GoogleMapsCrawler - INFO - 스크롤 17/100 진행 중...
2025-01-24 14:16:17,910 - GoogleMapsCrawler - INFO - 스크롤 18/100 진행 중...
2025-01-24 14:16:19,044 - GoogleMapsCrawler - INFO - 스크롤 19/100 진행 중...
2025-01-24 14:16:20,357 - GoogleMapsCrawler - INFO - 스크롤 20/100 진행 중...
2025-01-24 14:16:21,479 - GoogleMapsCrawler - INFO - 스크롤 21/100 진행 중...
2025-01-24 14:16:22,494 - GoogleMapsCrawler - INFO - 스크롤 22/100 진행 중...
2025-01-24 14:16:23,644 - GoogleMapsCrawler - INFO - 스크롤 23/100 진행 중...
2025-01-24 14:16:24,690 - GoogleMapsCrawler - INFO - 스크롤 24/100 진행 중...
2025-01-24 14:16:25,705 - GoogleMapsCrawler - INFO - 스크롤 25/100 진행 중...
2025-01-24 14:16:26,814 - GoogleMapsCrawler - INFO - 스크롤 26/100 진행 중...
2025-01-24 14:16:27,989 - GoogleMapsCrawler - INFO - 스크롤 27/100 진행 중...
2025-01-24 14:16:29,043 - GoogleMapsCrawler - INFO - 스크롤 28/100 진행 중...
2025-01-24 14:16:30,057 - GoogleMapsCrawler - INFO - 스크롤 29/100 진행 중...
2025-01-24 14:16:31,183 - GoogleMapsCrawler - INFO - 스크롤 30/100 진행 중...
2025-01-24 14:16:32,601 - GoogleMapsCrawler - INFO - 스크롤 31/100 진행 중...
2025-01-24 14:16:33,813 - GoogleMapsCrawler - INFO - 스크롤 32/100 진행 중...
2025-01-24 14:16:34,869 - GoogleMapsCrawler - INFO - 스크롤 33/100 진행 중...
2025-01-24 14:16:35,890 - GoogleMapsCrawler - INFO - 스크롤 34/100 진행 중...
2025-01-24 14:16:37,040 - GoogleMapsCrawler - INFO - 스크롤 35/100 진행 중...
2025-01-24 14:16:38,065 - GoogleMapsCrawler - INFO - 스크롤 36/100 진행 중...
2025-01-24 14:16:39,079 - GoogleMapsCrawler - INFO - 스크롤 37/100 진행 중...
2025-01-24 14:16:40,184 - GoogleMapsCrawler - INFO - 스크롤 38/100 진행 중...
2025-01-24 14:16:41,900 - GoogleMapsCrawler - INFO - 스크롤 39/100 진행 중...
2025-01-24 14:16:43,336 - GoogleMapsCrawler - INFO - 스크롤 40/100 진행 중...
2025-01-24 14:16:44,592 - GoogleMapsCrawler - INFO - 스크롤 41/100 진행 중...
2025-01-24 14:16:45,602 - GoogleMapsCrawler - INFO - 스크롤 42/100 진행 중...
2025-01-24 14:16:46,622 - GoogleMapsCrawler - INFO - 스크롤 43/100 진행 중...
2025-01-24 14:16:48,005 - GoogleMapsCrawler - INFO - 스크롤 44/100 진행 중...
2025-01-24 14:16:49,015 - GoogleMapsCrawler - INFO - 스크롤 45/100 진행 중...
2025-01-24 14:16:50,177 - GoogleMapsCrawler - INFO - 스크롤 46/100 진행 중...
2025-01-24 14:16:51,197 - GoogleMapsCrawler - INFO - 스크롤 47/100 진행 중...
2025-01-24 14:16:52,213 - GoogleMapsCrawler - INFO - 스크롤 48/100 진행 중...
2025-01-24 14:16:53,224 - GoogleMapsCrawler - INFO - 스크롤 49/100 진행 중...
2025-01-24 14:16:54,249 - GoogleMapsCrawler - INFO - 스크롤 50/100 진행 중...
2025-01-24 14:16:55,272 - GoogleMapsCrawler - INFO - 스크롤 51/100 진행 중...
2025-01-24 14:16:56,292 - GoogleMapsCrawler - INFO - 스크롤 52/100 진행 중...
2025-01-24 14:16:57,311 - GoogleMapsCrawler - INFO - 스크롤 53/100 진행 중...
2025-01-24 14:16:58,327 - GoogleMapsCrawler - INFO - 스크롤 54/100 진행 중...
2025-01-24 14:16:59,336 - GoogleMapsCrawler - INFO - 스크롤 55/100 진행 중...
2025-01-24 14:17:00,355 - GoogleMapsCrawler - INFO - 스크롤 56/100 진행 중...
2025-01-24 14:17:01,369 - GoogleMapsCrawler - INFO - 스크롤 57/100 진행 중...
2025-01-24 14:17:02,385 - GoogleMapsCrawler - INFO - 스크롤 58/100 진행 중...
2025-01-24 14:17:03,404 - GoogleMapsCrawler - INFO - 스크롤 59/100 진행 중...
2025-01-24 14:17:04,419 - GoogleMapsCrawler - INFO - 스크롤 60/100 진행 중...
2025-01-24 14:17:05,437 - GoogleMapsCrawler - INFO - 스크롤 61/100 진행 중...
2025-01-24 14:17:06,466 - GoogleMapsCrawler - INFO - 스크롤 62/100 진행 중...
2025-01-24 14:17:07,503 - GoogleMapsCrawler - INFO - 스크롤 63/100 진행 중...
2025-01-24 14:17:08,531 - GoogleMapsCrawler - INFO - 스크롤 64/100 진행 중...
2025-01-24 14:17:09,565 - GoogleMapsCrawler - INFO - 스크롤 65/100 진행 중...
2025-01-24 14:17:10,579 - GoogleMapsCrawler - INFO - 스크롤 66/100 진행 중...
2025-01-24 14:17:11,600 - GoogleMapsCrawler - INFO - 스크롤 67/100 진행 중...
2025-01-24 14:17:12,616 - GoogleMapsCrawler - INFO - 스크롤 68/100 진행 중...
2025-01-24 14:17:13,633 - GoogleMapsCrawler - INFO - 스크롤 69/100 진행 중...
2025-01-24 14:17:14,653 - GoogleMapsCrawler - INFO - 스크롤 70/100 진행 중...
2025-01-24 14:17:15,674 - GoogleMapsCrawler - INFO - 스크롤 71/100 진행 중...
2025-01-24 14:17:16,688 - GoogleMapsCrawler - INFO - 스크롤 72/100 진행 중...
2025-01-24 14:17:17,705 - GoogleMapsCrawler - INFO - 스크롤 73/100 진행 중...
2025-01-24 14:17:18,725 - GoogleMapsCrawler - INFO - 스크롤 74/100 진행 중...
2025-01-24 14:17:19,744 - GoogleMapsCrawler - INFO - 스크롤 75/100 진행 중...
2025-01-24 14:17:20,761 - GoogleMapsCrawler - INFO - 스크롤 76/100 진행 중...
2025-01-24 14:17:21,779 - GoogleMapsCrawler - INFO - 스크롤 77/100 진행 중...
2025-01-24 14:17:22,797 - GoogleMapsCrawler - INFO - 스크롤 78/100 진행 중...
2025-01-24 14:17:23,813 - GoogleMapsCrawler - INFO - 스크롤 79/100 진행 중...
2025-01-24 14:17:24,830 - GoogleMapsCrawler - INFO - 스크롤 80/100 진행 중...
2025-01-24 14:17:25,849 - GoogleMapsCrawler - INFO - 스크롤 81/100 진행 중...
2025-01-24 14:17:26,864 - GoogleMapsCrawler - INFO - 스크롤 82/100 진행 중...
2025-01-24 14:17:27,881 - GoogleMapsCrawler - INFO - 스크롤 83/100 진행 중...
2025-01-24 14:17:28,898 - GoogleMapsCrawler - INFO - 스크롤 84/100 진행 중...
2025-01-24 14:17:29,912 - GoogleMapsCrawler - INFO - 스크롤 85/100 진행 중...
2025-01-24 14:17:30,931 - GoogleMapsCrawler - INFO - 스크롤 86/100 진행 중...
2025-01-24 14:17:31,945 - GoogleMapsCrawler - INFO - 스크롤 87/100 진행 중...
2025-01-24 14:17:32,961 - GoogleMapsCrawler - INFO - 스크롤 88/100 진행 중...
2025-01-24 14:17:33,981 - GoogleMapsCrawler - INFO - 스크롤 89/100 진행 중...
2025-01-24 14:17:35,000 - GoogleMapsCrawler - INFO - 스크롤 90/100 진행 중...
2025-01-24 14:17:36,018 - GoogleMapsCrawler - INFO - 스크롤 91/100 진행 중...
2025-01-24 14:17:37,034 - GoogleMapsCrawler - INFO - 스크롤 92/100 진행 중...
2025-01-24 14:17:38,048 - GoogleMapsCrawler - INFO - 스크롤 93/100 진행 중...
2025-01-24 14:17:39,065 - GoogleMapsCrawler - INFO - 스크롤 94/100 진행 중...
2025-01-24 14:17:40,079 - GoogleMapsCrawler - INFO - 스크롤 95/100 진행 중...
2025-01-24 14:17:41,097 - GoogleMapsCrawler - INFO - 스크롤 96/100 진행 중...
2025-01-24 14:17:42,114 - GoogleMapsCrawler - INFO - 스크롤 97/100 진행 중...
2025-01-24 14:17:43,130 - GoogleMapsCrawler - INFO - 스크롤 98/100 진행 중...
2025-01-24 14:17:44,145 - GoogleMapsCrawler - INFO - 스크롤 99/100 진행 중...
2025-01-24 14:17:45,161 - GoogleMapsCrawler - INFO - 스크롤 100/100 진행 중...
2025-01-24 14:17:46,177 - GoogleMapsCrawler - INFO - 최상단으로 이동합니다.
2025-01-24 14:17:47,227 - GoogleMapsCrawler - INFO - '더보기' 버튼 클릭을 시작합니다.
2025-01-24 14:19:24,542 - GoogleMapsCrawler - INFO - HTML 데이터를 파싱합니다.
2025-01-24 14:19:27,274 - GoogleMapsCrawler - INFO - 총 720개의 리뷰를 수집했습니다.
2025-01-24 14:19:30,766 - GoogleMapsCrawler - INFO - 브라우저를 종료했습니다.
2025-01-24 14:19:30,767 - GoogleMapsCrawler - INFO - 브라우저를 시작합니다.
2025-01-24 14:19:39,548 - GoogleMapsCrawler - INFO - 브라우저가 성공적으로 시작되었습니다.
2025-01-24 14:19:39,548 - GoogleMapsCrawler - INFO - 스크롤 영역을 탐색합니다.
2025-01-24 14:19:44,912 - GoogleMapsCrawler - INFO - 브라우저를 종료했습니다.
2025-01-24 14:21:56,397 - GoogleMapsCrawler - INFO - 브라우저를 시작합니다.
2025-01-24 14:22:05,983 - GoogleMapsCrawler - INFO - 브라우저가 성공적으로 시작되었습니다.
2025-01-24 14:22:05,984 - GoogleMapsCrawler - INFO - 스크롤 영역을 탐색합니다.
2025-01-24 14:22:06,662 - GoogleMapsCrawler - INFO - 스크롤 1/100 진행 중...
2025-01-24 14:22:07,691 - GoogleMapsCrawler - INFO - 스크롤 2/100 진행 중...
2025-01-24 14:22:08,731 - GoogleMapsCrawler - INFO - 스크롤 3/100 진행 중...
2025-01-24 14:22:09,782 - GoogleMapsCrawler - INFO - 최상단으로 이동합니다.
2025-01-24 14:22:10,805 - GoogleMapsCrawler - INFO - '더보기' 버튼 클릭을 시작합니다.
2025-01-24 14:22:13,140 - GoogleMapsCrawler - INFO - 브라우저를 종료했습니다.
2025-01-24 14:22:24,259 - GoogleMapsCrawler - INFO - 브라우저를 시작합니다.
2025-01-24 14:22:33,913 - GoogleMapsCrawler - INFO - 브라우저가 성공적으로 시작되었습니다.
2025-01-24 14:22:33,914 - GoogleMapsCrawler - INFO - 스크롤 영역을 탐색합니다.
2025-01-24 14:22:33,941 - GoogleMapsCrawler - INFO - 스크롤 1/100 진행 중...
2025-01-24 14:22:34,977 - GoogleMapsCrawler - INFO - 스크롤 2/100 진행 중...
2025-01-24 14:22:35,994 - GoogleMapsCrawler - INFO - 스크롤 3/100 진행 중...
2025-01-24 14:22:37,015 - GoogleMapsCrawler - INFO - 최상단으로 이동합니다.
2025-01-24 14:22:38,032 - GoogleMapsCrawler - INFO - '더보기' 버튼 클릭을 시작합니다.
2025-01-24 14:22:44,290 - GoogleMapsCrawler - INFO - HTML 데이터를 파싱합니다.
2025-01-24 14:22:44,700 - GoogleMapsCrawler - INFO - 총 38개의 리뷰를 수집했습니다.
2025-01-24 14:22:47,055 - GoogleMapsCrawler - INFO - 브라우저를 종료했습니다.
2025-01-24 14:22:47,056 - GoogleMapsCrawler - INFO - 브라우저를 시작합니다.
2025-01-24 14:22:55,171 - GoogleMapsCrawler - INFO - 브라우저가 성공적으로 시작되었습니다.
2025-01-24 14:22:55,172 - GoogleMapsCrawler - INFO - 스크롤 영역을 탐색합니다.
2025-01-24 14:22:55,199 - GoogleMapsCrawler - INFO - 스크롤 1/100 진행 중...
2025-01-24 14:22:56,245 - GoogleMapsCrawler - INFO - 스크롤 2/100 진행 중...
2025-01-24 14:22:57,266 - GoogleMapsCrawler - INFO - 스크롤 3/100 진행 중...
2025-01-24 14:22:58,281 - GoogleMapsCrawler - INFO - 최상단으로 이동합니다.
2025-01-24 14:22:59,300 - GoogleMapsCrawler - INFO - '더보기' 버튼 클릭을 시작합니다.
2025-01-24 14:23:09,534 - GoogleMapsCrawler - INFO - HTML 데이터를 파싱합니다.
2025-01-24 14:23:09,959 - GoogleMapsCrawler - INFO - 총 76개의 리뷰를 수집했습니다.
2025-01-24 14:23:12,426 - GoogleMapsCrawler - INFO - 브라우저를 종료했습니다.
2025-01-24 14:23:12,427 - GoogleMapsCrawler - INFO - 브라우저를 시작합니다.
2025-01-24 14:23:21,379 - GoogleMapsCrawler - INFO - 브라우저가 성공적으로 시작되었습니다.
2025-01-24 14:23:21,379 - GoogleMapsCrawler - INFO - 스크롤 영역을 탐색합니다.
2025-01-24 14:23:21,407 - GoogleMapsCrawler - INFO - 스크롤 1/100 진행 중...
2025-01-24 14:23:22,436 - GoogleMapsCrawler - INFO - 스크롤 2/100 진행 중...
2025-01-24 14:23:23,454 - GoogleMapsCrawler - INFO - 스크롤 3/100 진행 중...
2025-01-24 14:23:24,473 - GoogleMapsCrawler - INFO - 최상단으로 이동합니다.
2025-01-24 14:23:25,492 - GoogleMapsCrawler - INFO - '더보기' 버튼 클릭을 시작합니다.
2025-01-24 14:23:35,376 - GoogleMapsCrawler - INFO - HTML 데이터를 파싱합니다.
2025-01-24 14:23:35,861 - GoogleMapsCrawler - INFO - 총 114개의 리뷰를 수집했습니다.
2025-01-24 14:23:38,301 - GoogleMapsCrawler - INFO - 브라우저를 종료했습니다.
2025-01-24 14:23:38,303 - GoogleMapsCrawler - INFO - Saving data to the output directory...
2025-01-24 14:23:38,327 - GoogleMapsCrawler - INFO - Data saved successfully at ../../database\reviews_google.csv.
2025-01-24 14:23:38,328 - GoogleMapsCrawler - INFO - Saving data to the output directory...
2025-01-24 14:23:38,334 - GoogleMapsCrawler - INFO - Data saved successfully at ../../database\reviews_google.csv.
2025-01-24 14:30:18,505 - GoogleMapsCrawler - INFO - 브라우저를 시작합니다.
2025-01-24 14:30:27,982 - GoogleMapsCrawler - INFO - 브라우저가 성공적으로 시작되었습니다.
2025-01-24 14:30:27,984 - GoogleMapsCrawler - INFO - 스크롤 영역을 탐색합니다.
2025-01-24 14:30:28,014 - GoogleMapsCrawler - INFO - 스크롤 1/100 진행 중...
2025-01-24 14:30:29,056 - GoogleMapsCrawler - INFO - 스크롤 2/100 진행 중...
2025-01-24 14:30:30,092 - GoogleMapsCrawler - INFO - 스크롤 3/100 진행 중...
2025-01-24 14:30:31,107 - GoogleMapsCrawler - INFO - 최상단으로 이동합니다.
2025-01-24 14:30:32,191 - GoogleMapsCrawler - INFO - '더보기' 버튼 클릭을 시작합니다.
2025-01-24 14:30:39,543 - GoogleMapsCrawler - INFO - HTML 데이터를 파싱합니다.
2025-01-24 14:30:40,082 - GoogleMapsCrawler - INFO - 총 38개의 리뷰를 수집했습니다.
2025-01-24 14:30:42,569 - GoogleMapsCrawler - INFO - 브라우저를 종료했습니다.
2025-01-24 14:30:42,569 - GoogleMapsCrawler - INFO - 브라우저를 시작합니다.
2025-01-24 14:30:50,033 - GoogleMapsCrawler - INFO - 브라우저가 성공적으로 시작되었습니다.
2025-01-24 14:30:50,033 - GoogleMapsCrawler - INFO - 스크롤 영역을 탐색합니다.
2025-01-24 14:30:50,106 - GoogleMapsCrawler - INFO - 스크롤 1/100 진행 중...
2025-01-24 14:30:51,139 - GoogleMapsCrawler - INFO - 스크롤 2/100 진행 중...
2025-01-24 14:30:52,162 - GoogleMapsCrawler - INFO - 스크롤 3/100 진행 중...
2025-01-24 14:30:53,176 - GoogleMapsCrawler - INFO - 최상단으로 이동합니다.
2025-01-24 14:30:54,252 - GoogleMapsCrawler - INFO - '더보기' 버튼 클릭을 시작합니다.
2025-01-24 14:31:06,095 - GoogleMapsCrawler - INFO - HTML 데이터를 파싱합니다.
2025-01-24 14:31:06,577 - GoogleMapsCrawler - INFO - 총 76개의 리뷰를 수집했습니다.
2025-01-24 14:31:09,133 - GoogleMapsCrawler - INFO - 브라우저를 종료했습니다.
2025-01-24 14:31:09,134 - GoogleMapsCrawler - INFO - 브라우저를 시작합니다.
2025-01-24 14:31:17,759 - GoogleMapsCrawler - INFO - 브라우저가 성공적으로 시작되었습니다.
2025-01-24 14:31:17,760 - GoogleMapsCrawler - INFO - 스크롤 영역을 탐색합니다.
2025-01-24 14:31:17,784 - GoogleMapsCrawler - INFO - 스크롤 1/100 진행 중...
2025-01-24 14:31:18,817 - GoogleMapsCrawler - INFO - 스크롤 2/100 진행 중...
2025-01-24 14:31:19,833 - GoogleMapsCrawler - INFO - 스크롤 3/100 진행 중...
2025-01-24 14:31:20,855 - GoogleMapsCrawler - INFO - 최상단으로 이동합니다.
2025-01-24 14:31:21,875 - GoogleMapsCrawler - INFO - '더보기' 버튼 클릭을 시작합니다.
2025-01-24 14:31:41,112 - GoogleMapsCrawler - INFO - HTML 데이터를 파싱합니다.
2025-01-24 14:31:41,868 - GoogleMapsCrawler - INFO - 총 114개의 리뷰를 수집했습니다.
2025-01-24 14:31:44,231 - GoogleMapsCrawler - INFO - 브라우저를 종료했습니다.
2025-01-24 14:31:44,233 - GoogleMapsCrawler - INFO - Saving data to the output directory...
2025-01-24 14:31:44,244 - GoogleMapsCrawler - INFO - Data saved successfully at ../../database\reviews_google.csv.
2025-01-24 14:31:44,245 - GoogleMapsCrawler - INFO - Saving data to the output directory...
2025-01-24 14:31:44,259 - GoogleMapsCrawler - INFO - Data saved successfully at ../../database\reviews_google.csv.
2025-01-24 14:36:44,497 - GoogleMapsCrawler - INFO - 브라우저를 시작합니다.
2025-01-24 14:36:54,315 - GoogleMapsCrawler - INFO - 브라우저가 성공적으로 시작되었습니다.
2025-01-24 14:36:54,315 - GoogleMapsCrawler - INFO - 스크롤 영역을 탐색합니다.
2025-01-24 14:36:54,347 - GoogleMapsCrawler - INFO - 스크롤 1/100 진행 중...
2025-01-24 14:36:55,394 - GoogleMapsCrawler - INFO - 스크롤 2/100 진행 중...
2025-01-24 14:36:56,408 - GoogleMapsCrawler - INFO - 스크롤 3/100 진행 중...
2025-01-24 14:36:57,423 - GoogleMapsCrawler - INFO - 스크롤 4/100 진행 중...
2025-01-24 14:36:58,437 - GoogleMapsCrawler - INFO - 스크롤 5/100 진행 중...
2025-01-24 14:36:59,499 - GoogleMapsCrawler - INFO - 스크롤 6/100 진행 중...
2025-01-24 14:37:00,516 - GoogleMapsCrawler - INFO - 스크롤 7/100 진행 중...
2025-01-24 14:37:01,548 - GoogleMapsCrawler - INFO - 스크롤 8/100 진행 중...
2025-01-24 14:37:02,576 - GoogleMapsCrawler - INFO - 스크롤 9/100 진행 중...
2025-01-24 14:37:03,592 - GoogleMapsCrawler - INFO - 스크롤 10/100 진행 중...
2025-01-24 14:37:05,079 - GoogleMapsCrawler - INFO - 스크롤 11/100 진행 중...
2025-01-24 14:37:06,093 - GoogleMapsCrawler - INFO - 스크롤 12/100 진행 중...
2025-01-24 14:37:07,106 - GoogleMapsCrawler - INFO - 스크롤 13/100 진행 중...
2025-01-24 14:37:08,151 - GoogleMapsCrawler - INFO - 스크롤 14/100 진행 중...
2025-01-24 14:37:09,173 - GoogleMapsCrawler - INFO - 스크롤 15/100 진행 중...
2025-01-24 14:37:10,259 - GoogleMapsCrawler - INFO - 스크롤 16/100 진행 중...
2025-01-24 14:37:11,283 - GoogleMapsCrawler - INFO - 스크롤 17/100 진행 중...
2025-01-24 14:37:12,315 - GoogleMapsCrawler - INFO - 스크롤 18/100 진행 중...
2025-01-24 14:37:13,346 - GoogleMapsCrawler - INFO - 스크롤 19/100 진행 중...
2025-01-24 14:37:14,364 - GoogleMapsCrawler - INFO - 스크롤 20/100 진행 중...
2025-01-24 14:37:15,375 - GoogleMapsCrawler - INFO - 스크롤 21/100 진행 중...
2025-01-24 14:37:16,401 - GoogleMapsCrawler - INFO - 스크롤 22/100 진행 중...
2025-01-24 14:37:17,441 - GoogleMapsCrawler - INFO - 스크롤 23/100 진행 중...
2025-01-24 14:37:18,907 - GoogleMapsCrawler - INFO - 스크롤 24/100 진행 중...
2025-01-24 14:37:20,088 - GoogleMapsCrawler - INFO - 스크롤 25/100 진행 중...
2025-01-24 14:37:21,249 - GoogleMapsCrawler - INFO - 스크롤 26/100 진행 중...
2025-01-24 14:37:22,271 - GoogleMapsCrawler - INFO - 스크롤 27/100 진행 중...
2025-01-24 14:37:23,591 - GoogleMapsCrawler - INFO - 스크롤 28/100 진행 중...
2025-01-24 14:37:24,744 - GoogleMapsCrawler - INFO - 스크롤 29/100 진행 중...
2025-01-24 14:37:25,818 - GoogleMapsCrawler - INFO - 스크롤 30/100 진행 중...
2025-01-24 14:37:26,848 - GoogleMapsCrawler - INFO - 스크롤 31/100 진행 중...
2025-01-24 14:37:27,876 - GoogleMapsCrawler - INFO - 스크롤 32/100 진행 중...
2025-01-24 14:37:28,932 - GoogleMapsCrawler - INFO - 스크롤 33/100 진행 중...
2025-01-24 14:37:30,150 - GoogleMapsCrawler - INFO - 스크롤 34/100 진행 중...
2025-01-24 14:37:31,551 - GoogleMapsCrawler - INFO - 스크롤 35/100 진행 중...
2025-01-24 14:37:32,573 - GoogleMapsCrawler - INFO - 스크롤 36/100 진행 중...
2025-01-24 14:37:33,689 - GoogleMapsCrawler - INFO - 스크롤 37/100 진행 중...
2025-01-24 14:37:34,861 - GoogleMapsCrawler - INFO - 스크롤 38/100 진행 중...
2025-01-24 14:37:35,968 - GoogleMapsCrawler - INFO - 스크롤 39/100 진행 중...
2025-01-24 14:37:37,020 - GoogleMapsCrawler - INFO - 스크롤 40/100 진행 중...
2025-01-24 14:37:38,205 - GoogleMapsCrawler - INFO - 스크롤 41/100 진행 중...
2025-01-24 14:37:39,242 - GoogleMapsCrawler - INFO - 스크롤 42/100 진행 중...
2025-01-24 14:37:40,382 - GoogleMapsCrawler - INFO - 스크롤 43/100 진행 중...
2025-01-24 14:37:41,549 - GoogleMapsCrawler - INFO - 스크롤 44/100 진행 중...
2025-01-24 14:37:42,565 - GoogleMapsCrawler - INFO - 스크롤 45/100 진행 중...
2025-01-24 14:37:43,581 - GoogleMapsCrawler - INFO - 스크롤 46/100 진행 중...
2025-01-24 14:37:44,598 - GoogleMapsCrawler - INFO - 스크롤 47/100 진행 중...
2025-01-24 14:37:45,619 - GoogleMapsCrawler - INFO - 스크롤 48/100 진행 중...
2025-01-24 14:37:46,633 - GoogleMapsCrawler - INFO - 스크롤 49/100 진행 중...
2025-01-24 14:37:47,652 - GoogleMapsCrawler - INFO - 스크롤 50/100 진행 중...
2025-01-24 14:37:48,698 - GoogleMapsCrawler - INFO - 스크롤 51/100 진행 중...
2025-01-24 14:37:49,717 - GoogleMapsCrawler - INFO - 스크롤 52/100 진행 중...
2025-01-24 14:37:50,738 - GoogleMapsCrawler - INFO - 스크롤 53/100 진행 중...
2025-01-24 14:37:51,751 - GoogleMapsCrawler - INFO - 스크롤 54/100 진행 중...
2025-01-24 14:37:52,776 - GoogleMapsCrawler - INFO - 스크롤 55/100 진행 중...
2025-01-24 14:37:53,795 - GoogleMapsCrawler - INFO - 스크롤 56/100 진행 중...
2025-01-24 14:37:54,815 - GoogleMapsCrawler - INFO - 스크롤 57/100 진행 중...
2025-01-24 14:37:55,833 - GoogleMapsCrawler - INFO - 스크롤 58/100 진행 중...
2025-01-24 14:37:56,848 - GoogleMapsCrawler - INFO - 스크롤 59/100 진행 중...
2025-01-24 14:37:57,871 - GoogleMapsCrawler - INFO - 스크롤 60/100 진행 중...
2025-01-24 14:37:58,890 - GoogleMapsCrawler - INFO - 스크롤 61/100 진행 중...
2025-01-24 14:37:59,912 - GoogleMapsCrawler - INFO - 스크롤 62/100 진행 중...
2025-01-24 14:38:00,934 - GoogleMapsCrawler - INFO - 스크롤 63/100 진행 중...
2025-01-24 14:38:01,944 - GoogleMapsCrawler - INFO - 스크롤 64/100 진행 중...
2025-01-24 14:38:02,960 - GoogleMapsCrawler - INFO - 스크롤 65/100 진행 중...
2025-01-24 14:38:03,977 - GoogleMapsCrawler - INFO - 스크롤 66/100 진행 중...
2025-01-24 14:38:05,016 - GoogleMapsCrawler - INFO - 스크롤 67/100 진행 중...
2025-01-24 14:38:06,046 - GoogleMapsCrawler - INFO - 스크롤 68/100 진행 중...
2025-01-24 14:38:07,066 - GoogleMapsCrawler - INFO - 스크롤 69/100 진행 중...
2025-01-24 14:38:08,093 - GoogleMapsCrawler - INFO - 스크롤 70/100 진행 중...
2025-01-24 14:38:09,116 - GoogleMapsCrawler - INFO - 스크롤 71/100 진행 중...
2025-01-24 14:38:10,133 - GoogleMapsCrawler - INFO - 스크롤 72/100 진행 중...
2025-01-24 14:38:11,164 - GoogleMapsCrawler - INFO - 스크롤 73/100 진행 중...
2025-01-24 14:38:12,189 - GoogleMapsCrawler - INFO - 스크롤 74/100 진행 중...
2025-01-24 14:38:13,205 - GoogleMapsCrawler - INFO - 스크롤 75/100 진행 중...
2025-01-24 14:38:14,217 - GoogleMapsCrawler - INFO - 스크롤 76/100 진행 중...
2025-01-24 14:38:15,233 - GoogleMapsCrawler - INFO - 스크롤 77/100 진행 중...
2025-01-24 14:38:16,246 - GoogleMapsCrawler - INFO - 스크롤 78/100 진행 중...
2025-01-24 14:38:17,265 - GoogleMapsCrawler - INFO - 스크롤 79/100 진행 중...
2025-01-24 14:38:18,282 - GoogleMapsCrawler - INFO - 스크롤 80/100 진행 중...
2025-01-24 14:38:19,300 - GoogleMapsCrawler - INFO - 스크롤 81/100 진행 중...
2025-01-24 14:38:20,315 - GoogleMapsCrawler - INFO - 스크롤 82/100 진행 중...
2025-01-24 14:38:21,328 - GoogleMapsCrawler - INFO - 스크롤 83/100 진행 중...
2025-01-24 14:38:22,346 - GoogleMapsCrawler - INFO - 스크롤 84/100 진행 중...
2025-01-24 14:38:23,381 - GoogleMapsCrawler - INFO - 스크롤 85/100 진행 중...
2025-01-24 14:38:24,399 - GoogleMapsCrawler - INFO - 스크롤 86/100 진행 중...
2025-01-24 14:38:25,413 - GoogleMapsCrawler - INFO - 스크롤 87/100 진행 중...
2025-01-24 14:38:26,439 - GoogleMapsCrawler - INFO - 스크롤 88/100 진행 중...
2025-01-24 14:38:27,459 - GoogleMapsCrawler - INFO - 스크롤 89/100 진행 중...
2025-01-24 14:38:28,474 - GoogleMapsCrawler - INFO - 스크롤 90/100 진행 중...
2025-01-24 14:38:29,492 - GoogleMapsCrawler - INFO - 스크롤 91/100 진행 중...
2025-01-24 14:38:30,509 - GoogleMapsCrawler - INFO - 스크롤 92/100 진행 중...
2025-01-24 14:38:31,529 - GoogleMapsCrawler - INFO - 스크롤 93/100 진행 중...
2025-01-24 14:38:32,545 - GoogleMapsCrawler - INFO - 스크롤 94/100 진행 중...
2025-01-24 14:38:33,563 - GoogleMapsCrawler - INFO - 스크롤 95/100 진행 중...
2025-01-24 14:38:34,580 - GoogleMapsCrawler - INFO - 스크롤 96/100 진행 중...
2025-01-24 14:38:35,598 - GoogleMapsCrawler - INFO - 스크롤 97/100 진행 중...
2025-01-24 14:38:36,645 - GoogleMapsCrawler - INFO - 스크롤 98/100 진행 중...
2025-01-24 14:38:37,661 - GoogleMapsCrawler - INFO - 스크롤 99/100 진행 중...
2025-01-24 14:38:38,679 - GoogleMapsCrawler - INFO - 스크롤 100/100 진행 중...
2025-01-24 14:38:39,696 - GoogleMapsCrawler - INFO - 최상단으로 이동합니다.
2025-01-24 14:38:40,737 - GoogleMapsCrawler - INFO - '더보기' 버튼 클릭을 시작합니다.
2025-01-24 14:42:38,484 - GoogleMapsCrawler - INFO - HTML 데이터를 파싱합니다.
2025-01-24 14:42:41,027 - GoogleMapsCrawler - INFO - 총 360개의 리뷰를 수집했습니다.
2025-01-24 14:42:45,050 - GoogleMapsCrawler - INFO - 브라우저를 종료했습니다.
2025-01-24 14:42:45,051 - GoogleMapsCrawler - INFO - 브라우저를 시작합니다.
2025-01-24 14:42:52,498 - GoogleMapsCrawler - INFO - 브라우저가 성공적으로 시작되었습니다.
2025-01-24 14:42:52,499 - GoogleMapsCrawler - INFO - 스크롤 영역을 탐색합니다.
2025-01-24 14:42:52,524 - GoogleMapsCrawler - INFO - 스크롤 1/100 진행 중...
2025-01-24 14:42:53,564 - GoogleMapsCrawler - INFO - 스크롤 2/100 진행 중...
2025-01-24 14:42:54,582 - GoogleMapsCrawler - INFO - 스크롤 3/100 진행 중...
2025-01-24 14:42:55,594 - GoogleMapsCrawler - INFO - 스크롤 4/100 진행 중...
2025-01-24 14:42:56,627 - GoogleMapsCrawler - INFO - 스크롤 5/100 진행 중...
2025-01-24 14:42:57,645 - GoogleMapsCrawler - INFO - 스크롤 6/100 진행 중...
2025-01-24 14:42:58,688 - GoogleMapsCrawler - INFO - 스크롤 7/100 진행 중...
2025-01-24 14:42:59,762 - GoogleMapsCrawler - INFO - 스크롤 8/100 진행 중...
2025-01-24 14:43:01,087 - GoogleMapsCrawler - INFO - 스크롤 9/100 진행 중...
2025-01-24 14:43:02,138 - GoogleMapsCrawler - INFO - 스크롤 10/100 진행 중...
2025-01-24 14:43:03,179 - GoogleMapsCrawler - INFO - 스크롤 11/100 진행 중...
2025-01-24 14:43:04,301 - GoogleMapsCrawler - INFO - 스크롤 12/100 진행 중...
2025-01-24 14:43:05,469 - GoogleMapsCrawler - INFO - 스크롤 13/100 진행 중...
2025-01-24 14:43:06,512 - GoogleMapsCrawler - INFO - 스크롤 14/100 진행 중...
2025-01-24 14:43:07,616 - GoogleMapsCrawler - INFO - 스크롤 15/100 진행 중...
2025-01-24 14:43:08,833 - GoogleMapsCrawler - INFO - 스크롤 16/100 진행 중...
2025-01-24 14:43:10,192 - GoogleMapsCrawler - INFO - 스크롤 17/100 진행 중...
2025-01-24 14:43:11,483 - GoogleMapsCrawler - INFO - 스크롤 18/100 진행 중...
2025-01-24 14:43:12,776 - GoogleMapsCrawler - INFO - 스크롤 19/100 진행 중...
2025-01-24 14:43:13,789 - GoogleMapsCrawler - INFO - 스크롤 20/100 진행 중...
2025-01-24 14:43:14,823 - GoogleMapsCrawler - INFO - 스크롤 21/100 진행 중...
2025-01-24 14:43:16,075 - GoogleMapsCrawler - INFO - 스크롤 22/100 진행 중...
2025-01-24 14:43:17,200 - GoogleMapsCrawler - INFO - 스크롤 23/100 진행 중...
2025-01-24 14:43:18,358 - GoogleMapsCrawler - INFO - 스크롤 24/100 진행 중...
2025-01-24 14:43:19,666 - GoogleMapsCrawler - INFO - 스크롤 25/100 진행 중...
2025-01-24 14:43:20,836 - GoogleMapsCrawler - INFO - 스크롤 26/100 진행 중...
2025-01-24 14:43:21,870 - GoogleMapsCrawler - INFO - 스크롤 27/100 진행 중...
2025-01-24 14:43:23,163 - GoogleMapsCrawler - INFO - 스크롤 28/100 진행 중...
2025-01-24 14:43:24,180 - GoogleMapsCrawler - INFO - 스크롤 29/100 진행 중...
2025-01-24 14:43:25,574 - GoogleMapsCrawler - INFO - 스크롤 30/100 진행 중...
2025-01-24 14:43:26,914 - GoogleMapsCrawler - INFO - 스크롤 31/100 진행 중...
2025-01-24 14:43:28,303 - GoogleMapsCrawler - INFO - 스크롤 32/100 진행 중...
2025-01-24 14:43:29,523 - GoogleMapsCrawler - INFO - 스크롤 33/100 진행 중...
2025-01-24 14:43:30,584 - GoogleMapsCrawler - INFO - 스크롤 34/100 진행 중...
2025-01-24 14:43:31,683 - GoogleMapsCrawler - INFO - 스크롤 35/100 진행 중...
2025-01-24 14:43:32,704 - GoogleMapsCrawler - INFO - 스크롤 36/100 진행 중...
2025-01-24 14:43:33,719 - GoogleMapsCrawler - INFO - 스크롤 37/100 진행 중...
2025-01-24 14:43:35,291 - GoogleMapsCrawler - INFO - 스크롤 38/100 진행 중...
2025-01-24 14:43:36,447 - GoogleMapsCrawler - INFO - 스크롤 39/100 진행 중...
2025-01-24 14:43:38,357 - GoogleMapsCrawler - INFO - 스크롤 40/100 진행 중...
2025-01-24 14:43:39,418 - GoogleMapsCrawler - INFO - 스크롤 41/100 진행 중...
2025-01-24 14:43:40,925 - GoogleMapsCrawler - INFO - 스크롤 42/100 진행 중...
2025-01-24 14:43:42,096 - GoogleMapsCrawler - INFO - 스크롤 43/100 진행 중...
2025-01-24 14:43:43,628 - GoogleMapsCrawler - INFO - 스크롤 44/100 진행 중...
2025-01-24 14:43:44,655 - GoogleMapsCrawler - INFO - 스크롤 45/100 진행 중...
2025-01-24 14:43:46,306 - GoogleMapsCrawler - INFO - 스크롤 46/100 진행 중...
2025-01-24 14:43:47,330 - GoogleMapsCrawler - INFO - 스크롤 47/100 진행 중...
2025-01-24 14:43:48,361 - GoogleMapsCrawler - INFO - 스크롤 48/100 진행 중...
2025-01-24 14:43:49,407 - GoogleMapsCrawler - INFO - 스크롤 49/100 진행 중...
2025-01-24 14:43:50,522 - GoogleMapsCrawler - INFO - 스크롤 50/100 진행 중...
2025-01-24 14:43:52,231 - GoogleMapsCrawler - INFO - 스크롤 51/100 진행 중...
2025-01-24 14:43:53,257 - GoogleMapsCrawler - INFO - 스크롤 52/100 진행 중...
2025-01-24 14:43:54,580 - GoogleMapsCrawler - INFO - 스크롤 53/100 진행 중...
2025-01-24 14:43:55,604 - GoogleMapsCrawler - INFO - 스크롤 54/100 진행 중...
2025-01-24 14:43:56,735 - GoogleMapsCrawler - INFO - 스크롤 55/100 진행 중...
2025-01-24 14:43:58,073 - GoogleMapsCrawler - INFO - 스크롤 56/100 진행 중...
2025-01-24 14:43:59,089 - GoogleMapsCrawler - INFO - 스크롤 57/100 진행 중...
2025-01-24 14:44:00,396 - GoogleMapsCrawler - INFO - 스크롤 58/100 진행 중...
2025-01-24 14:44:01,419 - GoogleMapsCrawler - INFO - 스크롤 59/100 진행 중...
2025-01-24 14:44:02,436 - GoogleMapsCrawler - INFO - 스크롤 60/100 진행 중...
2025-01-24 14:44:03,565 - GoogleMapsCrawler - INFO - 스크롤 61/100 진행 중...
2025-01-24 14:44:04,587 - GoogleMapsCrawler - INFO - 스크롤 62/100 진행 중...
2025-01-24 14:44:05,606 - GoogleMapsCrawler - INFO - 스크롤 63/100 진행 중...
2025-01-24 14:44:06,625 - GoogleMapsCrawler - INFO - 스크롤 64/100 진행 중...
2025-01-24 14:44:07,646 - GoogleMapsCrawler - INFO - 스크롤 65/100 진행 중...
2025-01-24 14:44:08,863 - GoogleMapsCrawler - INFO - 스크롤 66/100 진행 중...
2025-01-24 14:44:09,882 - GoogleMapsCrawler - INFO - 스크롤 67/100 진행 중...
2025-01-24 14:44:10,900 - GoogleMapsCrawler - INFO - 스크롤 68/100 진행 중...
2025-01-24 14:44:11,913 - GoogleMapsCrawler - INFO - 스크롤 69/100 진행 중...
2025-01-24 14:44:12,933 - GoogleMapsCrawler - INFO - 스크롤 70/100 진행 중...
2025-01-24 14:44:13,951 - GoogleMapsCrawler - INFO - 스크롤 71/100 진행 중...
2025-01-24 14:44:14,970 - GoogleMapsCrawler - INFO - 스크롤 72/100 진행 중...
2025-01-24 14:44:15,988 - GoogleMapsCrawler - INFO - 스크롤 73/100 진행 중...
2025-01-24 14:44:17,004 - GoogleMapsCrawler - INFO - 스크롤 74/100 진행 중...
2025-01-24 14:44:18,033 - GoogleMapsCrawler - INFO - 스크롤 75/100 진행 중...
2025-01-24 14:44:19,048 - GoogleMapsCrawler - INFO - 스크롤 76/100 진행 중...
2025-01-24 14:44:20,067 - GoogleMapsCrawler - INFO - 스크롤 77/100 진행 중...
2025-01-24 14:44:21,084 - GoogleMapsCrawler - INFO - 스크롤 78/100 진행 중...
2025-01-24 14:44:22,107 - GoogleMapsCrawler - INFO - 스크롤 79/100 진행 중...
2025-01-24 14:44:23,125 - GoogleMapsCrawler - INFO - 스크롤 80/100 진행 중...
2025-01-24 14:44:24,140 - GoogleMapsCrawler - INFO - 스크롤 81/100 진행 중...
2025-01-24 14:44:25,153 - GoogleMapsCrawler - INFO - 스크롤 82/100 진행 중...
2025-01-24 14:44:26,177 - GoogleMapsCrawler - INFO - 스크롤 83/100 진행 중...
2025-01-24 14:44:27,193 - GoogleMapsCrawler - INFO - 스크롤 84/100 진행 중...
2025-01-24 14:44:28,206 - GoogleMapsCrawler - INFO - 스크롤 85/100 진행 중...
2025-01-24 14:44:29,221 - GoogleMapsCrawler - INFO - 스크롤 86/100 진행 중...
2025-01-24 14:44:30,234 - GoogleMapsCrawler - INFO - 스크롤 87/100 진행 중...
2025-01-24 14:44:31,250 - GoogleMapsCrawler - INFO - 스크롤 88/100 진행 중...
2025-01-24 14:44:32,271 - GoogleMapsCrawler - INFO - 스크롤 89/100 진행 중...
2025-01-24 14:44:33,288 - GoogleMapsCrawler - INFO - 스크롤 90/100 진행 중...
2025-01-24 14:44:34,316 - GoogleMapsCrawler - INFO - 스크롤 91/100 진행 중...
2025-01-24 14:44:35,338 - GoogleMapsCrawler - INFO - 스크롤 92/100 진행 중...
2025-01-24 14:44:36,354 - GoogleMapsCrawler - INFO - 스크롤 93/100 진행 중...
2025-01-24 14:44:37,381 - GoogleMapsCrawler - INFO - 스크롤 94/100 진행 중...
2025-01-24 14:44:38,393 - GoogleMapsCrawler - INFO - 스크롤 95/100 진행 중...
2025-01-24 14:44:39,411 - GoogleMapsCrawler - INFO - 스크롤 96/100 진행 중...
2025-01-24 14:44:40,453 - GoogleMapsCrawler - INFO - 스크롤 97/100 진행 중...
2025-01-24 14:44:41,475 - GoogleMapsCrawler - INFO - 스크롤 98/100 진행 중...
2025-01-24 14:44:42,493 - GoogleMapsCrawler - INFO - 스크롤 99/100 진행 중...
2025-01-24 14:44:43,516 - GoogleMapsCrawler - INFO - 스크롤 100/100 진행 중...
2025-01-24 14:44:44,542 - GoogleMapsCrawler - INFO - 최상단으로 이동합니다.
2025-01-24 14:44:45,608 - GoogleMapsCrawler - INFO - '더보기' 버튼 클릭을 시작합니다.
2025-01-24 14:48:53,258 - GoogleMapsCrawler - INFO - HTML 데이터를 파싱합니다.
2025-01-24 14:48:55,350 - GoogleMapsCrawler - INFO - 총 720개의 리뷰를 수집했습니다.
2025-01-24 14:48:58,135 - GoogleMapsCrawler - INFO - 브라우저를 종료했습니다.
2025-01-24 14:48:58,136 - GoogleMapsCrawler - INFO - 브라우저를 시작합니다.
2025-01-24 14:49:06,578 - GoogleMapsCrawler - INFO - 브라우저가 성공적으로 시작되었습니다.
2025-01-24 14:49:06,579 - GoogleMapsCrawler - INFO - 스크롤 영역을 탐색합니다.
2025-01-24 14:49:06,607 - GoogleMapsCrawler - INFO - 스크롤 1/100 진행 중...
2025-01-24 14:49:07,648 - GoogleMapsCrawler - INFO - 스크롤 2/100 진행 중...
2025-01-24 14:49:08,672 - GoogleMapsCrawler - INFO - 스크롤 3/100 진행 중...
2025-01-24 14:49:09,709 - GoogleMapsCrawler - INFO - 스크롤 4/100 진행 중...
2025-01-24 14:49:10,723 - GoogleMapsCrawler - INFO - 스크롤 5/100 진행 중...
2025-01-24 14:49:12,022 - GoogleMapsCrawler - INFO - 스크롤 6/100 진행 중...
2025-01-24 14:49:13,339 - GoogleMapsCrawler - INFO - 스크롤 7/100 진행 중...
2025-01-24 14:49:14,371 - GoogleMapsCrawler - INFO - 스크롤 8/100 진행 중...
2025-01-24 14:49:15,911 - GoogleMapsCrawler - INFO - 스크롤 9/100 진행 중...
2025-01-24 14:49:17,122 - GoogleMapsCrawler - INFO - 스크롤 10/100 진행 중...
2025-01-24 14:49:18,147 - GoogleMapsCrawler - INFO - 스크롤 11/100 진행 중...
2025-01-24 14:49:19,201 - GoogleMapsCrawler - INFO - 스크롤 12/100 진행 중...
2025-01-24 14:49:20,219 - GoogleMapsCrawler - INFO - 스크롤 13/100 진행 중...
2025-01-24 14:49:21,291 - GoogleMapsCrawler - INFO - 스크롤 14/100 진행 중...
2025-01-24 14:49:22,340 - GoogleMapsCrawler - INFO - 스크롤 15/100 진행 중...
2025-01-24 14:49:23,544 - GoogleMapsCrawler - INFO - 스크롤 16/100 진행 중...
2025-01-24 14:49:24,616 - GoogleMapsCrawler - INFO - 스크롤 17/100 진행 중...
2025-01-24 14:49:25,633 - GoogleMapsCrawler - INFO - 스크롤 18/100 진행 중...
2025-01-24 14:49:26,664 - GoogleMapsCrawler - INFO - 스크롤 19/100 진행 중...
2025-01-24 14:49:27,872 - GoogleMapsCrawler - INFO - 스크롤 20/100 진행 중...
2025-01-24 14:49:29,000 - GoogleMapsCrawler - INFO - 스크롤 21/100 진행 중...
2025-01-24 14:49:30,124 - GoogleMapsCrawler - INFO - 스크롤 22/100 진행 중...
2025-01-24 14:49:31,205 - GoogleMapsCrawler - INFO - 스크롤 23/100 진행 중...
2025-01-24 14:49:32,646 - GoogleMapsCrawler - INFO - 스크롤 24/100 진행 중...
2025-01-24 14:49:33,846 - GoogleMapsCrawler - INFO - 스크롤 25/100 진행 중...
2025-01-24 14:49:36,934 - GoogleMapsCrawler - INFO - 스크롤 26/100 진행 중...
2025-01-24 14:49:38,040 - GoogleMapsCrawler - INFO - 스크롤 27/100 진행 중...
2025-01-24 14:49:39,440 - GoogleMapsCrawler - INFO - 스크롤 28/100 진행 중...
2025-01-24 14:49:40,466 - GoogleMapsCrawler - INFO - 스크롤 29/100 진행 중...
2025-01-24 14:49:41,511 - GoogleMapsCrawler - INFO - 스크롤 30/100 진행 중...
2025-01-24 14:49:42,531 - GoogleMapsCrawler - INFO - 스크롤 31/100 진행 중...
2025-01-24 14:49:43,902 - GoogleMapsCrawler - INFO - 스크롤 32/100 진행 중...
2025-01-24 14:49:44,925 - GoogleMapsCrawler - INFO - 스크롤 33/100 진행 중...
2025-01-24 14:49:46,284 - GoogleMapsCrawler - INFO - 스크롤 34/100 진행 중...
2025-01-24 14:49:47,319 - GoogleMapsCrawler - INFO - 스크롤 35/100 진행 중...
2025-01-24 14:49:48,646 - GoogleMapsCrawler - INFO - 스크롤 36/100 진행 중...
2025-01-24 14:49:49,685 - GoogleMapsCrawler - INFO - 스크롤 37/100 진행 중...
2025-01-24 14:49:50,962 - GoogleMapsCrawler - INFO - 스크롤 38/100 진행 중...
2025-01-24 14:49:52,585 - GoogleMapsCrawler - INFO - 스크롤 39/100 진행 중...
2025-01-24 14:49:53,613 - GoogleMapsCrawler - INFO - 스크롤 40/100 진행 중...
2025-01-24 14:49:55,095 - GoogleMapsCrawler - INFO - 스크롤 41/100 진행 중...
2025-01-24 14:49:56,329 - GoogleMapsCrawler - INFO - 스크롤 42/100 진행 중...
2025-01-24 14:49:57,898 - GoogleMapsCrawler - INFO - 스크롤 43/100 진행 중...
2025-01-24 14:49:58,974 - GoogleMapsCrawler - INFO - 스크롤 44/100 진행 중...
2025-01-24 14:50:02,150 - GoogleMapsCrawler - INFO - 스크롤 45/100 진행 중...
2025-01-24 14:50:03,171 - GoogleMapsCrawler - INFO - 스크롤 46/100 진행 중...
2025-01-24 14:50:04,720 - GoogleMapsCrawler - INFO - 스크롤 47/100 진행 중...
2025-01-24 14:50:07,642 - GoogleMapsCrawler - INFO - 스크롤 48/100 진행 중...
2025-01-24 14:50:08,775 - GoogleMapsCrawler - INFO - 스크롤 49/100 진행 중...
2025-01-24 14:50:09,795 - GoogleMapsCrawler - INFO - 스크롤 50/100 진행 중...
2025-01-24 14:50:10,841 - GoogleMapsCrawler - INFO - 스크롤 51/100 진행 중...
2025-01-24 14:50:11,886 - GoogleMapsCrawler - INFO - 스크롤 52/100 진행 중...
2025-01-24 14:50:13,583 - GoogleMapsCrawler - INFO - 스크롤 53/100 진행 중...
2025-01-24 14:50:14,622 - GoogleMapsCrawler - INFO - 스크롤 54/100 진행 중...
2025-01-24 14:50:16,036 - GoogleMapsCrawler - INFO - 스크롤 55/100 진행 중...
2025-01-24 14:50:17,425 - GoogleMapsCrawler - INFO - 스크롤 56/100 진행 중...
2025-01-24 14:50:18,447 - GoogleMapsCrawler - INFO - 스크롤 57/100 진행 중...
2025-01-24 14:50:19,459 - GoogleMapsCrawler - INFO - 스크롤 58/100 진행 중...
2025-01-24 14:50:21,664 - GoogleMapsCrawler - INFO - 스크롤 59/100 진행 중...
2025-01-24 14:50:22,687 - GoogleMapsCrawler - INFO - 스크롤 60/100 진행 중...
2025-01-24 14:50:23,768 - GoogleMapsCrawler - INFO - 스크롤 61/100 진행 중...
2025-01-24 14:50:25,791 - GoogleMapsCrawler - INFO - 스크롤 62/100 진행 중...
2025-01-24 14:50:26,816 - GoogleMapsCrawler - INFO - 스크롤 63/100 진행 중...
2025-01-24 14:50:28,413 - GoogleMapsCrawler - INFO - 스크롤 64/100 진행 중...
2025-01-24 14:50:29,463 - GoogleMapsCrawler - INFO - 스크롤 65/100 진행 중...
2025-01-24 14:50:30,479 - GoogleMapsCrawler - INFO - 스크롤 66/100 진행 중...
2025-01-24 14:50:31,803 - GoogleMapsCrawler - INFO - 스크롤 67/100 진행 중...
2025-01-24 14:50:32,829 - GoogleMapsCrawler - INFO - 스크롤 68/100 진행 중...
2025-01-24 14:50:33,850 - GoogleMapsCrawler - INFO - 스크롤 69/100 진행 중...
2025-01-24 14:50:35,531 - GoogleMapsCrawler - INFO - 스크롤 70/100 진행 중...
2025-01-24 14:50:36,564 - GoogleMapsCrawler - INFO - 스크롤 71/100 진행 중...
2025-01-24 14:50:38,564 - GoogleMapsCrawler - INFO - 스크롤 72/100 진행 중...
2025-01-24 14:50:39,584 - GoogleMapsCrawler - INFO - 스크롤 73/100 진행 중...
2025-01-24 14:50:40,595 - GoogleMapsCrawler - INFO - 스크롤 74/100 진행 중...
2025-01-24 14:50:41,616 - GoogleMapsCrawler - INFO - 스크롤 75/100 진행 중...
2025-01-24 14:50:42,631 - GoogleMapsCrawler - INFO - 스크롤 76/100 진행 중...
2025-01-24 14:50:43,655 - GoogleMapsCrawler - INFO - 스크롤 77/100 진행 중...
2025-01-24 14:50:44,711 - GoogleMapsCrawler - INFO - 스크롤 78/100 진행 중...
2025-01-24 14:50:45,747 - GoogleMapsCrawler - INFO - 스크롤 79/100 진행 중...
2025-01-24 14:50:46,770 - GoogleMapsCrawler - INFO - 스크롤 80/100 진행 중...
2025-01-24 14:50:47,788 - GoogleMapsCrawler - INFO - 스크롤 81/100 진행 중...
2025-01-24 14:50:48,825 - GoogleMapsCrawler - INFO - 스크롤 82/100 진행 중...
2025-01-24 14:50:49,846 - GoogleMapsCrawler - INFO - 스크롤 83/100 진행 중...
2025-01-24 14:50:50,870 - GoogleMapsCrawler - INFO - 스크롤 84/100 진행 중...
2025-01-24 14:50:51,891 - GoogleMapsCrawler - INFO - 스크롤 85/100 진행 중...
2025-01-24 14:50:52,908 - GoogleMapsCrawler - INFO - 스크롤 86/100 진행 중...
2025-01-24 14:50:53,930 - GoogleMapsCrawler - INFO - 스크롤 87/100 진행 중...
2025-01-24 14:50:54,947 - GoogleMapsCrawler - INFO - 스크롤 88/100 진행 중...
2025-01-24 14:50:55,976 - GoogleMapsCrawler - INFO - 스크롤 89/100 진행 중...
2025-01-24 14:50:56,992 - GoogleMapsCrawler - INFO - 스크롤 90/100 진행 중...
2025-01-24 14:50:58,007 - GoogleMapsCrawler - INFO - 스크롤 91/100 진행 중...
2025-01-24 14:50:59,030 - GoogleMapsCrawler - INFO - 스크롤 92/100 진행 중...
2025-01-24 14:51:00,045 - GoogleMapsCrawler - INFO - 스크롤 93/100 진행 중...
2025-01-24 14:51:01,062 - GoogleMapsCrawler - INFO - 스크롤 94/100 진행 중...
2025-01-24 14:51:02,080 - GoogleMapsCrawler - INFO - 스크롤 95/100 진행 중...
2025-01-24 14:51:03,090 - GoogleMapsCrawler - INFO - 스크롤 96/100 진행 중...
2025-01-24 14:51:04,107 - GoogleMapsCrawler - INFO - 스크롤 97/100 진행 중...
2025-01-24 14:51:05,123 - GoogleMapsCrawler - INFO - 스크롤 98/100 진행 중...
2025-01-24 14:51:06,141 - GoogleMapsCrawler - INFO - 스크롤 99/100 진행 중...
2025-01-24 14:51:07,158 - GoogleMapsCrawler - INFO - 스크롤 100/100 진행 중...
2025-01-24 14:51:08,174 - GoogleMapsCrawler - INFO - 최상단으로 이동합니다.
2025-01-24 14:51:09,252 - GoogleMapsCrawler - INFO - '더보기' 버튼 클릭을 시작합니다.
2025-01-24 14:55:11,531 - GoogleMapsCrawler - INFO - HTML 데이터를 파싱합니다.
2025-01-24 14:55:14,029 - GoogleMapsCrawler - INFO - 총 1000개의 리뷰를 수집했습니다.
2025-01-24 14:55:18,943 - GoogleMapsCrawler - INFO - 브라우저를 종료했습니다.
2025-01-24 14:55:18,946 - GoogleMapsCrawler - INFO - Saving data to the output directory...
2025-01-24 14:55:18,978 - GoogleMapsCrawler - INFO - Data saved successfully at ../../database\reviews_google.csv.
2025-01-24 14:55:18,979 - GoogleMapsCrawler - INFO - Saving data to the output directory...
2025-01-24 14:55:18,991 - GoogleMapsCrawler - INFO - Data saved successfully at ../../database\reviews_google.csv.
