2025-01-23 21:44:15,352 - ReviewCrawler - ERROR - Browser is not started. Call start_browser() first.
2025-01-23 22:03:33,971 - ReviewCrawler - INFO - Starting the browser...
2025-01-23 22:03:37,786 - ReviewCrawler - INFO - Browser started successfully.
2025-01-23 22:03:37,787 - ReviewCrawler - INFO - Navigating to the website...
2025-01-23 22:03:40,823 - ReviewCrawler - INFO - All reviews loaded or 'More' button not found. Parsing data...
2025-01-23 22:03:40,828 - ReviewCrawler - INFO - Scraped 0 reviews.
2025-01-23 22:03:40,830 - ReviewCrawler - INFO - Saving data to the output directory...
2025-01-23 22:03:40,837 - ReviewCrawler - INFO - Data saved successfully at ./database\reviews_kakao.csv.
2025-01-23 22:03:40,838 - ReviewCrawler - INFO - Closing the browser...
2025-01-23 22:03:43,036 - ReviewCrawler - INFO - Browser closed.
2025-01-23 22:03:43,037 - ReviewCrawler - INFO - Saving data to the output directory...
2025-01-23 22:03:43,040 - ReviewCrawler - INFO - Data saved successfully at ./database\reviews_kakao.csv.
2025-01-23 22:04:14,713 - ReviewCrawler - INFO - Starting the browser...
2025-01-23 22:04:17,399 - ReviewCrawler - INFO - Browser started successfully.
2025-01-23 22:04:17,399 - ReviewCrawler - INFO - Navigating to the website...
2025-01-23 22:04:20,732 - ReviewCrawler - INFO - Clicked 'More' button: 1 times.
2025-01-23 22:04:21,827 - ReviewCrawler - INFO - Clicked 'More' button: 2 times.
2025-01-23 22:04:22,914 - ReviewCrawler - INFO - Clicked 'More' button: 3 times.
2025-01-23 22:04:24,007 - ReviewCrawler - INFO - Clicked 'More' button: 4 times.
2025-01-23 22:04:25,090 - ReviewCrawler - INFO - Clicked 'More' button: 5 times.
2025-01-23 22:04:26,194 - ReviewCrawler - INFO - Clicked 'More' button: 6 times.
2025-01-23 22:04:27,300 - ReviewCrawler - INFO - Clicked 'More' button: 7 times.
2025-01-23 22:04:28,389 - ReviewCrawler - INFO - Clicked 'More' button: 8 times.
2025-01-23 22:04:29,492 - ReviewCrawler - INFO - Clicked 'More' button: 9 times.
2025-01-23 22:04:30,591 - ReviewCrawler - INFO - Clicked 'More' button: 10 times.
2025-01-23 22:04:31,696 - ReviewCrawler - INFO - Clicked 'More' button: 11 times.
2025-01-23 22:04:32,795 - ReviewCrawler - INFO - Clicked 'More' button: 12 times.
2025-01-23 22:04:33,914 - ReviewCrawler - INFO - Clicked 'More' button: 13 times.
2025-01-23 22:04:35,020 - ReviewCrawler - INFO - Clicked 'More' button: 14 times.
2025-01-23 22:04:36,105 - ReviewCrawler - INFO - Clicked 'More' button: 15 times.
2025-01-23 22:04:37,219 - ReviewCrawler - INFO - Clicked 'More' button: 16 times.
2025-01-23 22:04:38,323 - ReviewCrawler - INFO - Clicked 'More' button: 17 times.
2025-01-23 22:04:39,434 - ReviewCrawler - INFO - Clicked 'More' button: 18 times.
2025-01-23 22:04:40,553 - ReviewCrawler - INFO - Clicked 'More' button: 19 times.
2025-01-23 22:04:41,658 - ReviewCrawler - INFO - Clicked 'More' button: 20 times.
2025-01-23 22:04:42,752 - ReviewCrawler - INFO - Clicked 'More' button: 21 times.
2025-01-23 22:04:43,855 - ReviewCrawler - INFO - Clicked 'More' button: 22 times.
2025-01-23 22:04:44,965 - ReviewCrawler - INFO - Clicked 'More' button: 23 times.
2025-01-23 22:04:46,091 - ReviewCrawler - INFO - Clicked 'More' button: 24 times.
2025-01-23 22:04:47,183 - ReviewCrawler - INFO - Clicked 'More' button: 25 times.
2025-01-23 22:04:48,271 - ReviewCrawler - INFO - Clicked 'More' button: 26 times.
2025-01-23 22:04:49,365 - ReviewCrawler - INFO - Clicked 'More' button: 27 times.
2025-01-23 22:04:50,451 - ReviewCrawler - INFO - Clicked 'More' button: 28 times.
2025-01-23 22:04:51,565 - ReviewCrawler - INFO - Clicked 'More' button: 29 times.
2025-01-23 22:04:52,688 - ReviewCrawler - INFO - Clicked 'More' button: 30 times.
2025-01-23 22:04:53,807 - ReviewCrawler - INFO - Clicked 'More' button: 31 times.
2025-01-23 22:04:54,937 - ReviewCrawler - INFO - Clicked 'More' button: 32 times.
2025-01-23 22:04:56,057 - ReviewCrawler - INFO - Clicked 'More' button: 33 times.
2025-01-23 22:04:57,166 - ReviewCrawler - INFO - Clicked 'More' button: 34 times.
2025-01-23 22:04:58,289 - ReviewCrawler - INFO - Clicked 'More' button: 35 times.
2025-01-23 22:04:59,408 - ReviewCrawler - INFO - Clicked 'More' button: 36 times.
2025-01-23 22:05:00,524 - ReviewCrawler - INFO - Clicked 'More' button: 37 times.
2025-01-23 22:05:01,653 - ReviewCrawler - INFO - Clicked 'More' button: 38 times.
2025-01-23 22:05:02,764 - ReviewCrawler - INFO - Clicked 'More' button: 39 times.
2025-01-23 22:05:03,873 - ReviewCrawler - INFO - Clicked 'More' button: 40 times.
2025-01-23 22:05:05,007 - ReviewCrawler - INFO - Clicked 'More' button: 41 times.
2025-01-23 22:05:06,132 - ReviewCrawler - INFO - Clicked 'More' button: 42 times.
2025-01-23 22:05:07,253 - ReviewCrawler - INFO - Clicked 'More' button: 43 times.
2025-01-23 22:05:08,375 - ReviewCrawler - INFO - Clicked 'More' button: 44 times.
2025-01-23 22:05:09,511 - ReviewCrawler - INFO - Clicked 'More' button: 45 times.
2025-01-23 22:05:10,659 - ReviewCrawler - INFO - Clicked 'More' button: 46 times.
2025-01-23 22:05:11,804 - ReviewCrawler - INFO - Clicked 'More' button: 47 times.
2025-01-23 22:05:12,909 - ReviewCrawler - INFO - Clicked 'More' button: 48 times.
2025-01-23 22:05:14,056 - ReviewCrawler - INFO - Clicked 'More' button: 49 times.
2025-01-23 22:05:15,166 - ReviewCrawler - INFO - Clicked 'More' button: 50 times.
2025-01-23 22:05:16,278 - ReviewCrawler - INFO - Clicked 'More' button: 51 times.
2025-01-23 22:05:17,388 - ReviewCrawler - INFO - Clicked 'More' button: 52 times.
2025-01-23 22:05:18,511 - ReviewCrawler - INFO - Clicked 'More' button: 53 times.
2025-01-23 22:05:19,635 - ReviewCrawler - INFO - Clicked 'More' button: 54 times.
2025-01-23 22:05:20,757 - ReviewCrawler - INFO - Clicked 'More' button: 55 times.
2025-01-23 22:05:21,864 - ReviewCrawler - INFO - Clicked 'More' button: 56 times.
2025-01-23 22:05:22,989 - ReviewCrawler - INFO - Clicked 'More' button: 57 times.
2025-01-23 22:05:24,108 - ReviewCrawler - INFO - Clicked 'More' button: 58 times.
2025-01-23 22:05:25,235 - ReviewCrawler - INFO - Clicked 'More' button: 59 times.
2025-01-23 22:05:26,354 - ReviewCrawler - INFO - Clicked 'More' button: 60 times.
2025-01-23 22:05:27,465 - ReviewCrawler - INFO - Clicked 'More' button: 61 times.
2025-01-23 22:05:28,587 - ReviewCrawler - INFO - Clicked 'More' button: 62 times.
2025-01-23 22:05:29,692 - ReviewCrawler - INFO - Clicked 'More' button: 63 times.
2025-01-23 22:05:30,811 - ReviewCrawler - INFO - Clicked 'More' button: 64 times.
2025-01-23 22:05:31,935 - ReviewCrawler - INFO - Clicked 'More' button: 65 times.
2025-01-23 22:05:33,035 - ReviewCrawler - INFO - Clicked 'More' button: 66 times.
2025-01-23 22:05:34,172 - ReviewCrawler - INFO - Clicked 'More' button: 67 times.
2025-01-23 22:05:35,292 - ReviewCrawler - INFO - Clicked 'More' button: 68 times.
2025-01-23 22:05:36,411 - ReviewCrawler - INFO - Clicked 'More' button: 69 times.
2025-01-23 22:05:37,536 - ReviewCrawler - INFO - Clicked 'More' button: 70 times.
2025-01-23 22:05:38,666 - ReviewCrawler - INFO - Clicked 'More' button: 71 times.
2025-01-23 22:05:39,804 - ReviewCrawler - INFO - Clicked 'More' button: 72 times.
2025-01-23 22:05:40,914 - ReviewCrawler - INFO - Clicked 'More' button: 73 times.
2025-01-23 22:05:42,022 - ReviewCrawler - INFO - Clicked 'More' button: 74 times.
2025-01-23 22:05:43,138 - ReviewCrawler - INFO - Clicked 'More' button: 75 times.
2025-01-23 22:05:44,265 - ReviewCrawler - INFO - Clicked 'More' button: 76 times.
2025-01-23 22:05:45,375 - ReviewCrawler - INFO - Clicked 'More' button: 77 times.
2025-01-23 22:05:46,492 - ReviewCrawler - INFO - Clicked 'More' button: 78 times.
2025-01-23 22:05:47,591 - ReviewCrawler - INFO - Clicked 'More' button: 79 times.
2025-01-23 22:05:48,676 - ReviewCrawler - INFO - Clicked 'More' button: 80 times.
2025-01-23 22:05:49,811 - ReviewCrawler - INFO - Clicked 'More' button: 81 times.
2025-01-23 22:05:50,928 - ReviewCrawler - INFO - Clicked 'More' button: 82 times.
2025-01-23 22:05:52,031 - ReviewCrawler - INFO - Clicked 'More' button: 83 times.
2025-01-23 22:05:53,360 - ReviewCrawler - INFO - Clicked 'More' button: 84 times.
2025-01-23 22:05:54,578 - ReviewCrawler - INFO - Clicked 'More' button: 85 times.
2025-01-23 22:05:55,728 - ReviewCrawler - INFO - Clicked 'More' button: 86 times.
2025-01-23 22:05:56,957 - ReviewCrawler - INFO - Clicked 'More' button: 87 times.
2025-01-23 22:05:58,114 - ReviewCrawler - INFO - Clicked 'More' button: 88 times.
2025-01-23 22:05:59,250 - ReviewCrawler - INFO - Clicked 'More' button: 89 times.
2025-01-23 22:06:00,390 - ReviewCrawler - INFO - Clicked 'More' button: 90 times.
2025-01-23 22:06:01,547 - ReviewCrawler - INFO - Clicked 'More' button: 91 times.
2025-01-23 22:06:02,710 - ReviewCrawler - INFO - Clicked 'More' button: 92 times.
2025-01-23 22:06:03,871 - ReviewCrawler - INFO - Clicked 'More' button: 93 times.
2025-01-23 22:06:05,049 - ReviewCrawler - INFO - Clicked 'More' button: 94 times.
2025-01-23 22:06:06,225 - ReviewCrawler - INFO - Clicked 'More' button: 95 times.
2025-01-23 22:06:07,389 - ReviewCrawler - INFO - Clicked 'More' button: 96 times.
2025-01-23 22:06:08,547 - ReviewCrawler - INFO - Clicked 'More' button: 97 times.
2025-01-23 22:06:09,706 - ReviewCrawler - INFO - Clicked 'More' button: 98 times.
2025-01-23 22:06:10,875 - ReviewCrawler - INFO - Clicked 'More' button: 99 times.
2025-01-23 22:06:12,023 - ReviewCrawler - INFO - Clicked 'More' button: 100 times.
2025-01-23 22:06:13,200 - ReviewCrawler - INFO - Clicked 'More' button: 101 times.
2025-01-23 22:06:14,358 - ReviewCrawler - INFO - Clicked 'More' button: 102 times.
2025-01-23 22:06:15,531 - ReviewCrawler - INFO - Clicked 'More' button: 103 times.
2025-01-23 22:06:16,708 - ReviewCrawler - INFO - Clicked 'More' button: 104 times.
2025-01-23 22:06:17,886 - ReviewCrawler - INFO - Clicked 'More' button: 105 times.
2025-01-23 22:06:19,082 - ReviewCrawler - INFO - Clicked 'More' button: 106 times.
2025-01-23 22:06:20,251 - ReviewCrawler - INFO - Clicked 'More' button: 107 times.
2025-01-23 22:06:21,436 - ReviewCrawler - INFO - Clicked 'More' button: 108 times.
2025-01-23 22:06:22,605 - ReviewCrawler - INFO - Clicked 'More' button: 109 times.
2025-01-23 22:06:23,771 - ReviewCrawler - INFO - Clicked 'More' button: 110 times.
2025-01-23 22:06:24,954 - ReviewCrawler - INFO - Clicked 'More' button: 111 times.
2025-01-23 22:06:26,133 - ReviewCrawler - INFO - Clicked 'More' button: 112 times.
2025-01-23 22:06:27,302 - ReviewCrawler - INFO - Clicked 'More' button: 113 times.
2025-01-23 22:06:28,500 - ReviewCrawler - INFO - Clicked 'More' button: 114 times.
2025-01-23 22:06:29,678 - ReviewCrawler - INFO - Clicked 'More' button: 115 times.
2025-01-23 22:06:30,849 - ReviewCrawler - INFO - Clicked 'More' button: 116 times.
2025-01-23 22:06:32,031 - ReviewCrawler - INFO - Clicked 'More' button: 117 times.
2025-01-23 22:06:33,206 - ReviewCrawler - INFO - Clicked 'More' button: 118 times.
2025-01-23 22:06:34,411 - ReviewCrawler - INFO - Clicked 'More' button: 119 times.
2025-01-23 22:06:35,607 - ReviewCrawler - INFO - Clicked 'More' button: 120 times.
2025-01-23 22:06:36,789 - ReviewCrawler - INFO - Clicked 'More' button: 121 times.
2025-01-23 22:06:37,960 - ReviewCrawler - INFO - Clicked 'More' button: 122 times.
2025-01-23 22:06:39,154 - ReviewCrawler - INFO - Clicked 'More' button: 123 times.
2025-01-23 22:06:40,334 - ReviewCrawler - INFO - Clicked 'More' button: 124 times.
2025-01-23 22:06:41,509 - ReviewCrawler - INFO - Clicked 'More' button: 125 times.
2025-01-23 22:06:42,705 - ReviewCrawler - INFO - Clicked 'More' button: 126 times.
2025-01-23 22:06:43,883 - ReviewCrawler - INFO - Clicked 'More' button: 127 times.
2025-01-23 22:06:45,067 - ReviewCrawler - INFO - Clicked 'More' button: 128 times.
2025-01-23 22:06:46,230 - ReviewCrawler - INFO - Clicked 'More' button: 129 times.
2025-01-23 22:06:47,421 - ReviewCrawler - INFO - Clicked 'More' button: 130 times.
2025-01-23 22:06:48,598 - ReviewCrawler - INFO - Clicked 'More' button: 131 times.
2025-01-23 22:06:49,768 - ReviewCrawler - INFO - Clicked 'More' button: 132 times.
2025-01-23 22:06:50,980 - ReviewCrawler - INFO - Clicked 'More' button: 133 times.
2025-01-23 22:06:52,169 - ReviewCrawler - INFO - Clicked 'More' button: 134 times.
2025-01-23 22:06:53,387 - ReviewCrawler - INFO - Clicked 'More' button: 135 times.
2025-01-23 22:06:54,581 - ReviewCrawler - INFO - Clicked 'More' button: 136 times.
2025-01-23 22:06:55,776 - ReviewCrawler - INFO - Clicked 'More' button: 137 times.
2025-01-23 22:06:56,971 - ReviewCrawler - INFO - Clicked 'More' button: 138 times.
2025-01-23 22:06:58,167 - ReviewCrawler - INFO - Clicked 'More' button: 139 times.
2025-01-23 22:06:59,366 - ReviewCrawler - INFO - Clicked 'More' button: 140 times.
2025-01-23 22:07:00,570 - ReviewCrawler - INFO - Clicked 'More' button: 141 times.
2025-01-23 22:07:01,749 - ReviewCrawler - INFO - Clicked 'More' button: 142 times.
2025-01-23 22:07:02,961 - ReviewCrawler - INFO - Clicked 'More' button: 143 times.
2025-01-23 22:07:04,180 - ReviewCrawler - INFO - Clicked 'More' button: 144 times.
2025-01-23 22:07:05,382 - ReviewCrawler - INFO - Clicked 'More' button: 145 times.
2025-01-23 22:07:06,582 - ReviewCrawler - INFO - Clicked 'More' button: 146 times.
2025-01-23 22:07:07,793 - ReviewCrawler - INFO - Clicked 'More' button: 147 times.
2025-01-23 22:07:08,964 - ReviewCrawler - INFO - Clicked 'More' button: 148 times.
2025-01-23 22:07:10,136 - ReviewCrawler - INFO - Clicked 'More' button: 149 times.
2025-01-23 22:07:11,370 - ReviewCrawler - INFO - Clicked 'More' button: 150 times.
2025-01-23 22:07:12,596 - ReviewCrawler - INFO - Clicked 'More' button: 151 times.
2025-01-23 22:07:13,789 - ReviewCrawler - INFO - Clicked 'More' button: 152 times.
2025-01-23 22:07:14,978 - ReviewCrawler - INFO - Clicked 'More' button: 153 times.
2025-01-23 22:07:16,208 - ReviewCrawler - INFO - Clicked 'More' button: 154 times.
2025-01-23 22:07:17,395 - ReviewCrawler - INFO - Clicked 'More' button: 155 times.
2025-01-23 22:07:18,590 - ReviewCrawler - INFO - Clicked 'More' button: 156 times.
2025-01-23 22:07:19,788 - ReviewCrawler - INFO - Clicked 'More' button: 157 times.
2025-01-23 22:07:20,989 - ReviewCrawler - INFO - Clicked 'More' button: 158 times.
2025-01-23 22:07:22,197 - ReviewCrawler - INFO - Clicked 'More' button: 159 times.
2025-01-23 22:07:23,413 - ReviewCrawler - INFO - Clicked 'More' button: 160 times.
2025-01-23 22:07:24,619 - ReviewCrawler - INFO - Clicked 'More' button: 161 times.
2025-01-23 22:07:25,829 - ReviewCrawler - INFO - Clicked 'More' button: 162 times.
2025-01-23 22:07:27,001 - ReviewCrawler - INFO - Clicked 'More' button: 163 times.
2025-01-23 22:07:28,243 - ReviewCrawler - INFO - Clicked 'More' button: 164 times.
2025-01-23 22:07:29,464 - ReviewCrawler - INFO - Clicked 'More' button: 165 times.
2025-01-23 22:07:30,680 - ReviewCrawler - INFO - Clicked 'More' button: 166 times.
2025-01-23 22:07:31,906 - ReviewCrawler - INFO - Clicked 'More' button: 167 times.
2025-01-23 22:07:33,161 - ReviewCrawler - INFO - Clicked 'More' button: 168 times.
2025-01-23 22:07:34,360 - ReviewCrawler - INFO - Clicked 'More' button: 169 times.
2025-01-23 22:07:35,578 - ReviewCrawler - INFO - Clicked 'More' button: 170 times.
2025-01-23 22:07:36,792 - ReviewCrawler - INFO - Clicked 'More' button: 171 times.
2025-01-23 22:07:38,050 - ReviewCrawler - INFO - Clicked 'More' button: 172 times.
2025-01-23 22:07:39,260 - ReviewCrawler - INFO - Clicked 'More' button: 173 times.
2025-01-23 22:07:40,445 - ReviewCrawler - INFO - Clicked 'More' button: 174 times.
2025-01-23 22:07:41,650 - ReviewCrawler - INFO - Clicked 'More' button: 175 times.
2025-01-23 22:07:42,919 - ReviewCrawler - INFO - Clicked 'More' button: 176 times.
2025-01-23 22:07:44,149 - ReviewCrawler - INFO - Clicked 'More' button: 177 times.
2025-01-23 22:07:45,380 - ReviewCrawler - INFO - Clicked 'More' button: 178 times.
2025-01-23 22:07:46,603 - ReviewCrawler - INFO - Clicked 'More' button: 179 times.
2025-01-23 22:07:47,848 - ReviewCrawler - INFO - Clicked 'More' button: 180 times.
2025-01-23 22:07:49,072 - ReviewCrawler - INFO - Clicked 'More' button: 181 times.
2025-01-23 22:07:50,292 - ReviewCrawler - INFO - Clicked 'More' button: 182 times.
2025-01-23 22:07:51,506 - ReviewCrawler - INFO - Clicked 'More' button: 183 times.
2025-01-23 22:07:52,730 - ReviewCrawler - INFO - Clicked 'More' button: 184 times.
2025-01-23 22:07:53,965 - ReviewCrawler - INFO - Clicked 'More' button: 185 times.
2025-01-23 22:07:55,169 - ReviewCrawler - INFO - Clicked 'More' button: 186 times.
2025-01-23 22:07:56,377 - ReviewCrawler - INFO - Clicked 'More' button: 187 times.
2025-01-23 22:07:57,595 - ReviewCrawler - INFO - Clicked 'More' button: 188 times.
2025-01-23 22:07:58,858 - ReviewCrawler - INFO - Clicked 'More' button: 189 times.
2025-01-23 22:08:00,094 - ReviewCrawler - INFO - Clicked 'More' button: 190 times.
2025-01-23 22:08:01,333 - ReviewCrawler - INFO - Clicked 'More' button: 191 times.
2025-01-23 22:08:02,563 - ReviewCrawler - INFO - Clicked 'More' button: 192 times.
2025-01-23 22:08:03,834 - ReviewCrawler - INFO - Clicked 'More' button: 193 times.
2025-01-23 22:08:05,068 - ReviewCrawler - INFO - Clicked 'More' button: 194 times.
2025-01-23 22:08:06,279 - ReviewCrawler - INFO - Clicked 'More' button: 195 times.
2025-01-23 22:08:07,528 - ReviewCrawler - INFO - Clicked 'More' button: 196 times.
2025-01-23 22:08:08,767 - ReviewCrawler - INFO - Clicked 'More' button: 197 times.
2025-01-23 22:08:09,987 - ReviewCrawler - INFO - Clicked 'More' button: 198 times.
2025-01-23 22:08:11,233 - ReviewCrawler - INFO - Clicked 'More' button: 199 times.
2025-01-23 22:08:12,478 - ReviewCrawler - INFO - Clicked 'More' button: 200 times.
2025-01-23 22:08:13,718 - ReviewCrawler - INFO - Clicked 'More' button: 201 times.
2025-01-23 22:08:14,948 - ReviewCrawler - INFO - Clicked 'More' button: 202 times.
2025-01-23 22:08:16,172 - ReviewCrawler - INFO - Clicked 'More' button: 203 times.
2025-01-23 22:08:17,400 - ReviewCrawler - INFO - Clicked 'More' button: 204 times.
2025-01-23 22:08:18,659 - ReviewCrawler - INFO - Clicked 'More' button: 205 times.
2025-01-23 22:08:19,926 - ReviewCrawler - INFO - Clicked 'More' button: 206 times.
2025-01-23 22:08:21,228 - ReviewCrawler - INFO - Clicked 'More' button: 207 times.
2025-01-23 22:08:22,477 - ReviewCrawler - INFO - Clicked 'More' button: 208 times.
2025-01-23 22:08:23,712 - ReviewCrawler - INFO - Clicked 'More' button: 209 times.
2025-01-23 22:08:24,963 - ReviewCrawler - INFO - Clicked 'More' button: 210 times.
2025-01-23 22:08:26,221 - ReviewCrawler - INFO - Clicked 'More' button: 211 times.
2025-01-23 22:08:27,449 - ReviewCrawler - INFO - Clicked 'More' button: 212 times.
2025-01-23 22:08:28,695 - ReviewCrawler - INFO - Clicked 'More' button: 213 times.
2025-01-23 22:08:29,976 - ReviewCrawler - INFO - Clicked 'More' button: 214 times.
2025-01-23 22:08:31,231 - ReviewCrawler - INFO - Clicked 'More' button: 215 times.
2025-01-23 22:08:32,473 - ReviewCrawler - INFO - Clicked 'More' button: 216 times.
2025-01-23 22:08:33,727 - ReviewCrawler - INFO - Clicked 'More' button: 217 times.
2025-01-23 22:08:34,971 - ReviewCrawler - INFO - Clicked 'More' button: 218 times.
2025-01-23 22:08:36,209 - ReviewCrawler - INFO - Clicked 'More' button: 219 times.
2025-01-23 22:08:37,468 - ReviewCrawler - INFO - Clicked 'More' button: 220 times.
2025-01-23 22:08:38,687 - ReviewCrawler - INFO - Clicked 'More' button: 221 times.
2025-01-23 22:08:39,872 - ReviewCrawler - INFO - Clicked 'More' button: 222 times.
2025-01-23 22:08:41,158 - ReviewCrawler - INFO - Clicked 'More' button: 223 times.
2025-01-23 22:08:42,430 - ReviewCrawler - INFO - Clicked 'More' button: 224 times.
2025-01-23 22:08:43,700 - ReviewCrawler - INFO - Clicked 'More' button: 225 times.
2025-01-23 22:08:44,957 - ReviewCrawler - INFO - Clicked 'More' button: 226 times.
2025-01-23 22:08:46,213 - ReviewCrawler - INFO - Clicked 'More' button: 227 times.
2025-01-23 22:08:47,474 - ReviewCrawler - INFO - Clicked 'More' button: 228 times.
2025-01-23 22:08:48,733 - ReviewCrawler - INFO - Clicked 'More' button: 229 times.
2025-01-23 22:08:50,010 - ReviewCrawler - INFO - Clicked 'More' button: 230 times.
2025-01-23 22:08:51,273 - ReviewCrawler - INFO - Clicked 'More' button: 231 times.
2025-01-23 22:08:52,586 - ReviewCrawler - INFO - Clicked 'More' button: 232 times.
2025-01-23 22:08:53,838 - ReviewCrawler - INFO - Clicked 'More' button: 233 times.
2025-01-23 22:08:55,137 - ReviewCrawler - INFO - Clicked 'More' button: 234 times.
2025-01-23 22:08:56,434 - ReviewCrawler - INFO - Clicked 'More' button: 235 times.
2025-01-23 22:08:57,697 - ReviewCrawler - INFO - Clicked 'More' button: 236 times.
2025-01-23 22:08:58,974 - ReviewCrawler - INFO - Clicked 'More' button: 237 times.
2025-01-23 22:09:00,221 - ReviewCrawler - INFO - Clicked 'More' button: 238 times.
2025-01-23 22:09:01,524 - ReviewCrawler - INFO - Clicked 'More' button: 239 times.
2025-01-23 22:09:02,811 - ReviewCrawler - INFO - Clicked 'More' button: 240 times.
2025-01-23 22:09:04,126 - ReviewCrawler - INFO - Clicked 'More' button: 241 times.
2025-01-23 22:09:05,369 - ReviewCrawler - INFO - Clicked 'More' button: 242 times.
2025-01-23 22:09:06,626 - ReviewCrawler - INFO - Clicked 'More' button: 243 times.
2025-01-23 22:09:07,876 - ReviewCrawler - INFO - Clicked 'More' button: 244 times.
2025-01-23 22:09:09,164 - ReviewCrawler - INFO - Clicked 'More' button: 245 times.
2025-01-23 22:09:10,412 - ReviewCrawler - INFO - Clicked 'More' button: 246 times.
2025-01-23 22:09:11,680 - ReviewCrawler - INFO - Clicked 'More' button: 247 times.
2025-01-23 22:09:12,969 - ReviewCrawler - INFO - Clicked 'More' button: 248 times.
2025-01-23 22:09:14,258 - ReviewCrawler - INFO - Clicked 'More' button: 249 times.
2025-01-23 22:09:15,567 - ReviewCrawler - INFO - Clicked 'More' button: 250 times.
2025-01-23 22:09:16,828 - ReviewCrawler - INFO - Clicked 'More' button: 251 times.
2025-01-23 22:09:18,088 - ReviewCrawler - INFO - Clicked 'More' button: 252 times.
2025-01-23 22:09:19,356 - ReviewCrawler - INFO - Clicked 'More' button: 253 times.
2025-01-23 22:09:20,641 - ReviewCrawler - INFO - Clicked 'More' button: 254 times.
2025-01-23 22:09:21,869 - ReviewCrawler - INFO - Clicked 'More' button: 255 times.
2025-01-23 22:09:23,150 - ReviewCrawler - INFO - Clicked 'More' button: 256 times.
2025-01-23 22:09:24,411 - ReviewCrawler - INFO - Clicked 'More' button: 257 times.
2025-01-23 22:09:25,657 - ReviewCrawler - INFO - Clicked 'More' button: 258 times.
2025-01-23 22:09:26,972 - ReviewCrawler - INFO - Clicked 'More' button: 259 times.
2025-01-23 22:09:28,230 - ReviewCrawler - INFO - Clicked 'More' button: 260 times.
2025-01-23 22:09:29,520 - ReviewCrawler - INFO - Clicked 'More' button: 261 times.
2025-01-23 22:09:30,798 - ReviewCrawler - INFO - Clicked 'More' button: 262 times.
2025-01-23 22:09:32,063 - ReviewCrawler - INFO - Clicked 'More' button: 263 times.
2025-01-23 22:09:33,341 - ReviewCrawler - INFO - Clicked 'More' button: 264 times.
2025-01-23 22:09:34,617 - ReviewCrawler - INFO - Clicked 'More' button: 265 times.
2025-01-23 22:09:35,916 - ReviewCrawler - INFO - Clicked 'More' button: 266 times.
2025-01-23 22:09:37,177 - ReviewCrawler - INFO - Clicked 'More' button: 267 times.
2025-01-23 22:09:38,472 - ReviewCrawler - INFO - Clicked 'More' button: 268 times.
2025-01-23 22:09:39,738 - ReviewCrawler - INFO - Clicked 'More' button: 269 times.
2025-01-23 22:09:41,000 - ReviewCrawler - INFO - Clicked 'More' button: 270 times.
2025-01-23 22:09:42,193 - ReviewCrawler - INFO - Clicked 'More' button: 271 times.
2025-01-23 22:09:43,423 - ReviewCrawler - INFO - Clicked 'More' button: 272 times.
2025-01-23 22:09:44,702 - ReviewCrawler - INFO - Clicked 'More' button: 273 times.
2025-01-23 22:09:45,974 - ReviewCrawler - INFO - Clicked 'More' button: 274 times.
2025-01-23 22:09:47,246 - ReviewCrawler - INFO - Clicked 'More' button: 275 times.
2025-01-23 22:09:48,534 - ReviewCrawler - INFO - Clicked 'More' button: 276 times.
2025-01-23 22:09:49,872 - ReviewCrawler - INFO - Clicked 'More' button: 277 times.
2025-01-23 22:09:51,182 - ReviewCrawler - INFO - Clicked 'More' button: 278 times.
2025-01-23 22:09:52,459 - ReviewCrawler - INFO - Clicked 'More' button: 279 times.
2025-01-23 22:09:53,759 - ReviewCrawler - INFO - Clicked 'More' button: 280 times.
2025-01-23 22:09:55,031 - ReviewCrawler - INFO - Clicked 'More' button: 281 times.
2025-01-23 22:09:56,310 - ReviewCrawler - INFO - Clicked 'More' button: 282 times.
2025-01-23 22:09:57,617 - ReviewCrawler - INFO - Clicked 'More' button: 283 times.
2025-01-23 22:09:58,913 - ReviewCrawler - INFO - Clicked 'More' button: 284 times.
2025-01-23 22:10:00,214 - ReviewCrawler - INFO - Clicked 'More' button: 285 times.
2025-01-23 22:10:01,563 - ReviewCrawler - INFO - Clicked 'More' button: 286 times.
2025-01-23 22:10:02,853 - ReviewCrawler - INFO - Clicked 'More' button: 287 times.
2025-01-23 22:10:04,159 - ReviewCrawler - INFO - Clicked 'More' button: 288 times.
2025-01-23 22:10:05,444 - ReviewCrawler - INFO - Clicked 'More' button: 289 times.
2025-01-23 22:10:06,724 - ReviewCrawler - INFO - Clicked 'More' button: 290 times.
2025-01-23 22:10:08,023 - ReviewCrawler - INFO - Clicked 'More' button: 291 times.
2025-01-23 22:10:09,320 - ReviewCrawler - INFO - Clicked 'More' button: 292 times.
2025-01-23 22:10:10,606 - ReviewCrawler - INFO - Clicked 'More' button: 293 times.
2025-01-23 22:10:11,883 - ReviewCrawler - INFO - Clicked 'More' button: 294 times.
2025-01-23 22:10:13,249 - ReviewCrawler - INFO - Clicked 'More' button: 295 times.
2025-01-23 22:10:14,551 - ReviewCrawler - INFO - Clicked 'More' button: 296 times.
2025-01-23 22:10:15,834 - ReviewCrawler - INFO - Clicked 'More' button: 297 times.
2025-01-23 22:10:17,127 - ReviewCrawler - INFO - Clicked 'More' button: 298 times.
2025-01-23 22:10:18,415 - ReviewCrawler - INFO - Clicked 'More' button: 299 times.
2025-01-23 22:10:19,723 - ReviewCrawler - INFO - Clicked 'More' button: 300 times.
2025-01-23 22:10:21,028 - ReviewCrawler - INFO - Clicked 'More' button: 301 times.
2025-01-23 22:10:22,342 - ReviewCrawler - INFO - Clicked 'More' button: 302 times.
2025-01-23 22:10:23,660 - ReviewCrawler - INFO - Clicked 'More' button: 303 times.
2025-01-23 22:10:25,077 - ReviewCrawler - INFO - Clicked 'More' button: 304 times.
2025-01-23 22:10:26,388 - ReviewCrawler - INFO - Clicked 'More' button: 305 times.
2025-01-23 22:10:27,664 - ReviewCrawler - INFO - Clicked 'More' button: 306 times.
2025-01-23 22:10:28,978 - ReviewCrawler - INFO - Clicked 'More' button: 307 times.
2025-01-23 22:10:30,299 - ReviewCrawler - INFO - Clicked 'More' button: 308 times.
2025-01-23 22:10:31,638 - ReviewCrawler - INFO - Clicked 'More' button: 309 times.
2025-01-23 22:10:32,960 - ReviewCrawler - INFO - Clicked 'More' button: 310 times.
2025-01-23 22:10:34,297 - ReviewCrawler - INFO - Clicked 'More' button: 311 times.
2025-01-23 22:10:35,618 - ReviewCrawler - INFO - Clicked 'More' button: 312 times.
2025-01-23 22:10:36,937 - ReviewCrawler - INFO - Clicked 'More' button: 313 times.
2025-01-23 22:10:38,252 - ReviewCrawler - INFO - Clicked 'More' button: 314 times.
2025-01-23 22:10:39,520 - ReviewCrawler - INFO - Clicked 'More' button: 315 times.
2025-01-23 22:10:40,757 - ReviewCrawler - INFO - Clicked 'More' button: 316 times.
2025-01-23 22:10:42,024 - ReviewCrawler - INFO - Clicked 'More' button: 317 times.
2025-01-23 22:10:43,344 - ReviewCrawler - INFO - Clicked 'More' button: 318 times.
2025-01-23 22:10:44,636 - ReviewCrawler - INFO - Clicked 'More' button: 319 times.
2025-01-23 22:10:45,981 - ReviewCrawler - INFO - Clicked 'More' button: 320 times.
2025-01-23 22:10:47,223 - ReviewCrawler - INFO - Clicked 'More' button: 321 times.
2025-01-23 22:10:48,486 - ReviewCrawler - INFO - Clicked 'More' button: 322 times.
2025-01-23 22:10:49,837 - ReviewCrawler - INFO - Clicked 'More' button: 323 times.
2025-01-23 22:10:51,100 - ReviewCrawler - INFO - Clicked 'More' button: 324 times.
2025-01-23 22:10:52,377 - ReviewCrawler - INFO - Clicked 'More' button: 325 times.
2025-01-23 22:10:53,686 - ReviewCrawler - INFO - Clicked 'More' button: 326 times.
2025-01-23 22:10:54,969 - ReviewCrawler - INFO - Clicked 'More' button: 327 times.
2025-01-23 22:10:56,285 - ReviewCrawler - INFO - Clicked 'More' button: 328 times.
2025-01-23 22:10:57,598 - ReviewCrawler - INFO - Clicked 'More' button: 329 times.
2025-01-23 22:10:58,908 - ReviewCrawler - INFO - Clicked 'More' button: 330 times.
2025-01-23 22:11:00,160 - ReviewCrawler - INFO - Clicked 'More' button: 331 times.
2025-01-23 22:11:01,463 - ReviewCrawler - INFO - Clicked 'More' button: 332 times.
2025-01-23 22:11:02,804 - ReviewCrawler - INFO - Clicked 'More' button: 333 times.
2025-01-23 22:11:04,087 - ReviewCrawler - INFO - Clicked 'More' button: 334 times.
2025-01-23 22:11:05,393 - ReviewCrawler - INFO - Clicked 'More' button: 335 times.
2025-01-23 22:11:06,698 - ReviewCrawler - INFO - Clicked 'More' button: 336 times.
2025-01-23 22:11:08,016 - ReviewCrawler - INFO - Clicked 'More' button: 337 times.
2025-01-23 22:11:09,358 - ReviewCrawler - INFO - Clicked 'More' button: 338 times.
2025-01-23 22:11:10,641 - ReviewCrawler - INFO - Clicked 'More' button: 339 times.
2025-01-23 22:11:11,968 - ReviewCrawler - INFO - Clicked 'More' button: 340 times.
2025-01-23 22:11:13,198 - ReviewCrawler - INFO - Clicked 'More' button: 341 times.
2025-01-23 22:11:14,496 - ReviewCrawler - INFO - Clicked 'More' button: 342 times.
2025-01-23 22:11:15,870 - ReviewCrawler - INFO - Clicked 'More' button: 343 times.
2025-01-23 22:11:17,142 - ReviewCrawler - INFO - Clicked 'More' button: 344 times.
2025-01-23 22:11:18,474 - ReviewCrawler - INFO - Clicked 'More' button: 345 times.
2025-01-23 22:11:19,798 - ReviewCrawler - INFO - Clicked 'More' button: 346 times.
2025-01-23 22:11:21,108 - ReviewCrawler - INFO - Clicked 'More' button: 347 times.
2025-01-23 22:11:22,462 - ReviewCrawler - INFO - Clicked 'More' button: 348 times.
2025-01-23 22:11:23,758 - ReviewCrawler - INFO - Clicked 'More' button: 349 times.
2025-01-23 22:11:25,081 - ReviewCrawler - INFO - Clicked 'More' button: 350 times.
2025-01-23 22:11:26,386 - ReviewCrawler - INFO - Clicked 'More' button: 351 times.
2025-01-23 22:11:27,738 - ReviewCrawler - INFO - Clicked 'More' button: 352 times.
2025-01-23 22:11:29,126 - ReviewCrawler - INFO - Clicked 'More' button: 353 times.
2025-01-23 22:11:30,456 - ReviewCrawler - INFO - Clicked 'More' button: 354 times.
2025-01-23 22:11:31,768 - ReviewCrawler - INFO - Clicked 'More' button: 355 times.
2025-01-23 22:11:33,116 - ReviewCrawler - INFO - Clicked 'More' button: 356 times.
2025-01-23 22:11:34,420 - ReviewCrawler - INFO - Clicked 'More' button: 357 times.
2025-01-23 22:11:35,787 - ReviewCrawler - INFO - Clicked 'More' button: 358 times.
2025-01-23 22:11:37,094 - ReviewCrawler - INFO - Clicked 'More' button: 359 times.
2025-01-23 22:11:38,424 - ReviewCrawler - INFO - Clicked 'More' button: 360 times.
2025-01-23 22:11:39,767 - ReviewCrawler - INFO - Clicked 'More' button: 361 times.
2025-01-23 22:11:41,093 - ReviewCrawler - INFO - Clicked 'More' button: 362 times.
2025-01-23 22:11:42,473 - ReviewCrawler - INFO - Clicked 'More' button: 363 times.
2025-01-23 22:11:43,783 - ReviewCrawler - INFO - Clicked 'More' button: 364 times.
2025-01-23 22:11:45,111 - ReviewCrawler - INFO - Clicked 'More' button: 365 times.
2025-01-23 22:11:46,462 - ReviewCrawler - INFO - Clicked 'More' button: 366 times.
2025-01-23 22:11:47,821 - ReviewCrawler - INFO - Clicked 'More' button: 367 times.
2025-01-23 22:11:49,146 - ReviewCrawler - INFO - Clicked 'More' button: 368 times.
2025-01-23 22:11:50,454 - ReviewCrawler - INFO - Clicked 'More' button: 369 times.
2025-01-23 22:11:51,797 - ReviewCrawler - INFO - Clicked 'More' button: 370 times.
2025-01-23 22:11:53,126 - ReviewCrawler - INFO - Clicked 'More' button: 371 times.
2025-01-23 22:11:54,514 - ReviewCrawler - INFO - Clicked 'More' button: 372 times.
2025-01-23 22:11:55,839 - ReviewCrawler - INFO - Clicked 'More' button: 373 times.
2025-01-23 22:11:57,173 - ReviewCrawler - INFO - Clicked 'More' button: 374 times.
2025-01-23 22:11:58,524 - ReviewCrawler - INFO - Clicked 'More' button: 375 times.
2025-01-23 22:11:59,856 - ReviewCrawler - INFO - Clicked 'More' button: 376 times.
2025-01-23 22:12:01,251 - ReviewCrawler - INFO - Clicked 'More' button: 377 times.
2025-01-23 22:12:02,566 - ReviewCrawler - INFO - Clicked 'More' button: 378 times.
2025-01-23 22:12:03,904 - ReviewCrawler - INFO - Clicked 'More' button: 379 times.
2025-01-23 22:12:05,241 - ReviewCrawler - INFO - Clicked 'More' button: 380 times.
2025-01-23 22:12:06,573 - ReviewCrawler - INFO - Clicked 'More' button: 381 times.
2025-01-23 22:12:07,984 - ReviewCrawler - INFO - Clicked 'More' button: 382 times.
2025-01-23 22:12:09,322 - ReviewCrawler - INFO - Clicked 'More' button: 383 times.
2025-01-23 22:12:10,658 - ReviewCrawler - INFO - Clicked 'More' button: 384 times.
2025-01-23 22:12:12,003 - ReviewCrawler - INFO - Clicked 'More' button: 385 times.
2025-01-23 22:12:13,328 - ReviewCrawler - INFO - Clicked 'More' button: 386 times.
2025-01-23 22:12:14,727 - ReviewCrawler - INFO - Clicked 'More' button: 387 times.
2025-01-23 22:12:16,053 - ReviewCrawler - INFO - Clicked 'More' button: 388 times.
2025-01-23 22:12:17,366 - ReviewCrawler - INFO - Clicked 'More' button: 389 times.
2025-01-23 22:12:18,710 - ReviewCrawler - INFO - Clicked 'More' button: 390 times.
2025-01-23 22:12:20,060 - ReviewCrawler - INFO - Clicked 'More' button: 391 times.
2025-01-23 22:12:21,433 - ReviewCrawler - INFO - Clicked 'More' button: 392 times.
2025-01-23 22:12:22,735 - ReviewCrawler - INFO - Clicked 'More' button: 393 times.
2025-01-23 22:12:24,001 - ReviewCrawler - INFO - Clicked 'More' button: 394 times.
2025-01-23 22:12:25,283 - ReviewCrawler - INFO - Clicked 'More' button: 395 times.
2025-01-23 22:12:26,623 - ReviewCrawler - INFO - Clicked 'More' button: 396 times.
2025-01-23 22:12:28,050 - ReviewCrawler - INFO - Clicked 'More' button: 397 times.
2025-01-23 22:12:29,389 - ReviewCrawler - INFO - Clicked 'More' button: 398 times.
2025-01-23 22:12:30,712 - ReviewCrawler - INFO - Clicked 'More' button: 399 times.
2025-01-23 22:12:32,075 - ReviewCrawler - INFO - Clicked 'More' button: 400 times.
2025-01-23 22:12:33,384 - ReviewCrawler - INFO - Clicked 'More' button: 401 times.
2025-01-23 22:12:34,799 - ReviewCrawler - INFO - Clicked 'More' button: 402 times.
2025-01-23 22:12:36,154 - ReviewCrawler - INFO - Clicked 'More' button: 403 times.
2025-01-23 22:12:37,479 - ReviewCrawler - INFO - Clicked 'More' button: 404 times.
2025-01-23 22:12:38,848 - ReviewCrawler - INFO - Clicked 'More' button: 405 times.
2025-01-23 22:12:40,173 - ReviewCrawler - INFO - Clicked 'More' button: 406 times.
2025-01-23 22:12:41,554 - ReviewCrawler - INFO - Clicked 'More' button: 407 times.
2025-01-23 22:12:42,838 - ReviewCrawler - INFO - Clicked 'More' button: 408 times.
2025-01-23 22:12:44,157 - ReviewCrawler - INFO - Clicked 'More' button: 409 times.
2025-01-23 22:12:45,487 - ReviewCrawler - INFO - Clicked 'More' button: 410 times.
2025-01-23 22:12:46,839 - ReviewCrawler - INFO - Clicked 'More' button: 411 times.
2025-01-23 22:12:48,242 - ReviewCrawler - INFO - Clicked 'More' button: 412 times.
2025-01-23 22:12:49,615 - ReviewCrawler - INFO - Clicked 'More' button: 413 times.
2025-01-23 22:12:50,948 - ReviewCrawler - INFO - Clicked 'More' button: 414 times.
2025-01-23 22:12:52,334 - ReviewCrawler - INFO - Clicked 'More' button: 415 times.
2025-01-23 22:12:53,718 - ReviewCrawler - INFO - Clicked 'More' button: 416 times.
2025-01-23 22:12:55,167 - ReviewCrawler - INFO - Clicked 'More' button: 417 times.
2025-01-23 22:12:56,513 - ReviewCrawler - INFO - Clicked 'More' button: 418 times.
2025-01-23 22:12:57,871 - ReviewCrawler - INFO - Clicked 'More' button: 419 times.
2025-01-23 22:12:59,270 - ReviewCrawler - INFO - Clicked 'More' button: 420 times.
2025-01-23 22:13:00,603 - ReviewCrawler - INFO - Clicked 'More' button: 421 times.
2025-01-23 22:13:02,019 - ReviewCrawler - INFO - Clicked 'More' button: 422 times.
2025-01-23 22:13:03,390 - ReviewCrawler - INFO - Clicked 'More' button: 423 times.
2025-01-23 22:13:04,655 - ReviewCrawler - INFO - Clicked 'More' button: 424 times.
2025-01-23 22:13:05,944 - ReviewCrawler - INFO - Clicked 'More' button: 425 times.
2025-01-23 22:13:07,240 - ReviewCrawler - INFO - Clicked 'More' button: 426 times.
2025-01-23 22:13:08,651 - ReviewCrawler - INFO - Clicked 'More' button: 427 times.
2025-01-23 22:13:14,482 - ReviewCrawler - INFO - Clicked 'More' button: 428 times.
2025-01-23 22:13:16,635 - ReviewCrawler - INFO - All reviews loaded or 'More' button not found. Parsing data...
2025-01-23 22:13:21,940 - ReviewCrawler - INFO - Scraped 2135 reviews.
2025-01-23 22:13:21,956 - ReviewCrawler - INFO - Saving data to the output directory...
2025-01-23 22:13:21,968 - ReviewCrawler - INFO - Data saved successfully at ./database\reviews_kakao.csv.
2025-01-23 22:13:21,969 - ReviewCrawler - INFO - Closing the browser...
2025-01-23 22:13:24,919 - ReviewCrawler - INFO - Browser closed.
2025-01-23 22:13:24,920 - ReviewCrawler - INFO - Saving data to the output directory...
2025-01-23 22:13:24,928 - ReviewCrawler - INFO - Data saved successfully at ./database\reviews_kakao.csv.
